[2025-10-05T20:08:57.308Z] [32minfo[39m: Round #200 started at 10/6/2025, 2:08:57 AM
[2025-10-05T20:09:27.338Z] [32minfo[39m: Round #200 closed at 10/6/2025, 2:09:27 AM
[2025-10-05T20:09:27.353Z] [32minfo[39m: Round #200 completed. Winner: . Total payouts: 0
[2025-10-05T20:09:32.396Z] [32minfo[39m: Round #201 started at 10/6/2025, 2:09:32 AM
[2025-10-05T20:10:02.420Z] [32minfo[39m: Round #201 closed at 10/6/2025, 2:10:02 AM
[2025-10-05T20:10:02.424Z] [32minfo[39m: Round #201 completed. Winner: . Total payouts: 0
[2025-10-05T20:10:07.468Z] [32minfo[39m: Round #202 started at 10/6/2025, 2:10:07 AM
[2025-10-05T20:10:37.512Z] [32minfo[39m: Round #202 closed at 10/6/2025, 2:10:37 AM
[2025-10-05T20:10:37.517Z] [32minfo[39m: Round #202 completed. Winner: . Total payouts: 0
[2025-10-05T20:10:42.581Z] [32minfo[39m: Round #203 started at 10/6/2025, 2:10:42 AM
[2025-10-05T20:11:12.599Z] [32minfo[39m: Round #203 closed at 10/6/2025, 2:11:12 AM
[2025-10-05T20:11:12.602Z] [32minfo[39m: Round #203 completed. Winner: . Total payouts: 0
[2025-10-05T20:11:17.633Z] [32minfo[39m: Round #204 started at 10/6/2025, 2:11:17 AM
[2025-10-05T20:11:47.657Z] [32minfo[39m: Round #204 closed at 10/6/2025, 2:11:47 AM
[2025-10-05T20:11:47.660Z] [32minfo[39m: Round #204 completed. Winner: . Total payouts: 0
[2025-10-05T20:11:52.693Z] [32minfo[39m: Round #205 started at 10/6/2025, 2:11:52 AM
[2025-10-05T20:12:22.723Z] [32minfo[39m: Round #205 closed at 10/6/2025, 2:12:22 AM
[2025-10-05T20:12:22.729Z] [32minfo[39m: Round #205 completed. Winner: . Total payouts: 0
[2025-10-05T20:12:27.792Z] [32minfo[39m: Round #206 started at 10/6/2025, 2:12:27 AM
[2025-10-05T20:12:57.812Z] [32minfo[39m: Round #206 closed at 10/6/2025, 2:12:57 AM
[2025-10-05T20:12:57.815Z] [32minfo[39m: Round #206 completed. Winner: . Total payouts: 0
[2025-10-05T20:13:02.845Z] [32minfo[39m: Round #207 started at 10/6/2025, 2:13:02 AM
[2025-10-05T20:13:09.616Z] [32minfo[39m: User 68e2abb4cbfc8a45544ecce0 placed a bet of 500 on Meat for round #68e2d14efccaa27fad990499
[2025-10-05T20:13:32.869Z] [32minfo[39m: Round #207 closed at 10/6/2025, 2:13:32 AM
[2025-10-05T20:13:32.873Z] [32minfo[39m: Round #207 completed. Winner: Corn. Total payouts: 0
[2025-10-05T20:13:37.926Z] [32minfo[39m: Round #208 started at 10/6/2025, 2:13:37 AM
[2025-10-05T20:13:50.434Z] [32minfo[39m: Round #209 started at 10/6/2025, 2:13:50 AM
[2025-10-05T20:13:53.609Z] [32minfo[39m: Round #210 started at 10/6/2025, 2:13:53 AM
[2025-10-05T20:14:23.652Z] [32minfo[39m: Round #210 closed at 10/6/2025, 2:14:23 AM
[2025-10-05T20:14:23.666Z] [32minfo[39m: Round #210 completed. Winner: . Total payouts: 0
[2025-10-05T20:14:28.721Z] [32minfo[39m: Round #211 started at 10/6/2025, 2:14:28 AM
[2025-10-05T20:14:58.751Z] [32minfo[39m: Round #211 closed at 10/6/2025, 2:14:58 AM
[2025-10-05T20:14:58.754Z] [32minfo[39m: Round #211 completed. Winner: . Total payouts: 0
[2025-10-05T20:15:03.798Z] [32minfo[39m: Round #212 started at 10/6/2025, 2:15:03 AM
[2025-10-05T20:15:35.046Z] [32minfo[39m: Round #213 started at 10/6/2025, 2:15:34 AM
[2025-10-05T20:15:40.746Z] [32minfo[39m: Round #214 started at 10/6/2025, 2:15:40 AM
[2025-10-05T20:15:42.922Z] [32minfo[39m: Round #215 started at 10/6/2025, 2:15:42 AM
[2025-10-05T20:17:56.093Z] [32minfo[39m: Round #216 started at 10/6/2025, 2:17:56 AM
[2025-10-05T20:18:02.580Z] [32minfo[39m: Round #217 started at 10/6/2025, 2:18:02 AM
[2025-10-05T20:18:04.698Z] [32minfo[39m: Round #218 started at 10/6/2025, 2:18:04 AM
[2025-10-05T20:18:16.923Z] [32minfo[39m: Round #219 started at 10/6/2025, 2:18:16 AM
[2025-10-05T20:18:38.664Z] [32minfo[39m: Round #220 started at 10/6/2025, 2:18:38 AM
[2025-10-05T20:18:47.568Z] [32minfo[39m: Round #221 started at 10/6/2025, 2:18:47 AM
[2025-10-05T20:18:58.878Z] [32minfo[39m: Round #222 started at 10/6/2025, 2:18:58 AM
[2025-10-05T20:19:28.929Z] [32minfo[39m: Round #222 closed at 10/6/2025, 2:19:28 AM
[2025-10-05T20:19:28.942Z] [32minfo[39m: Round #222 completed. Winner: . Total payouts: 0
[2025-10-05T20:19:33.976Z] [32minfo[39m: Round #223 started at 10/6/2025, 2:19:33 AM
[2025-10-05T20:20:04.006Z] [32minfo[39m: Round #223 closed at 10/6/2025, 2:20:03 AM
[2025-10-05T20:20:04.011Z] [32minfo[39m: Round #223 completed. Winner: . Total payouts: 0
[2025-10-05T20:20:09.074Z] [32minfo[39m: Round #224 started at 10/6/2025, 2:20:09 AM
[2025-10-05T20:20:39.110Z] [32minfo[39m: Round #224 closed at 10/6/2025, 2:20:39 AM
[2025-10-05T20:20:39.115Z] [32minfo[39m: Round #224 completed. Winner: . Total payouts: 0
[2025-10-05T20:20:44.152Z] [32minfo[39m: Round #225 started at 10/6/2025, 2:20:44 AM
[2025-10-05T20:21:14.179Z] [32minfo[39m: Round #225 closed at 10/6/2025, 2:21:14 AM
[2025-10-05T20:21:14.184Z] [32minfo[39m: Round #225 completed. Winner: . Total payouts: 0
[2025-10-05T20:21:19.242Z] [32minfo[39m: Round #226 started at 10/6/2025, 2:21:19 AM
[2025-10-05T20:21:49.264Z] [32minfo[39m: Round #226 closed at 10/6/2025, 2:21:49 AM
[2025-10-05T20:21:49.268Z] [32minfo[39m: Round #226 completed. Winner: . Total payouts: 0
[2025-10-05T20:21:54.330Z] [32minfo[39m: Round #227 started at 10/6/2025, 2:21:54 AM
[2025-10-05T20:22:24.356Z] [32minfo[39m: Round #227 closed at 10/6/2025, 2:22:24 AM
[2025-10-05T20:22:24.358Z] [32minfo[39m: Round #227 completed. Winner: . Total payouts: 0
[2025-10-05T20:22:29.410Z] [32minfo[39m: Round #228 started at 10/6/2025, 2:22:29 AM
[2025-10-05T20:22:59.426Z] [32minfo[39m: Round #228 closed at 10/6/2025, 2:22:59 AM
[2025-10-05T20:22:59.429Z] [32minfo[39m: Round #228 completed. Winner: . Total payouts: 0
[2025-10-05T20:23:04.467Z] [32minfo[39m: Round #229 started at 10/6/2025, 2:23:04 AM
[2025-10-05T20:23:16.316Z] [32minfo[39m: Round #230 started at 10/6/2025, 2:23:16 AM
[2025-10-05T20:23:18.142Z] [32minfo[39m: Round #231 started at 10/6/2025, 2:23:18 AM
[2025-10-05T20:23:22.323Z] [32minfo[39m: Round #232 started at 10/6/2025, 2:23:22 AM
[2025-10-05T20:23:32.660Z] [32minfo[39m: Round #233 started at 10/6/2025, 2:23:32 AM
[2025-10-05T20:23:36.462Z] [32minfo[39m: Round #234 started at 10/6/2025, 2:23:36 AM
[2025-10-05T20:23:39.098Z] [32minfo[39m: Round #235 started at 10/6/2025, 2:23:39 AM
[2025-10-05T20:24:06.627Z] [32minfo[39m: User 68e2abb4cbfc8a45544ecce0 placed a bet of 10000 on Meat for round #68e2d3a87677a1659219dd10
[2025-10-05T20:24:09.158Z] [32minfo[39m: Round #235 closed at 10/6/2025, 2:24:09 AM
[2025-10-05T20:24:09.180Z] [32minfo[39m: Round #235 completed. Winner: . Total payouts: 0
[2025-10-05T20:24:14.259Z] [32minfo[39m: Round #236 started at 10/6/2025, 2:24:14 AM
[2025-10-05T20:24:36.249Z] [32minfo[39m: User 68e2abb4cbfc8a45544ecce0 placed a bet of 10000 on Meat for round #68e2d3eee5ea70e9da0ce399
[2025-10-05T20:24:38.593Z] [32minfo[39m: User 68e2abb4cbfc8a45544ecce0 placed a bet of 10000 on Tomato for round #68e2d3eee5ea70e9da0ce399
[2025-10-05T20:24:44.301Z] [32minfo[39m: Round #236 closed at 10/6/2025, 2:24:44 AM
[2025-10-05T20:24:44.308Z] [32minfo[39m: Round #236 completed. Winner: . Total payouts: 0
[2025-10-05T20:24:49.392Z] [32minfo[39m: Round #237 started at 10/6/2025, 2:24:49 AM
[2025-10-05T20:25:19.429Z] [32minfo[39m: Round #237 closed at 10/6/2025, 2:25:19 AM
[2025-10-05T20:25:19.433Z] [32minfo[39m: Round #237 completed. Winner: . Total payouts: 0
[2025-10-05T20:25:24.468Z] [32minfo[39m: Round #238 started at 10/6/2025, 2:25:24 AM
[2025-10-05T20:25:27.925Z] [32minfo[39m: Round #239 started at 10/6/2025, 2:25:27 AM
[2025-10-05T20:25:33.042Z] [32minfo[39m: Round #240 started at 10/6/2025, 2:25:32 AM
[2025-10-05T20:25:35.676Z] [32minfo[39m: Round #241 started at 10/6/2025, 2:25:35 AM
[2025-10-05T20:25:38.673Z] [32minfo[39m: Round #242 started at 10/6/2025, 2:25:38 AM
[2025-10-05T20:25:40.755Z] [32minfo[39m: Round #243 started at 10/6/2025, 2:25:40 AM
[2025-10-05T20:25:43.324Z] [32minfo[39m: Round #244 started at 10/6/2025, 2:25:43 AM
[2025-10-05T20:25:53.334Z] [32minfo[39m: Round #245 started at 10/6/2025, 2:25:53 AM
[2025-10-05T20:26:05.531Z] [32minfo[39m: User 68e2abb4cbfc8a45544ecce0 placed a bet of 10000 on Pizza for round #68e2d434e5ea70e9da0ce409
[2025-10-05T20:26:23.371Z] [32minfo[39m: Round #245 closed at 10/6/2025, 2:26:23 AM
[2025-10-05T20:26:23.386Z] [32minfo[39m: Round #245 completed. Winner: . Total payouts: 0
[2025-10-05T20:26:28.427Z] [32minfo[39m: Round #246 started at 10/6/2025, 2:26:28 AM
[2025-10-05T20:26:37.090Z] [32minfo[39m: Round #247 started at 10/6/2025, 2:26:37 AM
[2025-10-05T20:26:47.424Z] [32minfo[39m: Round #248 started at 10/6/2025, 2:26:47 AM
[2025-10-05T20:27:01.703Z] [32minfo[39m: Round #249 started at 10/6/2025, 2:27:01 AM
[2025-10-05T20:27:07.134Z] [32minfo[39m: Round #250 started at 10/6/2025, 2:27:07 AM
[2025-10-05T20:27:10.913Z] [32minfo[39m: Round #251 started at 10/6/2025, 2:27:10 AM
[2025-10-05T20:27:21.876Z] [32minfo[39m: User 68e2abb4cbfc8a45544ecce0 placed a bet of 10000 on Meat for round #68e2d4749994df1879fcee07
[2025-10-05T20:27:21.885Z] [31merror[39m: Error: Insufficient balance
[2025-10-05T20:27:24.601Z] [32minfo[39m: User 68e2abb4cbfc8a45544ecce0 placed a bet of 10000 on Meat for round #68e2d4749994df1879fcee07
[2025-10-05T20:27:24.609Z] [31merror[39m: Error: Insufficient balance
[2025-10-05T20:27:25.433Z] [32minfo[39m: User 68e2abb4cbfc8a45544ecce0 placed a bet of 10000 on Meat for round #68e2d4749994df1879fcee07
[2025-10-05T20:27:25.441Z] [31merror[39m: Error: Insufficient balance
[2025-10-05T20:27:40.955Z] [32minfo[39m: Round #251 closed at 10/6/2025, 2:27:40 AM
[2025-10-05T20:27:40.969Z] [32minfo[39m: Round #251 completed. Winner: . Total payouts: 0
[2025-10-05T20:27:46.013Z] [32minfo[39m: Round #252 started at 10/6/2025, 2:27:45 AM
[2025-10-05T20:27:53.735Z] [32minfo[39m: Round #253 started at 10/6/2025, 2:27:53 AM
[2025-10-05T20:27:57.850Z] [32minfo[39m: Round #254 started at 10/6/2025, 2:27:57 AM
[2025-10-05T20:28:15.171Z] [32minfo[39m: Round #255 started at 10/6/2025, 2:28:15 AM
[2025-10-05T20:28:18.082Z] [32minfo[39m: Round #256 started at 10/6/2025, 2:28:18 AM
[2025-10-05T20:28:21.752Z] [32minfo[39m: Round #257 started at 10/6/2025, 2:28:21 AM
[2025-10-05T20:28:24.996Z] [32minfo[39m: Round #258 started at 10/6/2025, 2:28:24 AM
[2025-10-05T20:28:29.181Z] [32minfo[39m: Round #259 started at 10/6/2025, 2:28:29 AM
[2025-10-05T20:28:33.443Z] [32minfo[39m: Round #260 started at 10/6/2025, 2:28:33 AM
[2025-10-05T20:28:38.402Z] [32minfo[39m: Round #261 started at 10/6/2025, 2:28:38 AM
[2025-10-05T20:28:42.765Z] [32minfo[39m: Round #262 started at 10/6/2025, 2:28:42 AM
[2025-10-05T20:28:59.819Z] [32minfo[39m: Round #263 started at 10/6/2025, 2:28:59 AM
[2025-10-05T20:29:06.307Z] [32minfo[39m: User 68e2abb4cbfc8a45544ecce0 placed a bet of 10000 on Meat for round #68e2d4c14c58b4e88b55a6b4
[2025-10-05T20:29:06.316Z] [31merror[39m: Error: Insufficient balance, current balacne: 4000, bet amount: 10000
[2025-10-05T20:29:23.372Z] [32minfo[39m: Round #264 started at 10/6/2025, 2:29:23 AM
[2025-10-05T20:29:30.505Z] [32minfo[39m: Round #265 started at 10/6/2025, 2:29:30 AM
[2025-10-05T20:29:31.898Z] [32minfo[39m: User 68e2abb4cbfc8a45544ecce0 placed a bet of 10000 on Corn for round #68e2d4c14c58b4e88b55a6b4
[2025-10-05T20:29:31.907Z] [31merror[39m: Error: Insufficient balance, current balacne: 4000, bet amount: 10000
[2025-10-05T20:30:00.558Z] [32minfo[39m: Round #265 closed at 10/6/2025, 2:30:00 AM
[2025-10-05T20:30:00.586Z] [32minfo[39m: Round #265 completed. Winner: . Total payouts: 0
[2025-10-05T20:30:05.636Z] [32minfo[39m: Round #266 started at 10/6/2025, 2:30:05 AM
[2025-10-05T20:30:27.328Z] [32minfo[39m: Round #267 started at 10/6/2025, 2:30:27 AM
[2025-10-05T20:30:57.363Z] [32minfo[39m: Round #267 closed at 10/6/2025, 2:30:57 AM
[2025-10-05T20:30:57.383Z] [32minfo[39m: Round #267 completed. Winner: . Total payouts: 0
[2025-10-05T20:31:02.434Z] [32minfo[39m: Round #268 started at 10/6/2025, 2:31:02 AM
[2025-10-05T20:31:05.631Z] [32minfo[39m: Round #269 started at 10/6/2025, 2:31:05 AM
[2025-10-05T20:31:07.693Z] [32minfo[39m: Round #270 started at 10/6/2025, 2:31:07 AM
[2025-10-05T20:31:10.986Z] [32minfo[39m: Round #271 started at 10/6/2025, 2:31:10 AM
[2025-10-05T20:31:12.466Z] [32minfo[39m: User 68e2abb4cbfc8a45544ecce0 placed a bet of 10000 on Corn for round #68e2d586c81f639f6a83b932
[2025-10-05T20:31:12.475Z] [33mwarn[39m: Warning: Insufficient balance, current balacne: 4000, bet amount: 10000
[2025-10-05T20:31:13.369Z] [32minfo[39m: User 68e2abb4cbfc8a45544ecce0 placed a bet of 10000 on Corn for round #68e2d586c81f639f6a83b932
[2025-10-05T20:31:13.377Z] [33mwarn[39m: Warning: Insufficient balance, current balacne: 4000, bet amount: 10000
[2025-10-05T20:31:14.209Z] [32minfo[39m: User 68e2abb4cbfc8a45544ecce0 placed a bet of 10000 on Corn for round #68e2d586c81f639f6a83b932
[2025-10-05T20:31:14.216Z] [33mwarn[39m: Warning: Insufficient balance, current balacne: 4000, bet amount: 10000
[2025-10-05T20:31:23.068Z] [32minfo[39m: Round #272 started at 10/6/2025, 2:31:23 AM
[2025-10-05T20:31:24.116Z] [32minfo[39m: User 68e2abb4cbfc8a45544ecce0 placed a bet of 10000 on Corn for round #68e2d586c81f639f6a83b932
[2025-10-05T20:31:24.123Z] [33mwarn[39m: Warning: Insufficient balance, current balacne: 4000, bet amount: 10000
[2025-10-05T20:31:24.649Z] [32minfo[39m: User 68e2abb4cbfc8a45544ecce0 placed a bet of 10000 on Corn for round #68e2d586c81f639f6a83b932
[2025-10-05T20:31:24.655Z] [33mwarn[39m: Warning: Insufficient balance, current balacne: 4000, bet amount: 10000
[2025-10-05T20:31:25.184Z] [32minfo[39m: User 68e2abb4cbfc8a45544ecce0 placed a bet of 10000 on Corn for round #68e2d586c81f639f6a83b932
[2025-10-05T20:31:25.189Z] [33mwarn[39m: Warning: Insufficient balance, current balacne: 4000, bet amount: 10000
[2025-10-05T20:31:53.107Z] [32minfo[39m: Round #272 closed at 10/6/2025, 2:31:53 AM
[2025-10-05T20:31:53.121Z] [32minfo[39m: Round #272 completed. Winner: . Total payouts: 0
[2025-10-05T20:31:58.199Z] [32minfo[39m: Round #273 started at 10/6/2025, 2:31:58 AM
[2025-10-05T20:32:28.233Z] [32minfo[39m: Round #273 closed at 10/6/2025, 2:32:28 AM
[2025-10-05T20:32:28.235Z] [32minfo[39m: Round #273 completed. Winner: . Total payouts: 0
[2025-10-05T20:32:33.300Z] [32minfo[39m: Round #274 started at 10/6/2025, 2:32:33 AM
[2025-10-05T20:33:03.320Z] [32minfo[39m: Round #274 closed at 10/6/2025, 2:33:03 AM
[2025-10-05T20:33:03.322Z] [32minfo[39m: Round #274 completed. Winner: . Total payouts: 0
[2025-10-05T20:33:08.377Z] [32minfo[39m: Round #275 started at 10/6/2025, 2:33:08 AM
[2025-10-05T20:33:38.392Z] [32minfo[39m: Round #275 closed at 10/6/2025, 2:33:38 AM
[2025-10-05T20:33:38.395Z] [32minfo[39m: Round #275 completed. Winner: . Total payouts: 0
[2025-10-05T20:33:43.426Z] [32minfo[39m: Round #276 started at 10/6/2025, 2:33:43 AM
[2025-10-05T20:34:13.456Z] [32minfo[39m: Round #276 closed at 10/6/2025, 2:34:13 AM
[2025-10-05T20:34:13.463Z] [32minfo[39m: Round #276 completed. Winner: . Total payouts: 0
[2025-10-05T20:34:18.505Z] [32minfo[39m: Round #277 started at 10/6/2025, 2:34:18 AM
[2025-10-05T20:34:48.534Z] [32minfo[39m: Round #277 closed at 10/6/2025, 2:34:48 AM
[2025-10-05T20:34:48.537Z] [32minfo[39m: Round #277 completed. Winner: . Total payouts: 0
[2025-10-05T20:34:53.589Z] [32minfo[39m: Round #278 started at 10/6/2025, 2:34:53 AM
[2025-10-05T20:35:23.615Z] [32minfo[39m: Round #278 closed at 10/6/2025, 2:35:23 AM
[2025-10-05T20:35:23.617Z] [32minfo[39m: Round #278 completed. Winner: . Total payouts: 0
[2025-10-05T20:35:28.657Z] [32minfo[39m: Round #279 started at 10/6/2025, 2:35:28 AM
[2025-10-05T20:35:58.692Z] [32minfo[39m: Round #279 closed at 10/6/2025, 2:35:58 AM
[2025-10-05T20:35:58.699Z] [32minfo[39m: Round #279 completed. Winner: . Total payouts: 0
[2025-10-05T20:36:03.740Z] [32minfo[39m: Round #280 started at 10/6/2025, 2:36:03 AM
[2025-10-05T20:36:33.760Z] [32minfo[39m: Round #280 closed at 10/6/2025, 2:36:33 AM
[2025-10-05T20:36:33.763Z] [32minfo[39m: Round #280 completed. Winner: . Total payouts: 0
[2025-10-05T20:36:38.816Z] [32minfo[39m: Round #281 started at 10/6/2025, 2:36:38 AM
[2025-10-05T20:37:08.857Z] [32minfo[39m: Round #281 closed at 10/6/2025, 2:37:08 AM
[2025-10-05T20:37:08.861Z] [32minfo[39m: Round #281 completed. Winner: . Total payouts: 0
[2025-10-05T20:37:13.897Z] [32minfo[39m: Round #282 started at 10/6/2025, 2:37:13 AM
[2025-10-05T20:37:43.965Z] [32minfo[39m: Round #282 closed at 10/6/2025, 2:37:43 AM
[2025-10-05T20:37:43.974Z] [32minfo[39m: Round #282 completed. Winner: . Total payouts: 0
[2025-10-05T20:37:49.038Z] [32minfo[39m: Round #283 started at 10/6/2025, 2:37:49 AM
[2025-10-05T20:38:19.082Z] [32minfo[39m: Round #283 closed at 10/6/2025, 2:38:19 AM
[2025-10-05T20:38:19.085Z] [32minfo[39m: Round #283 completed. Winner: . Total payouts: 0
[2025-10-05T20:38:24.113Z] [32minfo[39m: Round #284 started at 10/6/2025, 2:38:24 AM
[2025-10-05T20:38:54.144Z] [32minfo[39m: Round #284 closed at 10/6/2025, 2:38:54 AM
[2025-10-05T20:38:54.146Z] [32minfo[39m: Round #284 completed. Winner: . Total payouts: 0
[2025-10-05T20:38:59.172Z] [32minfo[39m: Round #285 started at 10/6/2025, 2:38:59 AM
[2025-10-05T20:39:29.201Z] [32minfo[39m: Round #285 closed at 10/6/2025, 2:39:29 AM
[2025-10-05T20:39:29.206Z] [32minfo[39m: Round #285 completed. Winner: . Total payouts: 0
[2025-10-05T20:39:34.251Z] [32minfo[39m: Round #286 started at 10/6/2025, 2:39:34 AM
[2025-10-05T20:40:04.291Z] [32minfo[39m: Round #286 closed at 10/6/2025, 2:40:04 AM
[2025-10-05T20:40:04.299Z] [32minfo[39m: Round #286 completed. Winner: . Total payouts: 0
[2025-10-05T20:40:09.353Z] [32minfo[39m: Round #287 started at 10/6/2025, 2:40:09 AM
[2025-10-05T20:40:39.379Z] [32minfo[39m: Round #287 closed at 10/6/2025, 2:40:39 AM
[2025-10-05T20:40:39.386Z] [32minfo[39m: Round #287 completed. Winner: . Total payouts: 0
[2025-10-05T20:40:44.433Z] [32minfo[39m: Round #288 started at 10/6/2025, 2:40:44 AM
[2025-10-05T20:41:14.453Z] [32minfo[39m: Round #288 closed at 10/6/2025, 2:41:14 AM
[2025-10-05T20:41:14.457Z] [32minfo[39m: Round #288 completed. Winner: . Total payouts: 0
[2025-10-05T20:41:19.483Z] [32minfo[39m: Round #289 started at 10/6/2025, 2:41:19 AM
[2025-10-05T20:41:49.515Z] [32minfo[39m: Round #289 closed at 10/6/2025, 2:41:49 AM
[2025-10-05T20:41:49.520Z] [32minfo[39m: Round #289 completed. Winner: . Total payouts: 0
[2025-10-05T20:41:54.569Z] [32minfo[39m: Round #290 started at 10/6/2025, 2:41:54 AM
[2025-10-05T20:42:24.608Z] [32minfo[39m: Round #290 closed at 10/6/2025, 2:42:24 AM
[2025-10-05T20:42:24.616Z] [32minfo[39m: Round #290 completed. Winner: . Total payouts: 0
[2025-10-05T20:42:29.680Z] [32minfo[39m: Round #291 started at 10/6/2025, 2:42:29 AM
[2025-10-05T20:42:59.784Z] [32minfo[39m: Round #291 closed at 10/6/2025, 2:42:59 AM
[2025-10-05T20:42:59.836Z] [32minfo[39m: Round #291 completed. Winner: . Total payouts: 0
[2025-10-05T20:43:04.976Z] [32minfo[39m: Round #292 started at 10/6/2025, 2:43:04 AM
[2025-10-05T20:43:34.993Z] [32minfo[39m: Round #292 closed at 10/6/2025, 2:43:34 AM
[2025-10-05T20:43:34.995Z] [32minfo[39m: Round #292 completed. Winner: . Total payouts: 0
[2025-10-05T20:43:40.018Z] [32minfo[39m: Round #293 started at 10/6/2025, 2:43:40 AM
[2025-10-05T20:44:10.033Z] [32minfo[39m: Round #293 closed at 10/6/2025, 2:44:10 AM
[2025-10-05T20:44:10.035Z] [32minfo[39m: Round #293 completed. Winner: . Total payouts: 0
[2025-10-05T20:44:15.061Z] [32minfo[39m: Round #294 started at 10/6/2025, 2:44:15 AM
[2025-10-05T20:44:45.101Z] [32minfo[39m: Round #294 closed at 10/6/2025, 2:44:45 AM
[2025-10-05T20:44:45.107Z] [32minfo[39m: Round #294 completed. Winner: . Total payouts: 0
[2025-10-05T20:44:50.175Z] [32minfo[39m: Round #295 started at 10/6/2025, 2:44:50 AM
[2025-10-05T20:45:20.212Z] [32minfo[39m: Round #295 closed at 10/6/2025, 2:45:20 AM
[2025-10-05T20:45:20.218Z] [32minfo[39m: Round #295 completed. Winner: . Total payouts: 0
[2025-10-05T20:45:25.261Z] [32minfo[39m: Round #296 started at 10/6/2025, 2:45:25 AM
[2025-10-05T20:45:55.287Z] [32minfo[39m: Round #296 closed at 10/6/2025, 2:45:55 AM
[2025-10-05T20:45:55.293Z] [32minfo[39m: Round #296 completed. Winner: . Total payouts: 0
[2025-10-05T20:46:00.357Z] [32minfo[39m: Round #297 started at 10/6/2025, 2:46:00 AM
[2025-10-05T20:46:30.388Z] [32minfo[39m: Round #297 closed at 10/6/2025, 2:46:30 AM
[2025-10-05T20:46:30.392Z] [32minfo[39m: Round #297 completed. Winner: . Total payouts: 0
[2025-10-05T20:46:35.439Z] [32minfo[39m: Round #298 started at 10/6/2025, 2:46:35 AM
[2025-10-05T20:47:05.462Z] [32minfo[39m: Round #298 closed at 10/6/2025, 2:47:05 AM
[2025-10-05T20:47:05.466Z] [32minfo[39m: Round #298 completed. Winner: . Total payouts: 0
[2025-10-05T20:47:10.510Z] [32minfo[39m: Round #299 started at 10/6/2025, 2:47:10 AM
[2025-10-05T20:47:40.539Z] [32minfo[39m: Round #299 closed at 10/6/2025, 2:47:40 AM
[2025-10-05T20:47:40.543Z] [32minfo[39m: Round #299 completed. Winner: . Total payouts: 0
[2025-10-05T20:47:45.589Z] [32minfo[39m: Round #300 started at 10/6/2025, 2:47:45 AM
[2025-10-05T20:48:15.612Z] [32minfo[39m: Round #300 closed at 10/6/2025, 2:48:15 AM
[2025-10-05T20:48:15.616Z] [32minfo[39m: Round #300 completed. Winner: . Total payouts: 0
[2025-10-05T20:48:20.663Z] [32minfo[39m: Round #301 started at 10/6/2025, 2:48:20 AM
[2025-10-05T20:48:50.697Z] [32minfo[39m: Round #301 closed at 10/6/2025, 2:48:50 AM
[2025-10-05T20:48:50.702Z] [32minfo[39m: Round #301 completed. Winner: . Total payouts: 0
[2025-10-05T20:48:55.731Z] [32minfo[39m: Round #302 started at 10/6/2025, 2:48:55 AM
[2025-10-05T20:49:25.759Z] [32minfo[39m: Round #302 closed at 10/6/2025, 2:49:25 AM
[2025-10-05T20:49:25.764Z] [32minfo[39m: Round #302 completed. Winner: . Total payouts: 0
[2025-10-05T20:49:30.818Z] [32minfo[39m: Round #303 started at 10/6/2025, 2:49:30 AM
[2025-10-05T20:50:00.843Z] [32minfo[39m: Round #303 closed at 10/6/2025, 2:50:00 AM
[2025-10-05T20:50:00.846Z] [32minfo[39m: Round #303 completed. Winner: . Total payouts: 0
[2025-10-05T20:50:05.886Z] [32minfo[39m: Round #304 started at 10/6/2025, 2:50:05 AM
[2025-10-05T20:50:35.918Z] [32minfo[39m: Round #304 closed at 10/6/2025, 2:50:35 AM
[2025-10-05T20:50:35.922Z] [32minfo[39m: Round #304 completed. Winner: . Total payouts: 0
[2025-10-05T20:50:40.980Z] [32minfo[39m: Round #305 started at 10/6/2025, 2:50:40 AM
[2025-10-05T20:51:10.994Z] [32minfo[39m: Round #305 closed at 10/6/2025, 2:51:10 AM
[2025-10-05T20:51:10.996Z] [32minfo[39m: Round #305 completed. Winner: . Total payouts: 0
[2025-10-05T20:51:16.023Z] [32minfo[39m: Round #306 started at 10/6/2025, 2:51:16 AM
[2025-10-05T20:51:46.046Z] [32minfo[39m: Round #306 closed at 10/6/2025, 2:51:46 AM
[2025-10-05T20:51:46.048Z] [32minfo[39m: Round #306 completed. Winner: . Total payouts: 0
[2025-10-05T20:51:51.078Z] [32minfo[39m: Round #307 started at 10/6/2025, 2:51:51 AM
[2025-10-05T20:52:21.089Z] [32minfo[39m: Round #307 closed at 10/6/2025, 2:52:21 AM
[2025-10-05T20:52:21.092Z] [32minfo[39m: Round #307 completed. Winner: . Total payouts: 0
[2025-10-05T20:52:26.131Z] [32minfo[39m: Round #308 started at 10/6/2025, 2:52:26 AM
[2025-10-05T20:52:56.148Z] [32minfo[39m: Round #308 closed at 10/6/2025, 2:52:56 AM
[2025-10-05T20:52:56.150Z] [32minfo[39m: Round #308 completed. Winner: . Total payouts: 0
[2025-10-05T20:53:01.179Z] [32minfo[39m: Round #309 started at 10/6/2025, 2:53:01 AM
[2025-10-05T20:53:31.202Z] [32minfo[39m: Round #309 closed at 10/6/2025, 2:53:31 AM
[2025-10-05T20:53:31.206Z] [32minfo[39m: Round #309 completed. Winner: . Total payouts: 0
[2025-10-05T20:53:36.240Z] [32minfo[39m: Round #310 started at 10/6/2025, 2:53:36 AM
[2025-10-05T20:54:06.266Z] [32minfo[39m: Round #310 closed at 10/6/2025, 2:54:06 AM
[2025-10-05T20:54:06.273Z] [32minfo[39m: Round #310 completed. Winner: . Total payouts: 0
[2025-10-05T20:54:11.309Z] [32minfo[39m: Round #311 started at 10/6/2025, 2:54:11 AM
[2025-10-05T20:54:41.349Z] [32minfo[39m: Round #311 closed at 10/6/2025, 2:54:41 AM
[2025-10-05T20:54:41.354Z] [32minfo[39m: Round #311 completed. Winner: . Total payouts: 0
[2025-10-05T20:54:46.402Z] [32minfo[39m: Round #312 started at 10/6/2025, 2:54:46 AM
[2025-10-05T20:55:16.417Z] [32minfo[39m: Round #312 closed at 10/6/2025, 2:55:16 AM
[2025-10-05T20:55:16.420Z] [32minfo[39m: Round #312 completed. Winner: . Total payouts: 0
[2025-10-05T20:55:21.456Z] [32minfo[39m: Round #313 started at 10/6/2025, 2:55:21 AM
[2025-10-05T20:55:51.472Z] [32minfo[39m: Round #313 closed at 10/6/2025, 2:55:51 AM
[2025-10-05T20:55:51.475Z] [32minfo[39m: Round #313 completed. Winner: . Total payouts: 0
[2025-10-05T20:55:56.498Z] [32minfo[39m: Round #314 started at 10/6/2025, 2:55:56 AM
[2025-10-05T20:56:26.518Z] [32minfo[39m: Round #314 closed at 10/6/2025, 2:56:26 AM
[2025-10-05T20:56:26.521Z] [32minfo[39m: Round #314 completed. Winner: . Total payouts: 0
[2025-10-05T20:56:31.549Z] [32minfo[39m: Round #315 started at 10/6/2025, 2:56:31 AM
[2025-10-05T20:57:01.574Z] [32minfo[39m: Round #315 closed at 10/6/2025, 2:57:01 AM
[2025-10-05T20:57:01.576Z] [32minfo[39m: Round #315 completed. Winner: . Total payouts: 0
[2025-10-05T20:57:06.608Z] [32minfo[39m: Round #316 started at 10/6/2025, 2:57:06 AM
[2025-10-05T20:57:21.710Z] [32minfo[39m: Round #317 started at 10/6/2025, 2:57:21 AM
[2025-10-05T20:57:24.007Z] [32minfo[39m: Round #318 started at 10/6/2025, 2:57:23 AM
[2025-10-05T20:57:30.261Z] [32minfo[39m: Round #319 started at 10/6/2025, 2:57:30 AM
[2025-10-05T20:57:49.413Z] [32minfo[39m: Round #320 started at 10/6/2025, 2:57:49 AM
[2025-10-05T20:57:51.953Z] [32minfo[39m: Round #321 started at 10/6/2025, 2:57:51 AM
[2025-10-05T20:57:57.347Z] [32minfo[39m: Round #322 started at 10/6/2025, 2:57:57 AM
[2025-10-05T20:57:59.879Z] [32minfo[39m: Round #323 started at 10/6/2025, 2:57:59 AM
[2025-10-05T20:58:03.156Z] [32minfo[39m: Round #324 started at 10/6/2025, 2:58:03 AM
[2025-10-05T20:58:11.323Z] [32minfo[39m: Round #325 started at 10/6/2025, 2:58:11 AM
[2025-10-05T20:58:41.351Z] [32minfo[39m: Round #325 closed at 10/6/2025, 2:58:41 AM
[2025-10-05T20:58:41.364Z] [32minfo[39m: Round #325 completed. Winner: . Total payouts: 0
[2025-10-05T20:58:46.409Z] [32minfo[39m: Round #326 started at 10/6/2025, 2:58:46 AM
[2025-10-05T20:59:16.429Z] [32minfo[39m: Round #326 closed at 10/6/2025, 2:59:16 AM
[2025-10-05T20:59:16.432Z] [32minfo[39m: Round #326 completed. Winner: . Total payouts: 0
[2025-10-05T20:59:21.463Z] [32minfo[39m: Round #327 started at 10/6/2025, 2:59:21 AM
[2025-10-05T20:59:51.493Z] [32minfo[39m: Round #327 closed at 10/6/2025, 2:59:51 AM
[2025-10-05T20:59:51.498Z] [32minfo[39m: Round #327 completed. Winner: . Total payouts: 0
[2025-10-05T20:59:56.559Z] [32minfo[39m: Round #328 started at 10/6/2025, 2:59:56 AM
[2025-10-05T21:00:26.588Z] [32minfo[39m: Round #328 closed at 10/6/2025, 3:00:26 AM
[2025-10-05T21:00:26.590Z] [32minfo[39m: Round #328 completed. Winner: . Total payouts: 0
[2025-10-05T21:00:31.623Z] [32minfo[39m: Round #329 started at 10/6/2025, 3:00:31 AM
[2025-10-05T21:01:02.122Z] [32minfo[39m: Round #330 started at 10/6/2025, 3:01:02 AM
[2025-10-05T21:01:06.038Z] [32minfo[39m: Round #331 started at 10/6/2025, 3:01:05 AM
[2025-10-05T21:01:11.991Z] [32minfo[39m: Round #332 started at 10/6/2025, 3:01:11 AM
[2025-10-05T21:01:42.025Z] [32minfo[39m: Round #332 closed at 10/6/2025, 3:01:41 AM
[2025-10-05T21:01:42.037Z] [32minfo[39m: Round #332 completed. Winner: . Total payouts: 0
[2025-10-05T21:01:47.081Z] [32minfo[39m: Round #333 started at 10/6/2025, 3:01:47 AM
[2025-10-05T21:02:17.114Z] [32minfo[39m: Round #333 closed at 10/6/2025, 3:02:17 AM
[2025-10-05T21:02:17.117Z] [32minfo[39m: Round #333 completed. Winner: . Total payouts: 0
[2025-10-05T21:02:22.147Z] [32minfo[39m: Round #334 started at 10/6/2025, 3:02:22 AM
[2025-10-05T21:02:52.165Z] [32minfo[39m: Round #334 closed at 10/6/2025, 3:02:52 AM
[2025-10-05T21:02:52.168Z] [32minfo[39m: Round #334 completed. Winner: . Total payouts: 0
[2025-10-05T21:02:57.197Z] [32minfo[39m: Round #335 started at 10/6/2025, 3:02:57 AM
[2025-10-05T21:03:27.225Z] [32minfo[39m: Round #335 closed at 10/6/2025, 3:03:27 AM
[2025-10-05T21:03:27.228Z] [32minfo[39m: Round #335 completed. Winner: . Total payouts: 0
[2025-10-05T21:03:32.263Z] [32minfo[39m: Round #336 started at 10/6/2025, 3:03:32 AM
[2025-10-05T21:04:02.290Z] [32minfo[39m: Round #336 closed at 10/6/2025, 3:04:02 AM
[2025-10-05T21:04:02.293Z] [32minfo[39m: Round #336 completed. Winner: . Total payouts: 0
[2025-10-05T21:04:07.319Z] [32minfo[39m: Round #337 started at 10/6/2025, 3:04:07 AM
[2025-10-05T21:04:37.333Z] [32minfo[39m: Round #337 closed at 10/6/2025, 3:04:37 AM
[2025-10-05T21:04:37.335Z] [32minfo[39m: Round #337 completed. Winner: . Total payouts: 0
[2025-10-05T21:04:42.370Z] [32minfo[39m: Round #338 started at 10/6/2025, 3:04:42 AM
[2025-10-05T21:05:12.394Z] [32minfo[39m: Round #338 closed at 10/6/2025, 3:05:12 AM
[2025-10-05T21:05:12.396Z] [32minfo[39m: Round #338 completed. Winner: . Total payouts: 0
[2025-10-05T21:05:17.438Z] [32minfo[39m: Round #339 started at 10/6/2025, 3:05:17 AM
[2025-10-05T21:05:47.456Z] [32minfo[39m: Round #339 closed at 10/6/2025, 3:05:47 AM
[2025-10-05T21:05:47.459Z] [32minfo[39m: Round #339 completed. Winner: . Total payouts: 0
[2025-10-05T21:05:52.490Z] [32minfo[39m: Round #340 started at 10/6/2025, 3:05:52 AM
[2025-10-05T21:06:22.523Z] [32minfo[39m: Round #340 closed at 10/6/2025, 3:06:22 AM
[2025-10-05T21:06:22.528Z] [32minfo[39m: Round #340 completed. Winner: . Total payouts: 0
[2025-10-05T21:06:27.565Z] [32minfo[39m: Round #341 started at 10/6/2025, 3:06:27 AM
[2025-10-05T21:06:57.588Z] [32minfo[39m: Round #341 closed at 10/6/2025, 3:06:57 AM
[2025-10-05T21:06:57.590Z] [32minfo[39m: Round #341 completed. Winner: . Total payouts: 0
[2025-10-05T21:07:02.625Z] [32minfo[39m: Round #342 started at 10/6/2025, 3:07:02 AM
[2025-10-05T21:07:32.639Z] [32minfo[39m: Round #342 closed at 10/6/2025, 3:07:32 AM
[2025-10-05T21:07:32.641Z] [32minfo[39m: Round #342 completed. Winner: . Total payouts: 0
[2025-10-05T21:07:37.672Z] [32minfo[39m: Round #343 started at 10/6/2025, 3:07:37 AM
[2025-10-05T21:08:07.689Z] [32minfo[39m: Round #343 closed at 10/6/2025, 3:08:07 AM
[2025-10-05T21:08:07.691Z] [32minfo[39m: Round #343 completed. Winner: . Total payouts: 0
[2025-10-05T21:08:12.719Z] [32minfo[39m: Round #344 started at 10/6/2025, 3:08:12 AM
[2025-10-05T21:08:42.745Z] [32minfo[39m: Round #344 closed at 10/6/2025, 3:08:42 AM
[2025-10-05T21:08:42.747Z] [32minfo[39m: Round #344 completed. Winner: . Total payouts: 0
[2025-10-05T21:08:47.784Z] [32minfo[39m: Round #345 started at 10/6/2025, 3:08:47 AM
[2025-10-05T21:09:17.805Z] [32minfo[39m: Round #345 closed at 10/6/2025, 3:09:17 AM
[2025-10-05T21:09:17.807Z] [32minfo[39m: Round #345 completed. Winner: . Total payouts: 0
[2025-10-05T21:09:22.845Z] [32minfo[39m: Round #346 started at 10/6/2025, 3:09:22 AM
