[2025-10-07T18:08:18.407Z] [32minfo[39m: User 68e2abb4cbfc8a45544ecce0 placed a bet of 1000 on Meat for round #68e5570a378af33c359f7964
[2025-10-07T18:08:18.429Z] [32minfo[39m: Bet accepted: User 68e2abb4cbfc8a45544ecce0 placed 1000 on Meat (Bet ID: 68e55712378af33c359f7975)
[2025-10-07T18:08:19.116Z] [32minfo[39m: User 68e2abb4cbfc8a45544ecce0 placed a bet of 1000 on Tomato for round #68e5570a378af33c359f7964
[2025-10-07T18:08:19.125Z] [32minfo[39m: Bet accepted: User 68e2abb4cbfc8a45544ecce0 placed 1000 on Tomato (Bet ID: 68e55713378af33c359f7987)
[2025-10-07T18:08:20.012Z] [32minfo[39m: User 68e2abb4cbfc8a45544ecce0 placed a bet of 1000 on Corn for round #68e5570a378af33c359f7964
[2025-10-07T18:08:20.019Z] [32minfo[39m: Bet accepted: User 68e2abb4cbfc8a45544ecce0 placed 1000 on Corn (Bet ID: 68e55714378af33c359f7999)
[2025-10-07T18:08:20.717Z] [32minfo[39m: User 68e2abb4cbfc8a45544ecce0 placed a bet of 1000 on Sausage for round #68e5570a378af33c359f7964
[2025-10-07T18:08:20.724Z] [32minfo[39m: Bet accepted: User 68e2abb4cbfc8a45544ecce0 placed 1000 on Sausage (Bet ID: 68e55714378af33c359f79ab)
[2025-10-07T18:08:21.541Z] [32minfo[39m: User 68e2abb4cbfc8a45544ecce0 placed a bet of 1000 on Lettuce for round #68e5570a378af33c359f7964
[2025-10-07T18:08:21.548Z] [32minfo[39m: Bet accepted: User 68e2abb4cbfc8a45544ecce0 placed 1000 on Lettuce (Bet ID: 68e55715378af33c359f79bd)
[2025-10-07T18:08:22.668Z] [32minfo[39m: User 68e2abb4cbfc8a45544ecce0 placed a bet of 1000 on Carrot for round #68e5570a378af33c359f7964
[2025-10-07T18:08:22.676Z] [32minfo[39m: Bet accepted: User 68e2abb4cbfc8a45544ecce0 placed 1000 on Carrot (Bet ID: 68e55716378af33c359f79cf)
[2025-10-07T18:08:23.180Z] [32minfo[39m: User 68e2abb4cbfc8a45544ecce0 placed a bet of 1000 on Skewer for round #68e5570a378af33c359f7964
[2025-10-07T18:08:23.187Z] [32minfo[39m: Bet accepted: User 68e2abb4cbfc8a45544ecce0 placed 1000 on Skewer (Bet ID: 68e55717378af33c359f79e1)
[2025-10-07T18:08:23.764Z] [32minfo[39m: User 68e2abb4cbfc8a45544ecce0 placed a bet of 1000 on Ham for round #68e5570a378af33c359f7964
[2025-10-07T18:08:23.771Z] [32minfo[39m: Bet accepted: User 68e2abb4cbfc8a45544ecce0 placed 1000 on Ham (Bet ID: 68e55717378af33c359f79f3)
[2025-10-07T18:08:24.541Z] [32minfo[39m: User 68e2abb4cbfc8a45544ecce0 placed a bet of 1000 on Pizza for round #68e5570a378af33c359f7964
[2025-10-07T18:08:24.547Z] [32minfo[39m: Bet accepted: User 68e2abb4cbfc8a45544ecce0 placed 1000 on Pizza (Bet ID: 68e55718378af33c359f7a05)
[2025-10-07T18:08:25.268Z] [32minfo[39m: User 68e2abb4cbfc8a45544ecce0 placed a bet of 1000 on Salad for round #68e5570a378af33c359f7964
[2025-10-07T18:08:25.275Z] [32minfo[39m: Bet accepted: User 68e2abb4cbfc8a45544ecce0 placed 1000 on Salad (Bet ID: 68e55719378af33c359f7a17)
[2025-10-07T18:08:33.660Z] [32minfo[39m: User 68e2abb4cbfc8a45544ecce0 placed a bet of 1000 on Meat for round #68e5570a378af33c359f7964
[2025-10-07T18:08:33.666Z] [32minfo[39m: Bet accepted: User 68e2abb4cbfc8a45544ecce0 placed 1000 on Meat (Bet ID: 68e55721378af33c359f7a29)
[2025-10-07T18:08:35.132Z] [32minfo[39m: User 68e2abb4cbfc8a45544ecce0 placed a bet of 1000 on Skewer for round #68e5570a378af33c359f7964
[2025-10-07T18:08:35.139Z] [32minfo[39m: Bet accepted: User 68e2abb4cbfc8a45544ecce0 placed 1000 on Skewer (Bet ID: 68e55723378af33c359f7a3b)
[2025-10-07T18:08:35.924Z] [32minfo[39m: User 68e2abb4cbfc8a45544ecce0 placed a bet of 1000 on Ham for round #68e5570a378af33c359f7964
[2025-10-07T18:08:35.930Z] [32minfo[39m: Bet accepted: User 68e2abb4cbfc8a45544ecce0 placed 1000 on Ham (Bet ID: 68e55723378af33c359f7a4d)
[2025-10-07T18:08:37.428Z] [32minfo[39m: User 68e2abb4cbfc8a45544ecce0 placed a bet of 1000 on Pizza for round #68e5570a378af33c359f7964
[2025-10-07T18:08:37.434Z] [32minfo[39m: Bet accepted: User 68e2abb4cbfc8a45544ecce0 placed 1000 on Pizza (Bet ID: 68e55725378af33c359f7a5f)
[2025-10-07T18:57:14.496Z] [32minfo[39m: User 68e2abb4cbfc8a45544ecce0 placed a bet of 500 on Meat for round #68e562705afe66cc2dfc3576
[2025-10-07T18:57:14.510Z] [32minfo[39m: Bet accepted: User 68e2abb4cbfc8a45544ecce0 placed 500 on Meat (Bet ID: 68e5628a5afe66cc2dfc3587)
[2025-10-07T18:57:17.798Z] [32minfo[39m: User 68e2abb4cbfc8a45544ecce0 placed a bet of 500 on Tomato for round #68e562705afe66cc2dfc3576
[2025-10-07T18:57:17.806Z] [32minfo[39m: Bet accepted: User 68e2abb4cbfc8a45544ecce0 placed 500 on Tomato (Bet ID: 68e5628d5afe66cc2dfc3599)
[2025-10-07T18:57:34.158Z] [32minfo[39m: User 68e2abb4cbfc8a45544ecce0 placed a bet of 1000 on Meat for round #68e562985afe66cc2dfc35c3
[2025-10-07T18:57:34.166Z] [32minfo[39m: Bet accepted: User 68e2abb4cbfc8a45544ecce0 placed 1000 on Meat (Bet ID: 68e5629e5afe66cc2dfc35d4)
[2025-10-07T18:57:34.654Z] [32minfo[39m: User 68e2abb4cbfc8a45544ecce0 placed a bet of 1000 on Tomato for round #68e562985afe66cc2dfc35c3
[2025-10-07T18:57:34.662Z] [32minfo[39m: Bet accepted: User 68e2abb4cbfc8a45544ecce0 placed 1000 on Tomato (Bet ID: 68e5629e5afe66cc2dfc35e6)
[2025-10-07T18:57:35.125Z] [32minfo[39m: User 68e2abb4cbfc8a45544ecce0 placed a bet of 1000 on Corn for round #68e562985afe66cc2dfc35c3
[2025-10-07T18:57:35.133Z] [32minfo[39m: Bet accepted: User 68e2abb4cbfc8a45544ecce0 placed 1000 on Corn (Bet ID: 68e5629f5afe66cc2dfc35f8)
[2025-10-07T18:57:35.517Z] [32minfo[39m: User 68e2abb4cbfc8a45544ecce0 placed a bet of 1000 on Sausage for round #68e562985afe66cc2dfc35c3
[2025-10-07T18:57:35.526Z] [32minfo[39m: Bet accepted: User 68e2abb4cbfc8a45544ecce0 placed 1000 on Sausage (Bet ID: 68e5629f5afe66cc2dfc360a)
[2025-10-07T18:57:35.965Z] [32minfo[39m: User 68e2abb4cbfc8a45544ecce0 placed a bet of 1000 on Lettuce for round #68e562985afe66cc2dfc35c3
[2025-10-07T18:57:35.971Z] [32minfo[39m: Bet accepted: User 68e2abb4cbfc8a45544ecce0 placed 1000 on Lettuce (Bet ID: 68e5629f5afe66cc2dfc361c)
[2025-10-07T18:57:36.637Z] [32minfo[39m: User 68e2abb4cbfc8a45544ecce0 placed a bet of 1000 on Carrot for round #68e562985afe66cc2dfc35c3
[2025-10-07T18:57:36.645Z] [32minfo[39m: Bet accepted: User 68e2abb4cbfc8a45544ecce0 placed 1000 on Carrot (Bet ID: 68e562a05afe66cc2dfc362e)
[2025-10-07T18:57:36.949Z] [32minfo[39m: User 68e2abb4cbfc8a45544ecce0 placed a bet of 1000 on Skewer for round #68e562985afe66cc2dfc35c3
[2025-10-07T18:57:36.956Z] [32minfo[39m: Bet accepted: User 68e2abb4cbfc8a45544ecce0 placed 1000 on Skewer (Bet ID: 68e562a05afe66cc2dfc3640)
[2025-10-07T18:57:37.300Z] [32minfo[39m: User 68e2abb4cbfc8a45544ecce0 placed a bet of 1000 on Ham for round #68e562985afe66cc2dfc35c3
[2025-10-07T18:57:37.308Z] [32minfo[39m: Bet accepted: User 68e2abb4cbfc8a45544ecce0 placed 1000 on Ham (Bet ID: 68e562a15afe66cc2dfc3652)
[2025-10-07T18:57:37.693Z] [32minfo[39m: User 68e2abb4cbfc8a45544ecce0 placed a bet of 1000 on Pizza for round #68e562985afe66cc2dfc35c3
[2025-10-07T18:57:37.700Z] [32minfo[39m: Bet accepted: User 68e2abb4cbfc8a45544ecce0 placed 1000 on Pizza (Bet ID: 68e562a15afe66cc2dfc3664)
[2025-10-07T18:57:38.334Z] [32minfo[39m: User 68e2abb4cbfc8a45544ecce0 placed a bet of 1000 on Salad for round #68e562985afe66cc2dfc35c3
[2025-10-07T18:57:38.343Z] [32minfo[39m: Bet accepted: User 68e2abb4cbfc8a45544ecce0 placed 1000 on Salad (Bet ID: 68e562a25afe66cc2dfc3676)
[2025-10-07T18:57:51.309Z] [32minfo[39m: User 68e2abb4cbfc8a45544ecce0 placed a bet of 600 on Meat for round #68e562985afe66cc2dfc35c3
[2025-10-07T18:57:51.317Z] [32minfo[39m: Bet accepted: User 68e2abb4cbfc8a45544ecce0 placed 600 on Meat (Bet ID: 68e562af5afe66cc2dfc3688)
[2025-10-07T18:57:54.813Z] [32minfo[39m: User 68e2abb4cbfc8a45544ecce0 placed a bet of 1000 on Ham for round #68e562985afe66cc2dfc35c3
[2025-10-07T18:57:54.819Z] [32minfo[39m: Bet accepted: User 68e2abb4cbfc8a45544ecce0 placed 1000 on Ham (Bet ID: 68e562b25afe66cc2dfc369a)
[2025-10-07T19:12:25.904Z] [32minfo[39m: User 68e2abb4cbfc8a45544ecce0 placed a bet of 500 on Meat for round #68e56615a6fc5330c2db5a29
[2025-10-07T19:12:25.918Z] [32minfo[39m: Bet accepted: User 68e2abb4cbfc8a45544ecce0 placed 500 on Meat (Bet ID: 68e56619a6fc5330c2db5a3a)
[2025-10-07T19:12:26.997Z] [32minfo[39m: User 68e2abb4cbfc8a45544ecce0 placed a bet of 500 on Tomato for round #68e56615a6fc5330c2db5a29
[2025-10-07T19:12:27.015Z] [32minfo[39m: Bet accepted: User 68e2abb4cbfc8a45544ecce0 placed 500 on Tomato (Bet ID: 68e5661ba6fc5330c2db5a4c)
[2025-10-07T19:12:28.031Z] [32minfo[39m: User 68e2abb4cbfc8a45544ecce0 placed a bet of 500 on Corn for round #68e56615a6fc5330c2db5a29
[2025-10-07T19:12:28.039Z] [32minfo[39m: Bet accepted: User 68e2abb4cbfc8a45544ecce0 placed 500 on Corn (Bet ID: 68e5661ca6fc5330c2db5a5e)
[2025-10-07T19:12:28.669Z] [32minfo[39m: User 68e2abb4cbfc8a45544ecce0 placed a bet of 500 on Sausage for round #68e56615a6fc5330c2db5a29
[2025-10-07T19:12:28.676Z] [32minfo[39m: Bet accepted: User 68e2abb4cbfc8a45544ecce0 placed 500 on Sausage (Bet ID: 68e5661ca6fc5330c2db5a70)
[2025-10-07T19:12:29.437Z] [32minfo[39m: User 68e2abb4cbfc8a45544ecce0 placed a bet of 500 on Lettuce for round #68e56615a6fc5330c2db5a29
[2025-10-07T19:12:29.444Z] [32minfo[39m: Bet accepted: User 68e2abb4cbfc8a45544ecce0 placed 500 on Lettuce (Bet ID: 68e5661da6fc5330c2db5a82)
[2025-10-07T19:12:31.181Z] [32minfo[39m: User 68e2abb4cbfc8a45544ecce0 placed a bet of 500 on Carrot for round #68e56615a6fc5330c2db5a29
[2025-10-07T19:12:31.188Z] [32minfo[39m: Bet accepted: User 68e2abb4cbfc8a45544ecce0 placed 500 on Carrot (Bet ID: 68e5661fa6fc5330c2db5a94)
[2025-10-07T19:12:31.772Z] [32minfo[39m: User 68e2abb4cbfc8a45544ecce0 placed a bet of 500 on Skewer for round #68e56615a6fc5330c2db5a29
[2025-10-07T19:12:31.779Z] [32minfo[39m: Bet accepted: User 68e2abb4cbfc8a45544ecce0 placed 500 on Skewer (Bet ID: 68e5661fa6fc5330c2db5aa6)
[2025-10-07T19:12:32.430Z] [32minfo[39m: User 68e2abb4cbfc8a45544ecce0 placed a bet of 500 on Ham for round #68e56615a6fc5330c2db5a29
[2025-10-07T19:12:32.436Z] [32minfo[39m: Bet accepted: User 68e2abb4cbfc8a45544ecce0 placed 500 on Ham (Bet ID: 68e56620a6fc5330c2db5ab8)
[2025-10-07T19:12:32.942Z] [32minfo[39m: User 68e2abb4cbfc8a45544ecce0 placed a bet of 500 on Pizza for round #68e56615a6fc5330c2db5a29
[2025-10-07T19:12:32.949Z] [32minfo[39m: Bet accepted: User 68e2abb4cbfc8a45544ecce0 placed 500 on Pizza (Bet ID: 68e56620a6fc5330c2db5aca)
[2025-10-07T19:12:33.645Z] [32minfo[39m: User 68e2abb4cbfc8a45544ecce0 placed a bet of 500 on Salad for round #68e56615a6fc5330c2db5a29
[2025-10-07T19:12:33.652Z] [32minfo[39m: Bet accepted: User 68e2abb4cbfc8a45544ecce0 placed 500 on Salad (Bet ID: 68e56621a6fc5330c2db5adc)
[2025-10-07T20:55:13.610Z] [32minfo[39m: User 68e2abb4cbfc8a45544ecce0 placed a bet of 500 on Meat for round #68e57e261d3396b508f55412
[2025-10-07T20:55:13.623Z] [32minfo[39m: Bet accepted: User 68e2abb4cbfc8a45544ecce0 placed 500 on Meat (Bet ID: 68e57e311d3396b508f55423)
[2025-10-07T20:55:14.567Z] [32minfo[39m: User 68e2abb4cbfc8a45544ecce0 placed a bet of 500 on Tomato for round #68e57e261d3396b508f55412
[2025-10-07T20:55:14.575Z] [32minfo[39m: Bet accepted: User 68e2abb4cbfc8a45544ecce0 placed 500 on Tomato (Bet ID: 68e57e321d3396b508f55435)
[2025-10-07T20:55:15.311Z] [32minfo[39m: User 68e2abb4cbfc8a45544ecce0 placed a bet of 500 on Corn for round #68e57e261d3396b508f55412
[2025-10-07T20:55:15.320Z] [32minfo[39m: Bet accepted: User 68e2abb4cbfc8a45544ecce0 placed 500 on Corn (Bet ID: 68e57e331d3396b508f55447)
[2025-10-07T20:55:15.863Z] [32minfo[39m: User 68e2abb4cbfc8a45544ecce0 placed a bet of 500 on Sausage for round #68e57e261d3396b508f55412
[2025-10-07T20:55:15.870Z] [32minfo[39m: Bet accepted: User 68e2abb4cbfc8a45544ecce0 placed 500 on Sausage (Bet ID: 68e57e331d3396b508f55459)
[2025-10-07T20:55:16.383Z] [32minfo[39m: User 68e2abb4cbfc8a45544ecce0 placed a bet of 500 on Lettuce for round #68e57e261d3396b508f55412
[2025-10-07T20:55:16.392Z] [32minfo[39m: Bet accepted: User 68e2abb4cbfc8a45544ecce0 placed 500 on Lettuce (Bet ID: 68e57e341d3396b508f5546b)
[2025-10-07T20:55:17.087Z] [32minfo[39m: User 68e2abb4cbfc8a45544ecce0 placed a bet of 500 on Salad for round #68e57e261d3396b508f55412
[2025-10-07T20:55:17.094Z] [32minfo[39m: Bet accepted: User 68e2abb4cbfc8a45544ecce0 placed 500 on Salad (Bet ID: 68e57e351d3396b508f5547d)
[2025-10-07T20:55:17.567Z] [32minfo[39m: User 68e2abb4cbfc8a45544ecce0 placed a bet of 500 on Pizza for round #68e57e261d3396b508f55412
[2025-10-07T20:55:17.574Z] [32minfo[39m: Bet accepted: User 68e2abb4cbfc8a45544ecce0 placed 500 on Pizza (Bet ID: 68e57e351d3396b508f5548f)
[2025-10-07T20:55:18.039Z] [32minfo[39m: User 68e2abb4cbfc8a45544ecce0 placed a bet of 500 on Ham for round #68e57e261d3396b508f55412
[2025-10-07T20:55:18.046Z] [32minfo[39m: Bet accepted: User 68e2abb4cbfc8a45544ecce0 placed 500 on Ham (Bet ID: 68e57e361d3396b508f554a1)
[2025-10-07T20:55:18.487Z] [32minfo[39m: User 68e2abb4cbfc8a45544ecce0 placed a bet of 500 on Skewer for round #68e57e261d3396b508f55412
[2025-10-07T20:55:18.494Z] [32minfo[39m: Bet accepted: User 68e2abb4cbfc8a45544ecce0 placed 500 on Skewer (Bet ID: 68e57e361d3396b508f554b3)
[2025-10-07T20:55:19.030Z] [32minfo[39m: User 68e2abb4cbfc8a45544ecce0 placed a bet of 500 on Carrot for round #68e57e261d3396b508f55412
[2025-10-07T20:55:19.038Z] [32minfo[39m: Bet accepted: User 68e2abb4cbfc8a45544ecce0 placed 500 on Carrot (Bet ID: 68e57e371d3396b508f554c5)
[2025-10-07T20:55:52.048Z] [32minfo[39m: User 68e2abb4cbfc8a45544ecce0 placed a bet of 500 on Meat for round #68e57e491d3396b508f554f1
[2025-10-07T20:55:52.055Z] [32minfo[39m: Bet accepted: User 68e2abb4cbfc8a45544ecce0 placed 500 on Meat (Bet ID: 68e57e581d3396b508f55504)
[2025-10-07T20:55:54.287Z] [32minfo[39m: User 68e2abb4cbfc8a45544ecce0 placed a bet of 500 on Tomato for round #68e57e491d3396b508f554f1
[2025-10-07T20:55:54.293Z] [32minfo[39m: Bet accepted: User 68e2abb4cbfc8a45544ecce0 placed 500 on Tomato (Bet ID: 68e57e5a1d3396b508f55516)
[2025-10-07T20:55:55.006Z] [32minfo[39m: User 68e2abb4cbfc8a45544ecce0 placed a bet of 500 on Corn for round #68e57e491d3396b508f554f1
[2025-10-07T20:55:55.014Z] [32minfo[39m: Bet accepted: User 68e2abb4cbfc8a45544ecce0 placed 500 on Corn (Bet ID: 68e57e5b1d3396b508f55528)
[2025-10-07T20:55:55.487Z] [32minfo[39m: User 68e2abb4cbfc8a45544ecce0 placed a bet of 500 on Sausage for round #68e57e491d3396b508f554f1
[2025-10-07T20:55:55.495Z] [32minfo[39m: Bet accepted: User 68e2abb4cbfc8a45544ecce0 placed 500 on Sausage (Bet ID: 68e57e5b1d3396b508f5553a)
[2025-10-07T20:55:56.119Z] [32minfo[39m: User 68e2abb4cbfc8a45544ecce0 placed a bet of 500 on Lettuce for round #68e57e491d3396b508f554f1
[2025-10-07T20:55:56.127Z] [32minfo[39m: Bet accepted: User 68e2abb4cbfc8a45544ecce0 placed 500 on Lettuce (Bet ID: 68e57e5c1d3396b508f5554c)
[2025-10-07T20:55:56.774Z] [32minfo[39m: User 68e2abb4cbfc8a45544ecce0 placed a bet of 500 on Carrot for round #68e57e491d3396b508f554f1
[2025-10-07T20:55:56.781Z] [32minfo[39m: Bet accepted: User 68e2abb4cbfc8a45544ecce0 placed 500 on Carrot (Bet ID: 68e57e5c1d3396b508f5555e)
[2025-10-07T20:55:57.198Z] [32minfo[39m: User 68e2abb4cbfc8a45544ecce0 placed a bet of 500 on Skewer for round #68e57e491d3396b508f554f1
[2025-10-07T20:55:57.205Z] [32minfo[39m: Bet accepted: User 68e2abb4cbfc8a45544ecce0 placed 500 on Skewer (Bet ID: 68e57e5d1d3396b508f55570)
[2025-10-07T20:55:57.671Z] [32minfo[39m: User 68e2abb4cbfc8a45544ecce0 placed a bet of 500 on Ham for round #68e57e491d3396b508f554f1
[2025-10-07T20:55:57.677Z] [32minfo[39m: Bet accepted: User 68e2abb4cbfc8a45544ecce0 placed 500 on Ham (Bet ID: 68e57e5d1d3396b508f55582)
[2025-10-07T20:55:58.191Z] [32minfo[39m: User 68e2abb4cbfc8a45544ecce0 placed a bet of 500 on Pizza for round #68e57e491d3396b508f554f1
[2025-10-07T20:55:58.197Z] [32minfo[39m: Bet accepted: User 68e2abb4cbfc8a45544ecce0 placed 500 on Pizza (Bet ID: 68e57e5e1d3396b508f55594)
[2025-10-07T20:55:59.206Z] [32minfo[39m: User 68e2abb4cbfc8a45544ecce0 placed a bet of 500 on Salad for round #68e57e491d3396b508f554f1
[2025-10-07T20:55:59.214Z] [32minfo[39m: Bet accepted: User 68e2abb4cbfc8a45544ecce0 placed 500 on Salad (Bet ID: 68e57e5f1d3396b508f555a6)
[2025-10-07T20:57:43.702Z] [32minfo[39m: User 68e2abb4cbfc8a45544ecce0 placed a bet of 500 on Meat for round #68e57eb21d3396b508f55627
[2025-10-07T20:57:43.709Z] [32minfo[39m: Bet accepted: User 68e2abb4cbfc8a45544ecce0 placed 500 on Meat (Bet ID: 68e57ec71d3396b508f55638)
[2025-10-07T20:57:44.319Z] [32minfo[39m: User 68e2abb4cbfc8a45544ecce0 placed a bet of 500 on Tomato for round #68e57eb21d3396b508f55627
[2025-10-07T20:57:44.326Z] [32minfo[39m: Bet accepted: User 68e2abb4cbfc8a45544ecce0 placed 500 on Tomato (Bet ID: 68e57ec81d3396b508f5564a)
[2025-10-07T20:57:44.992Z] [32minfo[39m: User 68e2abb4cbfc8a45544ecce0 placed a bet of 500 on Corn for round #68e57eb21d3396b508f55627
[2025-10-07T20:57:44.999Z] [32minfo[39m: Bet accepted: User 68e2abb4cbfc8a45544ecce0 placed 500 on Corn (Bet ID: 68e57ec81d3396b508f5565c)
[2025-10-07T20:57:45.418Z] [32minfo[39m: User 68e2abb4cbfc8a45544ecce0 placed a bet of 500 on Sausage for round #68e57eb21d3396b508f55627
[2025-10-07T20:57:45.424Z] [32minfo[39m: Bet accepted: User 68e2abb4cbfc8a45544ecce0 placed 500 on Sausage (Bet ID: 68e57ec91d3396b508f5566e)
[2025-10-07T20:57:45.881Z] [32minfo[39m: User 68e2abb4cbfc8a45544ecce0 placed a bet of 500 on Lettuce for round #68e57eb21d3396b508f55627
[2025-10-07T20:57:45.888Z] [32minfo[39m: Bet accepted: User 68e2abb4cbfc8a45544ecce0 placed 500 on Lettuce (Bet ID: 68e57ec91d3396b508f55680)
[2025-10-07T20:57:46.801Z] [32minfo[39m: User 68e2abb4cbfc8a45544ecce0 placed a bet of 500 on Carrot for round #68e57eb21d3396b508f55627
[2025-10-07T20:57:46.807Z] [32minfo[39m: Bet accepted: User 68e2abb4cbfc8a45544ecce0 placed 500 on Carrot (Bet ID: 68e57eca1d3396b508f55692)
[2025-10-07T20:57:47.193Z] [32minfo[39m: User 68e2abb4cbfc8a45544ecce0 placed a bet of 500 on Skewer for round #68e57eb21d3396b508f55627
[2025-10-07T20:57:47.199Z] [32minfo[39m: Bet accepted: User 68e2abb4cbfc8a45544ecce0 placed 500 on Skewer (Bet ID: 68e57ecb1d3396b508f556a4)
[2025-10-07T20:57:47.617Z] [32minfo[39m: User 68e2abb4cbfc8a45544ecce0 placed a bet of 500 on Ham for round #68e57eb21d3396b508f55627
[2025-10-07T20:57:47.623Z] [32minfo[39m: Bet accepted: User 68e2abb4cbfc8a45544ecce0 placed 500 on Ham (Bet ID: 68e57ecb1d3396b508f556b6)
[2025-10-07T20:57:48.051Z] [32minfo[39m: User 68e2abb4cbfc8a45544ecce0 placed a bet of 500 on Pizza for round #68e57eb21d3396b508f55627
[2025-10-07T20:57:48.068Z] [32minfo[39m: Bet accepted: User 68e2abb4cbfc8a45544ecce0 placed 500 on Pizza (Bet ID: 68e57ecc1d3396b508f556c8)
[2025-10-07T20:57:48.497Z] [32minfo[39m: User 68e2abb4cbfc8a45544ecce0 placed a bet of 500 on Salad for round #68e57eb21d3396b508f55627
[2025-10-07T20:57:48.505Z] [32minfo[39m: Bet accepted: User 68e2abb4cbfc8a45544ecce0 placed 500 on Salad (Bet ID: 68e57ecc1d3396b508f556da)
[2025-10-07T20:58:10.170Z] [32minfo[39m: User 68e2abb4cbfc8a45544ecce0 placed a bet of 500 on Ham for round #68e57ed51d3396b508f55706
[2025-10-07T20:58:10.176Z] [32minfo[39m: Bet accepted: User 68e2abb4cbfc8a45544ecce0 placed 500 on Ham (Bet ID: 68e57ee21d3396b508f55717)
[2025-10-07T21:00:39.592Z] [32minfo[39m: User 68e2abb4cbfc8a45544ecce0 placed a bet of 500 on Meat for round #68e57f611d3396b508f557c1
[2025-10-07T21:00:39.599Z] [32minfo[39m: Bet accepted: User 68e2abb4cbfc8a45544ecce0 placed 500 on Meat (Bet ID: 68e57f771d3396b508f557d2)
[2025-10-07T21:12:29.242Z] [32minfo[39m: User 68e2abb4cbfc8a45544ecce0 placed a bet of 500 on Meat for round #68e582385102262b7ddd5078
[2025-10-07T21:12:29.255Z] [32minfo[39m: Bet accepted: User 68e2abb4cbfc8a45544ecce0 placed 500 on Meat (Bet ID: 68e5823d5102262b7ddd5089)
[2025-10-07T21:12:29.648Z] [32minfo[39m: User 68e2abb4cbfc8a45544ecce0 placed a bet of 500 on Tomato for round #68e582385102262b7ddd5078
[2025-10-07T21:12:29.656Z] [32minfo[39m: Bet accepted: User 68e2abb4cbfc8a45544ecce0 placed 500 on Tomato (Bet ID: 68e5823d5102262b7ddd509b)
[2025-10-07T21:12:30.064Z] [32minfo[39m: User 68e2abb4cbfc8a45544ecce0 placed a bet of 500 on Corn for round #68e582385102262b7ddd5078
[2025-10-07T21:12:30.071Z] [32minfo[39m: Bet accepted: User 68e2abb4cbfc8a45544ecce0 placed 500 on Corn (Bet ID: 68e5823e5102262b7ddd50ad)
[2025-10-07T21:12:30.616Z] [32minfo[39m: User 68e2abb4cbfc8a45544ecce0 placed a bet of 500 on Sausage for round #68e582385102262b7ddd5078
[2025-10-07T21:12:30.624Z] [32minfo[39m: Bet accepted: User 68e2abb4cbfc8a45544ecce0 placed 500 on Sausage (Bet ID: 68e5823e5102262b7ddd50bf)
[2025-10-07T21:12:31.057Z] [32minfo[39m: User 68e2abb4cbfc8a45544ecce0 placed a bet of 500 on Lettuce for round #68e582385102262b7ddd5078
[2025-10-07T21:12:31.064Z] [32minfo[39m: Bet accepted: User 68e2abb4cbfc8a45544ecce0 placed 500 on Lettuce (Bet ID: 68e5823f5102262b7ddd50d1)
[2025-10-07T21:12:31.711Z] [32minfo[39m: User 68e2abb4cbfc8a45544ecce0 placed a bet of 500 on Carrot for round #68e582385102262b7ddd5078
[2025-10-07T21:12:31.720Z] [32minfo[39m: Bet accepted: User 68e2abb4cbfc8a45544ecce0 placed 500 on Carrot (Bet ID: 68e5823f5102262b7ddd50e3)
[2025-10-07T21:12:32.047Z] [32minfo[39m: User 68e2abb4cbfc8a45544ecce0 placed a bet of 500 on Ham for round #68e582385102262b7ddd5078
[2025-10-07T21:12:32.056Z] [32minfo[39m: Bet accepted: User 68e2abb4cbfc8a45544ecce0 placed 500 on Ham (Bet ID: 68e582405102262b7ddd50f5)
[2025-10-07T21:12:32.520Z] [32minfo[39m: User 68e2abb4cbfc8a45544ecce0 placed a bet of 500 on Skewer for round #68e582385102262b7ddd5078
[2025-10-07T21:12:32.527Z] [32minfo[39m: Bet accepted: User 68e2abb4cbfc8a45544ecce0 placed 500 on Skewer (Bet ID: 68e582405102262b7ddd5107)
[2025-10-07T21:12:33.128Z] [32minfo[39m: User 68e2abb4cbfc8a45544ecce0 placed a bet of 500 on Pizza for round #68e582385102262b7ddd5078
[2025-10-07T21:12:33.136Z] [32minfo[39m: Bet accepted: User 68e2abb4cbfc8a45544ecce0 placed 500 on Pizza (Bet ID: 68e582415102262b7ddd5119)
[2025-10-07T21:12:33.543Z] [32minfo[39m: User 68e2abb4cbfc8a45544ecce0 placed a bet of 500 on Salad for round #68e582385102262b7ddd5078
[2025-10-07T21:12:33.550Z] [32minfo[39m: Bet accepted: User 68e2abb4cbfc8a45544ecce0 placed 500 on Salad (Bet ID: 68e582415102262b7ddd512b)
[2025-10-07T21:12:38.191Z] [32minfo[39m: User 68e2abb4cbfc8a45544ecce0 placed a bet of 500 on Meat for round #68e582385102262b7ddd5078
[2025-10-07T21:12:38.197Z] [32minfo[39m: Bet accepted: User 68e2abb4cbfc8a45544ecce0 placed 500 on Meat (Bet ID: 68e582465102262b7ddd513d)
[2025-10-07T21:12:39.824Z] [32minfo[39m: User 68e2abb4cbfc8a45544ecce0 placed a bet of 500 on Tomato for round #68e582385102262b7ddd5078
[2025-10-07T21:12:39.830Z] [32minfo[39m: Bet accepted: User 68e2abb4cbfc8a45544ecce0 placed 500 on Tomato (Bet ID: 68e582475102262b7ddd514f)
[2025-10-07T21:12:40.375Z] [32minfo[39m: User 68e2abb4cbfc8a45544ecce0 placed a bet of 500 on Corn for round #68e582385102262b7ddd5078
[2025-10-07T21:12:40.381Z] [32minfo[39m: Bet accepted: User 68e2abb4cbfc8a45544ecce0 placed 500 on Corn (Bet ID: 68e582485102262b7ddd5161)
[2025-10-07T21:12:40.943Z] [32minfo[39m: User 68e2abb4cbfc8a45544ecce0 placed a bet of 500 on Sausage for round #68e582385102262b7ddd5078
[2025-10-07T21:12:40.949Z] [32minfo[39m: Bet accepted: User 68e2abb4cbfc8a45544ecce0 placed 500 on Sausage (Bet ID: 68e582485102262b7ddd5173)
[2025-10-07T21:12:41.544Z] [32minfo[39m: User 68e2abb4cbfc8a45544ecce0 placed a bet of 500 on Lettuce for round #68e582385102262b7ddd5078
[2025-10-07T21:12:41.551Z] [32minfo[39m: Bet accepted: User 68e2abb4cbfc8a45544ecce0 placed 500 on Lettuce (Bet ID: 68e582495102262b7ddd5185)
[2025-10-07T21:12:42.199Z] [32minfo[39m: User 68e2abb4cbfc8a45544ecce0 placed a bet of 500 on Pizza for round #68e582385102262b7ddd5078
[2025-10-07T21:12:42.205Z] [32minfo[39m: Bet accepted: User 68e2abb4cbfc8a45544ecce0 placed 500 on Pizza (Bet ID: 68e5824a5102262b7ddd5197)
[2025-10-07T21:12:42.615Z] [32minfo[39m: User 68e2abb4cbfc8a45544ecce0 placed a bet of 500 on Ham for round #68e582385102262b7ddd5078
[2025-10-07T21:12:42.621Z] [32minfo[39m: Bet accepted: User 68e2abb4cbfc8a45544ecce0 placed 500 on Ham (Bet ID: 68e5824a5102262b7ddd51a9)
[2025-10-07T21:12:43.095Z] [32minfo[39m: User 68e2abb4cbfc8a45544ecce0 placed a bet of 500 on Skewer for round #68e582385102262b7ddd5078
[2025-10-07T21:12:43.101Z] [32minfo[39m: Bet accepted: User 68e2abb4cbfc8a45544ecce0 placed 500 on Skewer (Bet ID: 68e5824b5102262b7ddd51bb)
[2025-10-07T21:12:43.439Z] [32minfo[39m: User 68e2abb4cbfc8a45544ecce0 placed a bet of 500 on Carrot for round #68e582385102262b7ddd5078
[2025-10-07T21:12:43.447Z] [32minfo[39m: Bet accepted: User 68e2abb4cbfc8a45544ecce0 placed 500 on Carrot (Bet ID: 68e5824b5102262b7ddd51cd)
[2025-10-07T21:12:43.807Z] [32minfo[39m: User 68e2abb4cbfc8a45544ecce0 placed a bet of 500 on Meat for round #68e582385102262b7ddd5078
[2025-10-07T21:12:43.813Z] [32minfo[39m: Bet accepted: User 68e2abb4cbfc8a45544ecce0 placed 500 on Meat (Bet ID: 68e5824b5102262b7ddd51df)
[2025-10-07T21:12:44.143Z] [32minfo[39m: User 68e2abb4cbfc8a45544ecce0 placed a bet of 500 on Tomato for round #68e582385102262b7ddd5078
[2025-10-07T21:12:44.149Z] [32minfo[39m: Bet accepted: User 68e2abb4cbfc8a45544ecce0 placed 500 on Tomato (Bet ID: 68e5824c5102262b7ddd51f1)
[2025-10-07T21:12:44.488Z] [32minfo[39m: User 68e2abb4cbfc8a45544ecce0 placed a bet of 500 on Corn for round #68e582385102262b7ddd5078
[2025-10-07T21:12:44.495Z] [32minfo[39m: Bet accepted: User 68e2abb4cbfc8a45544ecce0 placed 500 on Corn (Bet ID: 68e5824c5102262b7ddd5203)
[2025-10-07T21:12:44.848Z] [32minfo[39m: User 68e2abb4cbfc8a45544ecce0 placed a bet of 500 on Sausage for round #68e582385102262b7ddd5078
[2025-10-07T21:12:44.855Z] [32minfo[39m: Bet accepted: User 68e2abb4cbfc8a45544ecce0 placed 500 on Sausage (Bet ID: 68e5824c5102262b7ddd5215)
[2025-10-07T21:13:10.167Z] [32minfo[39m: User 68e2abb4cbfc8a45544ecce0 placed a bet of 500 on Meat for round #68e5825b5102262b7ddd5241
[2025-10-07T21:13:10.174Z] [32minfo[39m: Bet accepted: User 68e2abb4cbfc8a45544ecce0 placed 500 on Meat (Bet ID: 68e582665102262b7ddd5252)
[2025-10-07T21:13:11.440Z] [32minfo[39m: User 68e2abb4cbfc8a45544ecce0 placed a bet of 500 on Tomato for round #68e5825b5102262b7ddd5241
[2025-10-07T21:13:11.447Z] [32minfo[39m: Bet accepted: User 68e2abb4cbfc8a45544ecce0 placed 500 on Tomato (Bet ID: 68e582675102262b7ddd5264)
[2025-10-07T21:13:12.040Z] [32minfo[39m: User 68e2abb4cbfc8a45544ecce0 placed a bet of 500 on Corn for round #68e5825b5102262b7ddd5241
[2025-10-07T21:13:12.047Z] [32minfo[39m: Bet accepted: User 68e2abb4cbfc8a45544ecce0 placed 500 on Corn (Bet ID: 68e582685102262b7ddd5276)
[2025-10-07T21:13:12.663Z] [32minfo[39m: User 68e2abb4cbfc8a45544ecce0 placed a bet of 500 on Sausage for round #68e5825b5102262b7ddd5241
[2025-10-07T21:13:12.670Z] [32minfo[39m: Bet accepted: User 68e2abb4cbfc8a45544ecce0 placed 500 on Sausage (Bet ID: 68e582685102262b7ddd5288)
[2025-10-07T21:13:13.911Z] [32minfo[39m: User 68e2abb4cbfc8a45544ecce0 placed a bet of 500 on Lettuce for round #68e5825b5102262b7ddd5241
[2025-10-07T21:13:13.917Z] [32minfo[39m: Bet accepted: User 68e2abb4cbfc8a45544ecce0 placed 500 on Lettuce (Bet ID: 68e582695102262b7ddd529a)
[2025-10-07T21:27:23.094Z] [32minfo[39m: User 68e2abb4cbfc8a45544ecce0 placed a bet of 500 on Meat for round #68e585a291f4993214450753
[2025-10-07T21:27:23.111Z] [32minfo[39m: Bet accepted: User 68e2abb4cbfc8a45544ecce0 placed 500 on Meat (Bet ID: 68e585bb3b411db06fdc2380)
[2025-10-07T21:27:23.482Z] [32minfo[39m: User 68e2abb4cbfc8a45544ecce0 placed a bet of 500 on Tomato for round #68e585a291f4993214450753
[2025-10-07T21:27:23.492Z] [32minfo[39m: Bet accepted: User 68e2abb4cbfc8a45544ecce0 placed 500 on Tomato (Bet ID: 68e585bb3b411db06fdc2392)
[2025-10-07T21:27:23.992Z] [32minfo[39m: User 68e2abb4cbfc8a45544ecce0 placed a bet of 500 on Tomato for round #68e585a291f4993214450753
[2025-10-07T21:27:24.000Z] [32minfo[39m: Bet accepted: User 68e2abb4cbfc8a45544ecce0 placed 500 on Tomato (Bet ID: 68e585bb3b411db06fdc23a4)
[2025-10-07T21:27:24.385Z] [32minfo[39m: User 68e2abb4cbfc8a45544ecce0 placed a bet of 500 on Corn for round #68e585a291f4993214450753
[2025-10-07T21:27:24.392Z] [32minfo[39m: Bet accepted: User 68e2abb4cbfc8a45544ecce0 placed 500 on Corn (Bet ID: 68e585bc3b411db06fdc23b6)
[2025-10-07T21:27:24.609Z] [32minfo[39m: User 68e2abb4cbfc8a45544ecce0 placed a bet of 500 on Corn for round #68e585a291f4993214450753
[2025-10-07T21:27:24.617Z] [32minfo[39m: Bet accepted: User 68e2abb4cbfc8a45544ecce0 placed 500 on Corn (Bet ID: 68e585bc3b411db06fdc23c8)
[2025-10-07T21:27:24.816Z] [32minfo[39m: User 68e2abb4cbfc8a45544ecce0 placed a bet of 500 on Corn for round #68e585a291f4993214450753
[2025-10-07T21:27:24.823Z] [32minfo[39m: Bet accepted: User 68e2abb4cbfc8a45544ecce0 placed 500 on Corn (Bet ID: 68e585bc3b411db06fdc23da)
[2025-10-07T21:27:25.032Z] [32minfo[39m: User 68e2abb4cbfc8a45544ecce0 placed a bet of 500 on Corn for round #68e585a291f4993214450753
[2025-10-07T21:27:25.040Z] [32minfo[39m: Bet accepted: User 68e2abb4cbfc8a45544ecce0 placed 500 on Corn (Bet ID: 68e585bd3b411db06fdc23ec)
[2025-10-07T21:29:16.278Z] [32minfo[39m: User 68e2abb4cbfc8a45544ecce0 placed a bet of 500 on Meat for round #68e585ee3b411db06fdc243f
[2025-10-07T21:29:16.296Z] [32minfo[39m: Bet accepted: User 68e2abb4cbfc8a45544ecce0 placed 500 on Meat (Bet ID: 68e5862c13ebe400348c5a3a)
[2025-10-07T21:29:16.530Z] [32minfo[39m: User 68e2abb4cbfc8a45544ecce0 placed a bet of 500 on Meat for round #68e585ee3b411db06fdc243f
[2025-10-07T21:29:16.541Z] [32minfo[39m: Bet accepted: User 68e2abb4cbfc8a45544ecce0 placed 500 on Meat (Bet ID: 68e5862c13ebe400348c5a4c)
[2025-10-07T21:29:16.793Z] [32minfo[39m: User 68e2abb4cbfc8a45544ecce0 placed a bet of 500 on Meat for round #68e585ee3b411db06fdc243f
[2025-10-07T21:29:16.802Z] [32minfo[39m: Bet accepted: User 68e2abb4cbfc8a45544ecce0 placed 500 on Meat (Bet ID: 68e5862c13ebe400348c5a5e)
[2025-10-07T21:29:17.056Z] [32minfo[39m: User 68e2abb4cbfc8a45544ecce0 placed a bet of 500 on Meat for round #68e585ee3b411db06fdc243f
[2025-10-07T21:29:17.064Z] [32minfo[39m: Bet accepted: User 68e2abb4cbfc8a45544ecce0 placed 500 on Meat (Bet ID: 68e5862d13ebe400348c5a70)
[2025-10-07T21:29:17.299Z] [32minfo[39m: User 68e2abb4cbfc8a45544ecce0 placed a bet of 500 on Meat for round #68e585ee3b411db06fdc243f
[2025-10-07T21:29:17.309Z] [32minfo[39m: Bet accepted: User 68e2abb4cbfc8a45544ecce0 placed 500 on Meat (Bet ID: 68e5862d13ebe400348c5a82)
[2025-10-07T21:32:11.776Z] [32minfo[39m: User 68e2abb4cbfc8a45544ecce0 placed a bet of 500 on Meat for round #68e586d113ebe400348c5b50
[2025-10-07T21:32:11.783Z] [32minfo[39m: Bet accepted: User 68e2abb4cbfc8a45544ecce0 placed 500 on Meat (Bet ID: 68e586db13ebe400348c5b61)
[2025-10-07T21:32:12.152Z] [32minfo[39m: User 68e2abb4cbfc8a45544ecce0 placed a bet of 500 on Tomato for round #68e586d113ebe400348c5b50
[2025-10-07T21:32:12.159Z] [32minfo[39m: Bet accepted: User 68e2abb4cbfc8a45544ecce0 placed 500 on Tomato (Bet ID: 68e586dc13ebe400348c5b73)
[2025-10-07T21:32:12.489Z] [32minfo[39m: User 68e2abb4cbfc8a45544ecce0 placed a bet of 500 on Corn for round #68e586d113ebe400348c5b50
[2025-10-07T21:32:12.496Z] [32minfo[39m: Bet accepted: User 68e2abb4cbfc8a45544ecce0 placed 500 on Corn (Bet ID: 68e586dc13ebe400348c5b85)
[2025-10-07T21:32:12.840Z] [32minfo[39m: User 68e2abb4cbfc8a45544ecce0 placed a bet of 500 on Sausage for round #68e586d113ebe400348c5b50
[2025-10-07T21:32:12.847Z] [32minfo[39m: Bet accepted: User 68e2abb4cbfc8a45544ecce0 placed 500 on Sausage (Bet ID: 68e586dc13ebe400348c5b97)
[2025-10-07T21:32:13.296Z] [32minfo[39m: User 68e2abb4cbfc8a45544ecce0 placed a bet of 500 on Sausage for round #68e586d113ebe400348c5b50
[2025-10-07T21:32:13.302Z] [32minfo[39m: Bet accepted: User 68e2abb4cbfc8a45544ecce0 placed 500 on Sausage (Bet ID: 68e586dd13ebe400348c5ba9)
[2025-10-07T21:32:13.608Z] [32minfo[39m: User 68e2abb4cbfc8a45544ecce0 placed a bet of 500 on Lettuce for round #68e586d113ebe400348c5b50
[2025-10-07T21:32:13.614Z] [32minfo[39m: Bet accepted: User 68e2abb4cbfc8a45544ecce0 placed 500 on Lettuce (Bet ID: 68e586dd13ebe400348c5bbb)
[2025-10-07T21:32:14.183Z] [32minfo[39m: User 68e2abb4cbfc8a45544ecce0 placed a bet of 500 on Carrot for round #68e586d113ebe400348c5b50
[2025-10-07T21:32:14.191Z] [32minfo[39m: Bet accepted: User 68e2abb4cbfc8a45544ecce0 placed 500 on Carrot (Bet ID: 68e586de13ebe400348c5bcd)
[2025-10-07T21:32:14.464Z] [32minfo[39m: User 68e2abb4cbfc8a45544ecce0 placed a bet of 500 on Skewer for round #68e586d113ebe400348c5b50
[2025-10-07T21:32:14.470Z] [32minfo[39m: Bet accepted: User 68e2abb4cbfc8a45544ecce0 placed 500 on Skewer (Bet ID: 68e586de13ebe400348c5bdf)
[2025-10-07T21:32:14.776Z] [32minfo[39m: User 68e2abb4cbfc8a45544ecce0 placed a bet of 500 on Ham for round #68e586d113ebe400348c5b50
[2025-10-07T21:32:14.783Z] [32minfo[39m: Bet accepted: User 68e2abb4cbfc8a45544ecce0 placed 500 on Ham (Bet ID: 68e586de13ebe400348c5bf1)
[2025-10-07T21:32:15.127Z] [32minfo[39m: User 68e2abb4cbfc8a45544ecce0 placed a bet of 500 on Pizza for round #68e586d113ebe400348c5b50
[2025-10-07T21:32:15.134Z] [32minfo[39m: Bet accepted: User 68e2abb4cbfc8a45544ecce0 placed 500 on Pizza (Bet ID: 68e586df13ebe400348c5c03)
[2025-10-07T21:32:15.695Z] [32minfo[39m: User 68e2abb4cbfc8a45544ecce0 placed a bet of 500 on Salad for round #68e586d113ebe400348c5b50
[2025-10-07T21:32:15.701Z] [32minfo[39m: Bet accepted: User 68e2abb4cbfc8a45544ecce0 placed 500 on Salad (Bet ID: 68e586df13ebe400348c5c15)
