[2025-10-19T10:09:14.894Z] [32minfo[39m: User 68e211688b00d1a21b178838 placed a bet of 500 on Carrot for round #68f4b8bd74a919216d3555dc
[2025-10-19T10:15:43.380Z] [32minfo[39m: User 68e211688b00d1a21b178838 placed a bet of 500 on Meat for round #68f4ba4747fc61f85da14003
[2025-10-19T10:27:38.968Z] [32minfo[39m: User 68e211688b00d1a21b178838 placed a bet of 500 on Meat for round #68f4bd1556371032a9917923
[2025-10-19T10:27:39.941Z] [32minfo[39m: User 68e211688b00d1a21b178838 placed a bet of 500 on Tomato for round #68f4bd1556371032a9917923
[2025-10-19T10:27:40.861Z] [32minfo[39m: User 68e211688b00d1a21b178838 placed a bet of 500 on Corn for round #68f4bd1556371032a9917923
[2025-10-19T10:32:19.507Z] [32minfo[39m: User 68ef8f8530e6d9c7d7e939c5 placed a bet of 2000 on Sausage for round #68f4be1356371032a9929643
[2025-10-19T10:32:19.508Z] [33mwarn[39m: Warning: Insufficient balance, current balance: undefined, bet amount: 2000
[2025-10-19T10:32:19.515Z] [32minfo[39m: User 68ef8f8530e6d9c7d7e939c5 placed a bet of 2000 on Corn for round #68f4be1356371032a9929643
[2025-10-19T10:32:19.515Z] [33mwarn[39m: Warning: Insufficient balance, current balance: undefined, bet amount: 2000
[2025-10-19T10:36:14.662Z] [32minfo[39m: User 68e211688b00d1a21b178838 placed a bet of 500 on Sausage for round #68f4bf1c80c18bf7056542cd
[2025-10-19T10:36:17.689Z] [32minfo[39m: User 68e211688b00d1a21b178838 placed a bet of 500 on Lettuce for round #68f4bf1c80c18bf7056542cd
[2025-10-19T10:36:19.070Z] [32minfo[39m: User 68e211688b00d1a21b178838 placed a bet of 500 on Carrot for round #68f4bf1c80c18bf7056542cd
[2025-10-19T10:36:20.242Z] [32minfo[39m: User 68e211688b00d1a21b178838 placed a bet of 500 on Skewer for round #68f4bf1c80c18bf7056542cd
[2025-10-19T10:37:02.506Z] [32minfo[39m: User 68e211688b00d1a21b178838 placed a bet of 500 on Corn for round #68f4bf46b8fe11f9a020efe3
[2025-10-19T10:37:03.246Z] [32minfo[39m: User 68e211688b00d1a21b178838 placed a bet of 500 on Tomato for round #68f4bf46b8fe11f9a020efe3
[2025-10-19T10:42:37.073Z] [32minfo[39m: User 68e211688b00d1a21b178838 placed a bet of 500 on Corn for round #68f4c091b8fe11f9a0226629
[2025-10-19T10:42:37.971Z] [32minfo[39m: User 68e211688b00d1a21b178838 placed a bet of 500 on Lettuce for round #68f4c091b8fe11f9a0226629
[2025-10-19T10:42:38.286Z] [32minfo[39m: User 68e211688b00d1a21b178838 placed a bet of 500 on Carrot for round #68f4c091b8fe11f9a0226629
[2025-10-19T10:42:38.677Z] [32minfo[39m: User 68e211688b00d1a21b178838 placed a bet of 500 on Skewer for round #68f4c091b8fe11f9a0226629
[2025-10-19T10:42:39.019Z] [32minfo[39m: User 68e211688b00d1a21b178838 placed a bet of 500 on Ham for round #68f4c091b8fe11f9a0226629
[2025-10-19T10:42:39.990Z] [32minfo[39m: User 68e211688b00d1a21b178838 placed a bet of 500 on Tomato for round #68f4c091b8fe11f9a0226629
[2025-10-19T10:54:52.430Z] [32minfo[39m: User 68e211688b00d1a21b178838 placed a bet of 2000 on Sausage for round #68f4c37aaa84473e0e985fd9
[2025-10-19T10:54:53.688Z] [32minfo[39m: User 68e211688b00d1a21b178838 placed a bet of 2000 on Lettuce for round #68f4c37aaa84473e0e985fd9
[2025-10-19T10:54:54.941Z] [32minfo[39m: User 68e211688b00d1a21b178838 placed a bet of 2000 on Carrot for round #68f4c37aaa84473e0e985fd9
[2025-10-19T10:54:55.897Z] [32minfo[39m: User 68e211688b00d1a21b178838 placed a bet of 2000 on Skewer for round #68f4c37aaa84473e0e985fd9
[2025-10-19T10:54:56.749Z] [32minfo[39m: User 68e211688b00d1a21b178838 placed a bet of 2000 on Ham for round #68f4c37aaa84473e0e985fd9
[2025-10-19T10:54:57.436Z] [32minfo[39m: User 68e211688b00d1a21b178838 placed a bet of 2000 on Meat for round #68f4c37aaa84473e0e985fd9
[2025-10-19T10:54:58.040Z] [32minfo[39m: User 68e211688b00d1a21b178838 placed a bet of 2000 on Tomato for round #68f4c37aaa84473e0e985fd9
[2025-10-19T10:54:58.587Z] [32minfo[39m: User 68e211688b00d1a21b178838 placed a bet of 2000 on Corn for round #68f4c37aaa84473e0e985fd9
[2025-10-19T10:54:58.588Z] [33mwarn[39m: Warning: Insufficient balance, current balance: 250, bet amount: 2000
[2025-10-19T10:54:58.919Z] [32minfo[39m: User 68e211688b00d1a21b178838 placed a bet of 2000 on Sausage for round #68f4c37aaa84473e0e985fd9
[2025-10-19T10:54:58.920Z] [33mwarn[39m: Warning: Insufficient balance, current balance: 250, bet amount: 2000
[2025-10-19T10:56:05.344Z] [32minfo[39m: User 68e211688b00d1a21b178838 placed a bet of 500 on Lettuce for round #68f4c393aa84473e0e987dc5
[2025-10-19T10:56:06.641Z] [32minfo[39m: User 68e211688b00d1a21b178838 placed a bet of 500 on Sausage for round #68f4c393aa84473e0e987dc5
[2025-10-19T10:56:08.111Z] [32minfo[39m: User 68e211688b00d1a21b178838 placed a bet of 500 on Corn for round #68f4c393aa84473e0e987dc5
[2025-10-19T10:57:27.611Z] [32minfo[39m: User 68e211688b00d1a21b178838 placed a bet of 500 on Sausage for round #68f4c3cd7d7f417b5212469a
[2025-10-19T10:57:43.243Z] [32minfo[39m: User 68e211688b00d1a21b178838 placed a bet of 500 on Sausage for round #68f4c4254a4351ac6286ef67
[2025-10-19T10:57:44.766Z] [32minfo[39m: User 68e211688b00d1a21b178838 placed a bet of 500 on Meat for round #68f4c4254a4351ac6286ef67
[2025-10-19T10:57:45.173Z] [32minfo[39m: User 68e211688b00d1a21b178838 placed a bet of 500 on Tomato for round #68f4c4254a4351ac6286ef67
[2025-10-19T10:57:45.588Z] [32minfo[39m: User 68e211688b00d1a21b178838 placed a bet of 500 on Corn for round #68f4c4254a4351ac6286ef67
[2025-10-19T10:57:45.972Z] [32minfo[39m: User 68e211688b00d1a21b178838 placed a bet of 500 on Sausage for round #68f4c4254a4351ac6286ef67
[2025-10-19T10:57:46.378Z] [32minfo[39m: User 68e211688b00d1a21b178838 placed a bet of 500 on Lettuce for round #68f4c4254a4351ac6286ef67
[2025-10-19T11:00:40.475Z] [32minfo[39m: User 68e211688b00d1a21b178838 placed a bet of 500 on Meat for round #68f4c4c3d1a14d60bfc05132
[2025-10-19T11:00:41.038Z] [32minfo[39m: User 68e211688b00d1a21b178838 placed a bet of 500 on Tomato for round #68f4c4c3d1a14d60bfc05132
[2025-10-19T11:00:41.899Z] [32minfo[39m: User 68e211688b00d1a21b178838 placed a bet of 500 on Sausage for round #68f4c4c3d1a14d60bfc05132
[2025-10-19T11:00:42.292Z] [32minfo[39m: User 68e211688b00d1a21b178838 placed a bet of 500 on Lettuce for round #68f4c4c3d1a14d60bfc05132
[2025-10-19T11:00:42.966Z] [32minfo[39m: User 68e211688b00d1a21b178838 placed a bet of 500 on Carrot for round #68f4c4c3d1a14d60bfc05132
[2025-10-19T11:00:43.290Z] [32minfo[39m: User 68e211688b00d1a21b178838 placed a bet of 500 on Skewer for round #68f4c4c3d1a14d60bfc05132
[2025-10-19T11:00:44.124Z] [32minfo[39m: User 68e211688b00d1a21b178838 placed a bet of 500 on Ham for round #68f4c4c3d1a14d60bfc05132
[2025-10-19T11:00:59.876Z] [32minfo[39m: User 68e211688b00d1a21b178838 placed a bet of 500 on Meat for round #68f4c4e67c6f9045967d9041
[2025-10-19T11:01:00.371Z] [32minfo[39m: User 68e211688b00d1a21b178838 placed a bet of 500 on Tomato for round #68f4c4e67c6f9045967d9041
[2025-10-19T11:01:00.843Z] [32minfo[39m: User 68e211688b00d1a21b178838 placed a bet of 500 on Corn for round #68f4c4e67c6f9045967d9041
[2025-10-19T11:01:01.299Z] [32minfo[39m: User 68e211688b00d1a21b178838 placed a bet of 500 on Sausage for round #68f4c4e67c6f9045967d9041
[2025-10-19T11:01:01.704Z] [32minfo[39m: User 68e211688b00d1a21b178838 placed a bet of 500 on Lettuce for round #68f4c4e67c6f9045967d9041
[2025-10-19T11:01:02.203Z] [32minfo[39m: User 68e211688b00d1a21b178838 placed a bet of 500 on Carrot for round #68f4c4e67c6f9045967d9041
[2025-10-19T11:01:02.619Z] [32minfo[39m: User 68e211688b00d1a21b178838 placed a bet of 500 on Skewer for round #68f4c4e67c6f9045967d9041
[2025-10-19T11:01:03.122Z] [32minfo[39m: User 68e211688b00d1a21b178838 placed a bet of 500 on Ham for round #68f4c4e67c6f9045967d9041
[2025-10-19T11:01:03.643Z] [32minfo[39m: User 68e211688b00d1a21b178838 placed a bet of 500 on Pizza for round #68f4c4e67c6f9045967d9041
[2025-10-19T11:01:04.107Z] [32minfo[39m: User 68e211688b00d1a21b178838 placed a bet of 500 on Salad for round #68f4c4e67c6f9045967d9041
[2025-10-19T11:02:20.378Z] [32minfo[39m: User 68e211688b00d1a21b178838 placed a bet of 500 on Meat for round #68f4c531233e656080e07f45
[2025-10-19T11:02:20.960Z] [32minfo[39m: User 68e211688b00d1a21b178838 placed a bet of 500 on Tomato for round #68f4c531233e656080e07f45
[2025-10-19T11:02:21.479Z] [32minfo[39m: User 68e211688b00d1a21b178838 placed a bet of 500 on Corn for round #68f4c531233e656080e07f45
[2025-10-19T11:02:21.948Z] [32minfo[39m: User 68e211688b00d1a21b178838 placed a bet of 500 on Sausage for round #68f4c531233e656080e07f45
[2025-10-19T11:02:22.421Z] [32minfo[39m: User 68e211688b00d1a21b178838 placed a bet of 500 on Lettuce for round #68f4c531233e656080e07f45
[2025-10-19T11:02:23.107Z] [32minfo[39m: User 68e211688b00d1a21b178838 placed a bet of 500 on Carrot for round #68f4c531233e656080e07f45
[2025-10-19T11:02:23.531Z] [32minfo[39m: User 68e211688b00d1a21b178838 placed a bet of 500 on Skewer for round #68f4c531233e656080e07f45
[2025-10-19T11:02:23.979Z] [32minfo[39m: User 68e211688b00d1a21b178838 placed a bet of 500 on Ham for round #68f4c531233e656080e07f45
[2025-10-19T11:13:11.741Z] [32minfo[39m: User 68e211688b00d1a21b178838 placed a bet of 2000 on Sausage for round #68f4c7bf62e734055772c275
[2025-10-19T11:13:12.136Z] [32minfo[39m: User 68e211688b00d1a21b178838 placed a bet of 2000 on Corn for round #68f4c7bf62e734055772c275
[2025-10-19T11:13:13.694Z] [32minfo[39m: User 68e211688b00d1a21b178838 placed a bet of 2000 on Tomato for round #68f4c7bf62e734055772c275
[2025-10-19T11:13:16.450Z] [32minfo[39m: User 68e211688b00d1a21b178838 placed a bet of 500 on Meat for round #68f4c7bf62e734055772c275
[2025-10-19T11:13:17.081Z] [32minfo[39m: User 68e211688b00d1a21b178838 placed a bet of 500 on Tomato for round #68f4c7bf62e734055772c275
[2025-10-19T11:13:17.631Z] [32minfo[39m: User 68e211688b00d1a21b178838 placed a bet of 500 on Corn for round #68f4c7bf62e734055772c275
[2025-10-19T11:13:17.632Z] [33mwarn[39m: Warning: Insufficient balance, current balance: 435, bet amount: 500
[2025-10-19T11:13:18.064Z] [32minfo[39m: User 68e211688b00d1a21b178838 placed a bet of 500 on Sausage for round #68f4c7bf62e734055772c275
[2025-10-19T11:13:18.065Z] [33mwarn[39m: Warning: Insufficient balance, current balance: 435, bet amount: 500
[2025-10-19T11:13:18.448Z] [32minfo[39m: User 68e211688b00d1a21b178838 placed a bet of 500 on Lettuce for round #68f4c7bf62e734055772c275
[2025-10-19T11:13:18.448Z] [33mwarn[39m: Warning: Insufficient balance, current balance: 435, bet amount: 500
[2025-10-19T11:13:18.907Z] [32minfo[39m: User 68e211688b00d1a21b178838 placed a bet of 500 on Carrot for round #68f4c7bf62e734055772c275
[2025-10-19T11:13:18.908Z] [33mwarn[39m: Warning: Insufficient balance, current balance: 435, bet amount: 500
[2025-10-19T11:13:19.218Z] [32minfo[39m: User 68e211688b00d1a21b178838 placed a bet of 500 on Skewer for round #68f4c7bf62e734055772c275
[2025-10-19T11:13:19.219Z] [33mwarn[39m: Warning: Insufficient balance, current balance: 435, bet amount: 500
[2025-10-19T11:13:19.538Z] [32minfo[39m: User 68e211688b00d1a21b178838 placed a bet of 500 on Ham for round #68f4c7bf62e734055772c275
[2025-10-19T11:13:19.539Z] [33mwarn[39m: Warning: Insufficient balance, current balance: 435, bet amount: 500
[2025-10-19T11:13:19.870Z] [32minfo[39m: User 68e211688b00d1a21b178838 placed a bet of 500 on Pizza for round #68f4c7bf62e734055772c275
[2025-10-19T11:13:19.870Z] [33mwarn[39m: Warning: Insufficient balance, current balance: 435, bet amount: 500
[2025-10-19T11:13:20.232Z] [32minfo[39m: User 68e211688b00d1a21b178838 placed a bet of 500 on Salad for round #68f4c7bf62e734055772c275
[2025-10-19T11:13:20.233Z] [33mwarn[39m: Warning: Insufficient balance, current balance: 435, bet amount: 500
[2025-10-19T11:16:07.468Z] [32minfo[39m: User 68ef686c1fac360805eaa43d placed a bet of 2000 on Sausage for round #68f4c876318820a06f185176
[2025-10-19T11:16:08.039Z] [32minfo[39m: User 68ef686c1fac360805eaa43d placed a bet of 2000 on Corn for round #68f4c876318820a06f185176
[2025-10-19T11:16:08.466Z] [32minfo[39m: User 68ef686c1fac360805eaa43d placed a bet of 2000 on Tomato for round #68f4c876318820a06f185176
[2025-10-19T11:16:08.803Z] [32minfo[39m: User 68ef686c1fac360805eaa43d placed a bet of 2000 on Meat for round #68f4c876318820a06f185176
[2025-10-19T11:16:09.325Z] [32minfo[39m: User 68ef686c1fac360805eaa43d placed a bet of 2000 on Ham for round #68f4c876318820a06f185176
[2025-10-19T11:16:09.750Z] [32minfo[39m: User 68ef686c1fac360805eaa43d placed a bet of 2000 on Skewer for round #68f4c876318820a06f185176
[2025-10-19T11:16:10.044Z] [32minfo[39m: User 68ef686c1fac360805eaa43d placed a bet of 2000 on Carrot for round #68f4c876318820a06f185176
[2025-10-19T11:16:10.435Z] [32minfo[39m: User 68ef686c1fac360805eaa43d placed a bet of 2000 on Carrot for round #68f4c876318820a06f185176
[2025-10-19T11:16:10.696Z] [32minfo[39m: User 68ef686c1fac360805eaa43d placed a bet of 2000 on Lettuce for round #68f4c876318820a06f185176
[2025-10-19T11:16:11.089Z] [32minfo[39m: User 68ef686c1fac360805eaa43d placed a bet of 2000 on Sausage for round #68f4c876318820a06f185176
[2025-10-19T11:16:11.861Z] [32minfo[39m: User 68ef686c1fac360805eaa43d placed a bet of 2000 on Corn for round #68f4c876318820a06f185176
[2025-10-19T11:16:12.253Z] [32minfo[39m: User 68ef686c1fac360805eaa43d placed a bet of 2000 on Tomato for round #68f4c876318820a06f185176
[2025-10-19T11:16:12.630Z] [32minfo[39m: User 68ef686c1fac360805eaa43d placed a bet of 2000 on Meat for round #68f4c876318820a06f185176
[2025-10-19T11:16:13.026Z] [32minfo[39m: User 68ef686c1fac360805eaa43d placed a bet of 2000 on Ham for round #68f4c876318820a06f185176
[2025-10-19T11:16:13.451Z] [32minfo[39m: User 68ef686c1fac360805eaa43d placed a bet of 2000 on Skewer for round #68f4c876318820a06f185176
[2025-10-19T11:16:13.834Z] [32minfo[39m: User 68ef686c1fac360805eaa43d placed a bet of 2000 on Carrot for round #68f4c876318820a06f185176
[2025-10-19T11:16:14.357Z] [32minfo[39m: User 68ef686c1fac360805eaa43d placed a bet of 2000 on Lettuce for round #68f4c876318820a06f185176
[2025-10-19T11:16:14.879Z] [32minfo[39m: User 68ef686c1fac360805eaa43d placed a bet of 2000 on Sausage for round #68f4c876318820a06f185176
[2025-10-19T11:16:15.572Z] [32minfo[39m: User 68ef686c1fac360805eaa43d placed a bet of 2000 on Corn for round #68f4c876318820a06f185176
[2025-10-19T11:16:15.980Z] [32minfo[39m: User 68ef686c1fac360805eaa43d placed a bet of 2000 on Tomato for round #68f4c876318820a06f185176
[2025-10-19T11:16:16.513Z] [32minfo[39m: User 68ef686c1fac360805eaa43d placed a bet of 2000 on Meat for round #68f4c876318820a06f185176
[2025-10-19T11:16:16.911Z] [32minfo[39m: User 68ef686c1fac360805eaa43d placed a bet of 2000 on Ham for round #68f4c876318820a06f185176
[2025-10-19T11:16:17.478Z] [32minfo[39m: User 68ef686c1fac360805eaa43d placed a bet of 2000 on Skewer for round #68f4c876318820a06f185176
[2025-10-19T11:16:17.995Z] [32minfo[39m: User 68ef686c1fac360805eaa43d placed a bet of 2000 on Carrot for round #68f4c876318820a06f185176
[2025-10-19T11:16:18.388Z] [32minfo[39m: User 68ef686c1fac360805eaa43d placed a bet of 2000 on Lettuce for round #68f4c876318820a06f185176
[2025-10-19T11:16:18.831Z] [32minfo[39m: User 68ef686c1fac360805eaa43d placed a bet of 2000 on Sausage for round #68f4c876318820a06f185176
[2025-10-19T11:17:00.059Z] [32minfo[39m: User 68ef686c1fac360805eaa43d placed a bet of 1000 on Lettuce for round #68f4c8a9318820a06f189871
[2025-10-19T11:17:00.562Z] [32minfo[39m: User 68ef686c1fac360805eaa43d placed a bet of 1000 on Sausage for round #68f4c8a9318820a06f189871
[2025-10-19T11:17:00.868Z] [32minfo[39m: User 68ef686c1fac360805eaa43d placed a bet of 1000 on Corn for round #68f4c8a9318820a06f189871
[2025-10-19T11:17:01.199Z] [32minfo[39m: User 68ef686c1fac360805eaa43d placed a bet of 1000 on Tomato for round #68f4c8a9318820a06f189871
[2025-10-19T11:17:01.499Z] [32minfo[39m: User 68ef686c1fac360805eaa43d placed a bet of 1000 on Meat for round #68f4c8a9318820a06f189871
[2025-10-19T11:17:01.943Z] [32minfo[39m: User 68ef686c1fac360805eaa43d placed a bet of 1000 on Ham for round #68f4c8a9318820a06f189871
[2025-10-19T11:17:02.380Z] [32minfo[39m: User 68ef686c1fac360805eaa43d placed a bet of 1000 on Skewer for round #68f4c8a9318820a06f189871
[2025-10-19T11:17:02.771Z] [32minfo[39m: User 68ef686c1fac360805eaa43d placed a bet of 1000 on Carrot for round #68f4c8a9318820a06f189871
[2025-10-19T11:17:03.115Z] [32minfo[39m: User 68ef686c1fac360805eaa43d placed a bet of 1000 on Lettuce for round #68f4c8a9318820a06f189871
[2025-10-19T11:17:03.872Z] [32minfo[39m: User 68ef686c1fac360805eaa43d placed a bet of 1000 on Sausage for round #68f4c8a9318820a06f189871
[2025-10-19T11:17:04.212Z] [32minfo[39m: User 68ef686c1fac360805eaa43d placed a bet of 1000 on Corn for round #68f4c8a9318820a06f189871
[2025-10-19T11:17:04.564Z] [32minfo[39m: User 68ef686c1fac360805eaa43d placed a bet of 1000 on Tomato for round #68f4c8a9318820a06f189871
[2025-10-19T11:17:04.895Z] [32minfo[39m: User 68ef686c1fac360805eaa43d placed a bet of 1000 on Meat for round #68f4c8a9318820a06f189871
[2025-10-19T11:17:05.239Z] [32minfo[39m: User 68ef686c1fac360805eaa43d placed a bet of 1000 on Ham for round #68f4c8a9318820a06f189871
[2025-10-19T11:17:05.612Z] [32minfo[39m: User 68ef686c1fac360805eaa43d placed a bet of 1000 on Skewer for round #68f4c8a9318820a06f189871
[2025-10-19T11:17:06.336Z] [32minfo[39m: User 68ef686c1fac360805eaa43d placed a bet of 1000 on Lettuce for round #68f4c8a9318820a06f189871
[2025-10-19T11:17:06.759Z] [32minfo[39m: User 68ef686c1fac360805eaa43d placed a bet of 1000 on Sausage for round #68f4c8a9318820a06f189871
[2025-10-19T11:20:43.878Z] [32minfo[39m: User 68e211688b00d1a21b178838 placed a bet of 500 on Meat for round #68f4c986436b27e09aec4e23
[2025-10-19T11:20:43.884Z] [33mwarn[39m: Warning: Insufficient balance, current balance: 435, bet amount: 500
[2025-10-19T11:20:44.375Z] [32minfo[39m: User 68e211688b00d1a21b178838 placed a bet of 500 on Tomato for round #68f4c986436b27e09aec4e23
[2025-10-19T11:20:44.376Z] [33mwarn[39m: Warning: Insufficient balance, current balance: 435, bet amount: 500
[2025-10-19T11:20:44.766Z] [32minfo[39m: User 68e211688b00d1a21b178838 placed a bet of 500 on Corn for round #68f4c986436b27e09aec4e23
[2025-10-19T11:20:44.767Z] [33mwarn[39m: Warning: Insufficient balance, current balance: 435, bet amount: 500
[2025-10-19T11:20:45.305Z] [32minfo[39m: User 68e211688b00d1a21b178838 placed a bet of 500 on Sausage for round #68f4c986436b27e09aec4e23
[2025-10-19T11:20:45.306Z] [33mwarn[39m: Warning: Insufficient balance, current balance: 435, bet amount: 500
[2025-10-19T11:20:45.743Z] [32minfo[39m: User 68e211688b00d1a21b178838 placed a bet of 500 on Lettuce for round #68f4c986436b27e09aec4e23
[2025-10-19T11:20:45.744Z] [33mwarn[39m: Warning: Insufficient balance, current balance: 435, bet amount: 500
[2025-10-19T11:20:46.272Z] [32minfo[39m: User 68e211688b00d1a21b178838 placed a bet of 500 on Carrot for round #68f4c986436b27e09aec4e23
[2025-10-19T11:20:46.273Z] [33mwarn[39m: Warning: Insufficient balance, current balance: 435, bet amount: 500
[2025-10-19T11:20:46.904Z] [32minfo[39m: User 68e211688b00d1a21b178838 placed a bet of 500 on Skewer for round #68f4c986436b27e09aec4e23
[2025-10-19T11:20:46.905Z] [33mwarn[39m: Warning: Insufficient balance, current balance: 435, bet amount: 500
[2025-10-19T11:20:47.437Z] [32minfo[39m: User 68e211688b00d1a21b178838 placed a bet of 500 on Ham for round #68f4c986436b27e09aec4e23
[2025-10-19T11:20:47.437Z] [33mwarn[39m: Warning: Insufficient balance, current balance: 435, bet amount: 500
[2025-10-19T11:20:47.871Z] [32minfo[39m: User 68e211688b00d1a21b178838 placed a bet of 500 on Pizza for round #68f4c986436b27e09aec4e23
[2025-10-19T11:20:47.871Z] [33mwarn[39m: Warning: Insufficient balance, current balance: 435, bet amount: 500
[2025-10-19T11:20:48.710Z] [32minfo[39m: User 68e211688b00d1a21b178838 placed a bet of 500 on Salad for round #68f4c986436b27e09aec4e23
[2025-10-19T11:20:48.711Z] [33mwarn[39m: Warning: Insufficient balance, current balance: 435, bet amount: 500
[2025-10-19T11:21:48.152Z] [32minfo[39m: User 68ef686c1fac360805eaa43d placed a bet of 2000 on Sausage for round #68f4c9c7fe7af93a2e8b90df
[2025-10-19T11:21:55.072Z] [32minfo[39m: User 68ef686c1fac360805eaa43d placed a bet of 2000 on Corn for round #68f4c9c7fe7af93a2e8b90df
[2025-10-19T11:21:55.997Z] [32minfo[39m: User 68ef686c1fac360805eaa43d placed a bet of 2000 on Tomato for round #68f4c9c7fe7af93a2e8b90df
[2025-10-19T11:21:57.659Z] [32minfo[39m: User 68ef686c1fac360805eaa43d placed a bet of 2000 on Meat for round #68f4c9c7fe7af93a2e8b90df
[2025-10-19T11:21:57.733Z] [32minfo[39m: User 68ef686c1fac360805eaa43d placed a bet of 2000 on Ham for round #68f4c9c7fe7af93a2e8b90df
[2025-10-19T11:21:58.081Z] [32minfo[39m: User 68ef686c1fac360805eaa43d placed a bet of 2000 on Skewer for round #68f4c9c7fe7af93a2e8b90df
[2025-10-19T11:21:58.429Z] [32minfo[39m: User 68ef686c1fac360805eaa43d placed a bet of 2000 on Carrot for round #68f4c9c7fe7af93a2e8b90df
[2025-10-19T11:21:58.804Z] [32minfo[39m: User 68ef686c1fac360805eaa43d placed a bet of 2000 on Lettuce for round #68f4c9c7fe7af93a2e8b90df
[2025-10-19T11:22:30.458Z] [32minfo[39m: User 68ef686c1fac360805eaa43d placed a bet of 1000 on Sausage for round #68f4c9ee42f82568c28e134f
[2025-10-19T11:22:31.019Z] [32minfo[39m: User 68ef686c1fac360805eaa43d placed a bet of 1000 on Corn for round #68f4c9ee42f82568c28e134f
[2025-10-19T11:22:33.370Z] [32minfo[39m: User 68ef686c1fac360805eaa43d placed a bet of 1000 on Meat for round #68f4c9ee42f82568c28e134f
[2025-10-19T11:22:34.946Z] [32minfo[39m: User 68ef686c1fac360805eaa43d placed a bet of 1000 on Ham for round #68f4c9ee42f82568c28e134f
[2025-10-19T11:22:36.193Z] [32minfo[39m: User 68ef686c1fac360805eaa43d placed a bet of 1000 on Skewer for round #68f4c9ee42f82568c28e134f
[2025-10-19T11:22:36.210Z] [32minfo[39m: User 68ef686c1fac360805eaa43d placed a bet of 1000 on Carrot for round #68f4c9ee42f82568c28e134f
[2025-10-19T11:22:36.746Z] [32minfo[39m: User 68ef686c1fac360805eaa43d placed a bet of 1000 on Lettuce for round #68f4c9ee42f82568c28e134f
[2025-10-19T11:23:40.190Z] [32minfo[39m: User 68ef686c1fac360805eaa43d placed a bet of 2000 on Sausage for round #68f4ca31e3964a804e18405b
[2025-10-19T11:23:42.598Z] [32minfo[39m: User 68ef686c1fac360805eaa43d placed a bet of 2000 on Corn for round #68f4ca31e3964a804e18405b
[2025-10-19T11:24:03.847Z] [32minfo[39m: User 68ef686c1fac360805eaa43d placed a bet of 2000 on Meat for round #68f4ca4ae3964a804e185e48
[2025-10-19T11:28:20.042Z] [32minfo[39m: User 68ef686c1fac360805eaa43d placed a bet of 2000 on Corn for round #68f4cb532d61bc5f5857476d
[2025-10-19T11:28:21.034Z] [32minfo[39m: User 68ef686c1fac360805eaa43d placed a bet of 2000 on Tomato for round #68f4cb532d61bc5f5857476d
[2025-10-19T11:28:21.574Z] [32minfo[39m: User 68ef686c1fac360805eaa43d placed a bet of 2000 on Meat for round #68f4cb532d61bc5f5857476d
[2025-10-19T11:28:22.076Z] [32minfo[39m: User 68ef686c1fac360805eaa43d placed a bet of 2000 on Ham for round #68f4cb532d61bc5f5857476d
[2025-10-19T11:28:22.667Z] [32minfo[39m: User 68ef686c1fac360805eaa43d placed a bet of 2000 on Skewer for round #68f4cb532d61bc5f5857476d
[2025-10-19T11:28:23.077Z] [32minfo[39m: User 68ef686c1fac360805eaa43d placed a bet of 2000 on Carrot for round #68f4cb532d61bc5f5857476d
[2025-10-19T11:28:23.550Z] [32minfo[39m: User 68ef686c1fac360805eaa43d placed a bet of 2000 on Lettuce for round #68f4cb532d61bc5f5857476d
[2025-10-19T11:28:24.143Z] [32minfo[39m: User 68ef686c1fac360805eaa43d placed a bet of 2000 on Sausage for round #68f4cb532d61bc5f5857476d
[2025-10-19T11:28:46.840Z] [32minfo[39m: User 68ef686c1fac360805eaa43d placed a bet of 2000 on Sausage for round #68f4cb6d2d61bc5f585765ec
[2025-10-19T11:28:47.366Z] [32minfo[39m: User 68ef686c1fac360805eaa43d placed a bet of 2000 on Corn for round #68f4cb6d2d61bc5f585765ec
[2025-10-19T11:28:47.804Z] [32minfo[39m: User 68ef686c1fac360805eaa43d placed a bet of 2000 on Tomato for round #68f4cb6d2d61bc5f585765ec
[2025-10-19T11:28:48.225Z] [32minfo[39m: User 68ef686c1fac360805eaa43d placed a bet of 2000 on Meat for round #68f4cb6d2d61bc5f585765ec
[2025-10-19T11:28:48.570Z] [32minfo[39m: User 68ef686c1fac360805eaa43d placed a bet of 2000 on Ham for round #68f4cb6d2d61bc5f585765ec
[2025-10-19T11:28:49.018Z] [32minfo[39m: User 68ef686c1fac360805eaa43d placed a bet of 2000 on Skewer for round #68f4cb6d2d61bc5f585765ec
[2025-10-19T11:28:49.470Z] [32minfo[39m: User 68ef686c1fac360805eaa43d placed a bet of 2000 on Carrot for round #68f4cb6d2d61bc5f585765ec
[2025-10-19T11:28:49.879Z] [32minfo[39m: User 68ef686c1fac360805eaa43d placed a bet of 2000 on Lettuce for round #68f4cb6d2d61bc5f585765ec
[2025-10-19T11:28:50.456Z] [32minfo[39m: User 68ef686c1fac360805eaa43d placed a bet of 2000 on Sausage for round #68f4cb6d2d61bc5f585765ec
[2025-10-19T11:31:00.769Z] [32minfo[39m: User 68e211688b00d1a21b178838 placed a bet of 500 on Meat for round #68f4cbf16e26f007eec22e05
[2025-10-19T11:31:00.774Z] [33mwarn[39m: Warning: Insufficient balance, current balance: 435, bet amount: 500
[2025-10-19T11:31:01.213Z] [32minfo[39m: User 68e211688b00d1a21b178838 placed a bet of 500 on Tomato for round #68f4cbf16e26f007eec22e05
[2025-10-19T11:31:01.213Z] [33mwarn[39m: Warning: Insufficient balance, current balance: 435, bet amount: 500
[2025-10-19T11:31:01.514Z] [32minfo[39m: User 68ef686c1fac360805eaa43d placed a bet of 2000 on Sausage for round #68f4cbf16e26f007eec22e05
[2025-10-19T11:31:01.782Z] [32minfo[39m: User 68e211688b00d1a21b178838 placed a bet of 500 on Corn for round #68f4cbf16e26f007eec22e05
[2025-10-19T11:31:01.783Z] [33mwarn[39m: Warning: Insufficient balance, current balance: 435, bet amount: 500
[2025-10-19T11:31:02.344Z] [32minfo[39m: User 68e211688b00d1a21b178838 placed a bet of 500 on Sausage for round #68f4cbf16e26f007eec22e05
[2025-10-19T11:31:02.345Z] [33mwarn[39m: Warning: Insufficient balance, current balance: 435, bet amount: 500
[2025-10-19T11:31:02.403Z] [32minfo[39m: User 68ef686c1fac360805eaa43d placed a bet of 2000 on Corn for round #68f4cbf16e26f007eec22e05
[2025-10-19T11:31:02.786Z] [32minfo[39m: User 68ef686c1fac360805eaa43d placed a bet of 2000 on Tomato for round #68f4cbf16e26f007eec22e05
[2025-10-19T11:31:03.007Z] [32minfo[39m: User 68e211688b00d1a21b178838 placed a bet of 500 on Lettuce for round #68f4cbf16e26f007eec22e05
[2025-10-19T11:31:03.008Z] [33mwarn[39m: Warning: Insufficient balance, current balance: 435, bet amount: 500
[2025-10-19T11:31:03.395Z] [32minfo[39m: User 68ef686c1fac360805eaa43d placed a bet of 2000 on Meat for round #68f4cbf16e26f007eec22e05
[2025-10-19T11:31:04.060Z] [32minfo[39m: User 68ef686c1fac360805eaa43d placed a bet of 2000 on Ham for round #68f4cbf16e26f007eec22e05
[2025-10-19T11:31:04.255Z] [32minfo[39m: User 68e211688b00d1a21b178838 placed a bet of 500 on Carrot for round #68f4cbf16e26f007eec22e05
[2025-10-19T11:31:04.256Z] [33mwarn[39m: Warning: Insufficient balance, current balance: 435, bet amount: 500
[2025-10-19T11:31:04.514Z] [32minfo[39m: User 68ef686c1fac360805eaa43d placed a bet of 2000 on Skewer for round #68f4cbf16e26f007eec22e05
[2025-10-19T11:31:04.833Z] [32minfo[39m: User 68ef686c1fac360805eaa43d placed a bet of 2000 on Carrot for round #68f4cbf16e26f007eec22e05
[2025-10-19T11:31:04.932Z] [32minfo[39m: User 68e211688b00d1a21b178838 placed a bet of 500 on Skewer for round #68f4cbf16e26f007eec22e05
[2025-10-19T11:31:04.932Z] [33mwarn[39m: Warning: Insufficient balance, current balance: 435, bet amount: 500
[2025-10-19T11:31:05.157Z] [32minfo[39m: User 68ef686c1fac360805eaa43d placed a bet of 2000 on Lettuce for round #68f4cbf16e26f007eec22e05
[2025-10-19T11:31:06.102Z] [32minfo[39m: User 68e211688b00d1a21b178838 placed a bet of 500 on Ham for round #68f4cbf16e26f007eec22e05
[2025-10-19T11:31:06.103Z] [33mwarn[39m: Warning: Insufficient balance, current balance: 435, bet amount: 500
[2025-10-19T11:31:06.910Z] [32minfo[39m: User 68e211688b00d1a21b178838 placed a bet of 500 on Pizza for round #68f4cbf16e26f007eec22e05
[2025-10-19T11:31:06.911Z] [33mwarn[39m: Warning: Insufficient balance, current balance: 435, bet amount: 500
[2025-10-19T11:31:07.910Z] [32minfo[39m: User 68e211688b00d1a21b178838 placed a bet of 500 on Salad for round #68f4cbf16e26f007eec22e05
[2025-10-19T11:31:07.910Z] [33mwarn[39m: Warning: Insufficient balance, current balance: 435, bet amount: 500
[2025-10-19T11:32:25.237Z] [32minfo[39m: User 68e211688b00d1a21b178838 placed a bet of 500 on Meat for round #68f4cc3e6e26f007eec28906
[2025-10-19T11:32:25.238Z] [33mwarn[39m: Warning: Insufficient balance, current balance: 435, bet amount: 500
[2025-10-19T11:32:25.781Z] [32minfo[39m: User 68e211688b00d1a21b178838 placed a bet of 500 on Tomato for round #68f4cc3e6e26f007eec28906
[2025-10-19T11:32:25.782Z] [33mwarn[39m: Warning: Insufficient balance, current balance: 435, bet amount: 500
[2025-10-19T11:32:26.228Z] [32minfo[39m: User 68e211688b00d1a21b178838 placed a bet of 500 on Corn for round #68f4cc3e6e26f007eec28906
[2025-10-19T11:32:26.229Z] [33mwarn[39m: Warning: Insufficient balance, current balance: 435, bet amount: 500
[2025-10-19T11:32:26.719Z] [32minfo[39m: User 68e211688b00d1a21b178838 placed a bet of 500 on Sausage for round #68f4cc3e6e26f007eec28906
[2025-10-19T11:32:26.719Z] [33mwarn[39m: Warning: Insufficient balance, current balance: 435, bet amount: 500
[2025-10-19T11:32:27.206Z] [32minfo[39m: User 68e211688b00d1a21b178838 placed a bet of 500 on Lettuce for round #68f4cc3e6e26f007eec28906
[2025-10-19T11:32:27.207Z] [33mwarn[39m: Warning: Insufficient balance, current balance: 435, bet amount: 500
[2025-10-19T11:32:28.277Z] [32minfo[39m: User 68e211688b00d1a21b178838 placed a bet of 500 on Carrot for round #68f4cc3e6e26f007eec28906
[2025-10-19T11:32:28.278Z] [33mwarn[39m: Warning: Insufficient balance, current balance: 435, bet amount: 500
[2025-10-19T11:32:28.676Z] [32minfo[39m: User 68e211688b00d1a21b178838 placed a bet of 500 on Skewer for round #68f4cc3e6e26f007eec28906
[2025-10-19T11:32:28.677Z] [33mwarn[39m: Warning: Insufficient balance, current balance: 435, bet amount: 500
[2025-10-19T11:32:29.182Z] [32minfo[39m: User 68e211688b00d1a21b178838 placed a bet of 500 on Ham for round #68f4cc3e6e26f007eec28906
[2025-10-19T11:32:29.183Z] [33mwarn[39m: Warning: Insufficient balance, current balance: 435, bet amount: 500
[2025-10-19T11:40:56.992Z] [32minfo[39m: User 68e211688b00d1a21b178838 placed a bet of 500 on Meat for round #68f4ce480a3c4f7f844b4982
[2025-10-19T11:40:56.995Z] [33mwarn[39m: Warning: Insufficient balance, current balance: 435, bet amount: 500
[2025-10-19T11:40:57.643Z] [32minfo[39m: User 68e211688b00d1a21b178838 placed a bet of 500 on Tomato for round #68f4ce480a3c4f7f844b4982
[2025-10-19T11:40:57.644Z] [33mwarn[39m: Warning: Insufficient balance, current balance: 435, bet amount: 500
[2025-10-19T11:40:58.171Z] [32minfo[39m: User 68e211688b00d1a21b178838 placed a bet of 500 on Corn for round #68f4ce480a3c4f7f844b4982
[2025-10-19T11:40:58.172Z] [33mwarn[39m: Warning: Insufficient balance, current balance: 435, bet amount: 500
[2025-10-19T11:40:58.699Z] [32minfo[39m: User 68e211688b00d1a21b178838 placed a bet of 500 on Sausage for round #68f4ce480a3c4f7f844b4982
[2025-10-19T11:40:58.700Z] [33mwarn[39m: Warning: Insufficient balance, current balance: 435, bet amount: 500
[2025-10-19T11:40:59.163Z] [32minfo[39m: User 68e211688b00d1a21b178838 placed a bet of 500 on Lettuce for round #68f4ce480a3c4f7f844b4982
[2025-10-19T11:40:59.164Z] [33mwarn[39m: Warning: Insufficient balance, current balance: 435, bet amount: 500
[2025-10-19T11:40:59.844Z] [32minfo[39m: User 68e211688b00d1a21b178838 placed a bet of 500 on Carrot for round #68f4ce480a3c4f7f844b4982
[2025-10-19T11:40:59.845Z] [33mwarn[39m: Warning: Insufficient balance, current balance: 435, bet amount: 500
[2025-10-19T11:41:00.357Z] [32minfo[39m: User 68e211688b00d1a21b178838 placed a bet of 500 on Skewer for round #68f4ce480a3c4f7f844b4982
[2025-10-19T11:41:00.358Z] [33mwarn[39m: Warning: Insufficient balance, current balance: 435, bet amount: 500
[2025-10-19T11:41:00.843Z] [32minfo[39m: User 68e211688b00d1a21b178838 placed a bet of 500 on Ham for round #68f4ce480a3c4f7f844b4982
[2025-10-19T11:41:00.844Z] [33mwarn[39m: Warning: Insufficient balance, current balance: 435, bet amount: 500
[2025-10-19T11:41:01.972Z] [32minfo[39m: User 68e211688b00d1a21b178838 placed a bet of 500 on Salad for round #68f4ce480a3c4f7f844b4982
[2025-10-19T11:41:01.973Z] [33mwarn[39m: Warning: Insufficient balance, current balance: 435, bet amount: 500
[2025-10-19T11:41:22.790Z] [32minfo[39m: User 68e211688b00d1a21b178838 placed a bet of 500 on Meat for round #68f4ce610a3c4f7f844b6824
[2025-10-19T11:41:23.426Z] [32minfo[39m: User 68e211688b00d1a21b178838 placed a bet of 500 on Tomato for round #68f4ce610a3c4f7f844b6824
[2025-10-19T11:41:23.906Z] [32minfo[39m: User 68e211688b00d1a21b178838 placed a bet of 500 on Corn for round #68f4ce610a3c4f7f844b6824
[2025-10-19T11:41:24.434Z] [32minfo[39m: User 68e211688b00d1a21b178838 placed a bet of 500 on Sausage for round #68f4ce610a3c4f7f844b6824
[2025-10-19T11:41:24.995Z] [32minfo[39m: User 68e211688b00d1a21b178838 placed a bet of 500 on Carrot for round #68f4ce610a3c4f7f844b6824
[2025-10-19T11:41:25.362Z] [32minfo[39m: User 68e211688b00d1a21b178838 placed a bet of 500 on Skewer for round #68f4ce610a3c4f7f844b6824
[2025-10-19T11:41:25.667Z] [32minfo[39m: User 68e211688b00d1a21b178838 placed a bet of 500 on Ham for round #68f4ce610a3c4f7f844b6824
[2025-10-19T11:41:26.123Z] [32minfo[39m: User 68e211688b00d1a21b178838 placed a bet of 500 on Pizza for round #68f4ce610a3c4f7f844b6824
[2025-10-19T11:41:26.531Z] [32minfo[39m: User 68e211688b00d1a21b178838 placed a bet of 500 on Salad for round #68f4ce610a3c4f7f844b6824
[2025-10-19T11:41:26.874Z] [32minfo[39m: User 68e211688b00d1a21b178838 placed a bet of 500 on Lettuce for round #68f4ce610a3c4f7f844b6824
[2025-10-19T11:44:21.749Z] [32minfo[39m: User 68ef686c1fac360805eaa43d placed a bet of 2000 on Sausage for round #68f4cf130a3c4f7f844c3d5a
[2025-10-19T11:44:22.427Z] [32minfo[39m: User 68ef686c1fac360805eaa43d placed a bet of 2000 on Corn for round #68f4cf130a3c4f7f844c3d5a
[2025-10-19T11:44:22.806Z] [32minfo[39m: User 68ef686c1fac360805eaa43d placed a bet of 2000 on Tomato for round #68f4cf130a3c4f7f844c3d5a
[2025-10-19T11:44:23.290Z] [32minfo[39m: User 68ef686c1fac360805eaa43d placed a bet of 2000 on Meat for round #68f4cf130a3c4f7f844c3d5a
[2025-10-19T11:44:23.771Z] [32minfo[39m: User 68ef686c1fac360805eaa43d placed a bet of 2000 on Ham for round #68f4cf130a3c4f7f844c3d5a
[2025-10-19T11:44:24.187Z] [32minfo[39m: User 68ef686c1fac360805eaa43d placed a bet of 2000 on Skewer for round #68f4cf130a3c4f7f844c3d5a
[2025-10-19T11:44:24.576Z] [32minfo[39m: User 68ef686c1fac360805eaa43d placed a bet of 2000 on Carrot for round #68f4cf130a3c4f7f844c3d5a
[2025-10-19T11:44:25.046Z] [32minfo[39m: User 68ef686c1fac360805eaa43d placed a bet of 2000 on Lettuce for round #68f4cf130a3c4f7f844c3d5a
[2025-10-19T11:44:25.345Z] [32minfo[39m: User 68ef686c1fac360805eaa43d placed a bet of 2000 on Sausage for round #68f4cf130a3c4f7f844c3d5a
[2025-10-19T11:44:25.938Z] [32minfo[39m: User 68ef686c1fac360805eaa43d placed a bet of 2000 on Corn for round #68f4cf130a3c4f7f844c3d5a
[2025-10-19T11:44:26.249Z] [32minfo[39m: User 68ef686c1fac360805eaa43d placed a bet of 2000 on Tomato for round #68f4cf130a3c4f7f844c3d5a
[2025-10-19T11:44:26.637Z] [32minfo[39m: User 68ef686c1fac360805eaa43d placed a bet of 2000 on Meat for round #68f4cf130a3c4f7f844c3d5a
[2025-10-19T11:44:26.971Z] [32minfo[39m: User 68ef686c1fac360805eaa43d placed a bet of 2000 on Ham for round #68f4cf130a3c4f7f844c3d5a
[2025-10-19T11:44:27.387Z] [32minfo[39m: User 68ef686c1fac360805eaa43d placed a bet of 2000 on Skewer for round #68f4cf130a3c4f7f844c3d5a
[2025-10-19T11:44:27.668Z] [32minfo[39m: User 68ef686c1fac360805eaa43d placed a bet of 2000 on Carrot for round #68f4cf130a3c4f7f844c3d5a
[2025-10-19T11:44:28.681Z] [32minfo[39m: User 68ef686c1fac360805eaa43d placed a bet of 2000 on Sausage for round #68f4cf130a3c4f7f844c3d5a
[2025-10-19T11:49:42.645Z] [32minfo[39m: User 68e211688b00d1a21b178838 placed a bet of 500 on Meat for round #68f4d04d51652c134157fe2a
[2025-10-19T11:49:43.132Z] [32minfo[39m: User 68e211688b00d1a21b178838 placed a bet of 500 on Tomato for round #68f4d04d51652c134157fe2a
[2025-10-19T11:49:43.531Z] [32minfo[39m: User 68e211688b00d1a21b178838 placed a bet of 500 on Corn for round #68f4d04d51652c134157fe2a
[2025-10-19T11:49:43.932Z] [32minfo[39m: User 68e211688b00d1a21b178838 placed a bet of 500 on Sausage for round #68f4d04d51652c134157fe2a
[2025-10-19T11:49:44.499Z] [32minfo[39m: User 68e211688b00d1a21b178838 placed a bet of 500 on Lettuce for round #68f4d04d51652c134157fe2a
[2025-10-19T11:49:45.218Z] [32minfo[39m: User 68e211688b00d1a21b178838 placed a bet of 500 on Carrot for round #68f4d04d51652c134157fe2a
[2025-10-19T11:49:45.568Z] [32minfo[39m: User 68e211688b00d1a21b178838 placed a bet of 500 on Skewer for round #68f4d04d51652c134157fe2a
[2025-10-19T11:49:46.033Z] [32minfo[39m: User 68e211688b00d1a21b178838 placed a bet of 500 on Ham for round #68f4d04d51652c134157fe2a
[2025-10-19T11:49:46.441Z] [32minfo[39m: User 68e211688b00d1a21b178838 placed a bet of 500 on Pizza for round #68f4d04d51652c134157fe2a
[2025-10-19T11:49:46.807Z] [32minfo[39m: User 68e211688b00d1a21b178838 placed a bet of 500 on Salad for round #68f4d04d51652c134157fe2a
[2025-10-19T12:04:43.733Z] [32minfo[39m: User 68ef686c1fac360805eaa43d placed a bet of 2000 on Lettuce for round #68f4d3d9e721fc71ac4d55dc
[2025-10-19T12:04:44.621Z] [32minfo[39m: User 68ef686c1fac360805eaa43d placed a bet of 2000 on Sausage for round #68f4d3d9e721fc71ac4d55dc
[2025-10-19T12:04:45.265Z] [32minfo[39m: User 68ef686c1fac360805eaa43d placed a bet of 2000 on Corn for round #68f4d3d9e721fc71ac4d55dc
[2025-10-19T12:04:45.716Z] [32minfo[39m: User 68ef686c1fac360805eaa43d placed a bet of 2000 on Tomato for round #68f4d3d9e721fc71ac4d55dc
[2025-10-19T12:04:46.125Z] [32minfo[39m: User 68ef686c1fac360805eaa43d placed a bet of 2000 on Meat for round #68f4d3d9e721fc71ac4d55dc
[2025-10-19T12:04:46.558Z] [32minfo[39m: User 68ef686c1fac360805eaa43d placed a bet of 2000 on Ham for round #68f4d3d9e721fc71ac4d55dc
[2025-10-19T12:04:47.060Z] [32minfo[39m: User 68ef686c1fac360805eaa43d placed a bet of 2000 on Skewer for round #68f4d3d9e721fc71ac4d55dc
[2025-10-19T12:04:47.427Z] [32minfo[39m: User 68ef686c1fac360805eaa43d placed a bet of 2000 on Carrot for round #68f4d3d9e721fc71ac4d55dc
[2025-10-19T12:04:51.450Z] [32minfo[39m: User 68ef686c1fac360805eaa43d placed a bet of 2000 on Lettuce for round #68f4d3d9e721fc71ac4d55dc
[2025-10-19T12:04:52.094Z] [32minfo[39m: User 68ef686c1fac360805eaa43d placed a bet of 2000 on Sausage for round #68f4d3d9e721fc71ac4d55dc
[2025-10-19T12:04:52.479Z] [32minfo[39m: User 68ef686c1fac360805eaa43d placed a bet of 2000 on Corn for round #68f4d3d9e721fc71ac4d55dc
[2025-10-19T12:04:52.827Z] [32minfo[39m: User 68ef686c1fac360805eaa43d placed a bet of 2000 on Tomato for round #68f4d3d9e721fc71ac4d55dc
[2025-10-19T12:05:36.330Z] [32minfo[39m: User 68ef686c1fac360805eaa43d placed a bet of 2000 on Sausage for round #68f4d40ce721fc71ac4d944b
[2025-10-19T12:05:36.681Z] [32minfo[39m: User 68ef686c1fac360805eaa43d placed a bet of 2000 on Lettuce for round #68f4d40ce721fc71ac4d944b
[2025-10-19T12:05:39.245Z] [32minfo[39m: User 68ef686c1fac360805eaa43d placed a bet of 2000 on Carrot for round #68f4d40ce721fc71ac4d944b
[2025-10-19T12:05:39.297Z] [32minfo[39m: User 68ef686c1fac360805eaa43d placed a bet of 2000 on Skewer for round #68f4d40ce721fc71ac4d944b
[2025-10-19T12:05:39.771Z] [32minfo[39m: User 68ef686c1fac360805eaa43d placed a bet of 2000 on Ham for round #68f4d40ce721fc71ac4d944b
[2025-10-19T12:05:40.828Z] [32minfo[39m: User 68ef686c1fac360805eaa43d placed a bet of 2000 on Meat for round #68f4d40ce721fc71ac4d944b
[2025-10-19T12:05:41.665Z] [32minfo[39m: User 68ef686c1fac360805eaa43d placed a bet of 2000 on Tomato for round #68f4d40ce721fc71ac4d944b
[2025-10-19T12:05:42.811Z] [32minfo[39m: User 68ef686c1fac360805eaa43d placed a bet of 2000 on Sausage for round #68f4d40ce721fc71ac4d944b
