[2025-10-09T06:12:59.310Z] [32minfo[39m: User 68e211688b00d1a21b178838 placed a bet of 500 on Meat for round #68e75256d65aeb122c0be49e
[2025-10-09T06:12:59.952Z] [32minfo[39m: User 68e211688b00d1a21b178838 placed a bet of 500 on Tomato for round #68e75256d65aeb122c0be49e
[2025-10-09T06:13:00.330Z] [32minfo[39m: User 68e211688b00d1a21b178838 placed a bet of 500 on Corn for round #68e75256d65aeb122c0be49e
[2025-10-09T06:13:00.870Z] [32minfo[39m: User 68e211688b00d1a21b178838 placed a bet of 500 on Corn for round #68e75256d65aeb122c0be49e
[2025-10-09T06:13:01.200Z] [32minfo[39m: User 68e211688b00d1a21b178838 placed a bet of 500 on Sausage for round #68e75256d65aeb122c0be49e
[2025-10-09T06:13:01.752Z] [32minfo[39m: User 68e211688b00d1a21b178838 placed a bet of 500 on Lettuce for round #68e75256d65aeb122c0be49e
[2025-10-09T06:13:02.453Z] [32minfo[39m: User 68e211688b00d1a21b178838 placed a bet of 500 on Carrot for round #68e75256d65aeb122c0be49e
[2025-10-09T06:13:02.806Z] [32minfo[39m: User 68e211688b00d1a21b178838 placed a bet of 500 on Skewer for round #68e75256d65aeb122c0be49e
[2025-10-09T06:13:03.374Z] [32minfo[39m: User 68e211688b00d1a21b178838 placed a bet of 500 on Ham for round #68e75256d65aeb122c0be49e
[2025-10-09T06:16:30.188Z] [32minfo[39m: User 68e211688b00d1a21b178838 placed a bet of 500 on Meat for round #68e753350c0181a724ddb1d2
[2025-10-09T06:16:31.304Z] [32minfo[39m: User 68e211688b00d1a21b178838 placed a bet of 500 on Tomato for round #68e753350c0181a724ddb1d2
[2025-10-09T06:18:27.196Z] [32minfo[39m: User 68e211688b00d1a21b178838 placed a bet of 500 on Meat for round #68e753a24f00cc8688a5e367
[2025-10-09T06:18:27.678Z] [32minfo[39m: User 68e211688b00d1a21b178838 placed a bet of 500 on Tomato for round #68e753a24f00cc8688a5e367
[2025-10-09T06:18:28.127Z] [32minfo[39m: User 68e211688b00d1a21b178838 placed a bet of 500 on Corn for round #68e753a24f00cc8688a5e367
[2025-10-09T06:18:28.732Z] [32minfo[39m: User 68e211688b00d1a21b178838 placed a bet of 500 on Sausage for round #68e753a24f00cc8688a5e367
[2025-10-09T06:18:29.398Z] [32minfo[39m: User 68e211688b00d1a21b178838 placed a bet of 500 on Lettuce for round #68e753a24f00cc8688a5e367
[2025-10-09T06:22:08.646Z] [32minfo[39m: User 68e211688b00d1a21b178838 placed a bet of 500 on Meat for round #68e754805cca748924386525
[2025-10-09T06:22:10.004Z] [32minfo[39m: User 68e211688b00d1a21b178838 placed a bet of 500 on Tomato for round #68e754805cca748924386525
[2025-10-09T06:22:10.558Z] [32minfo[39m: User 68e211688b00d1a21b178838 placed a bet of 500 on Corn for round #68e754805cca748924386525
[2025-10-09T06:22:11.021Z] [32minfo[39m: User 68e211688b00d1a21b178838 placed a bet of 500 on Sausage for round #68e754805cca748924386525
[2025-10-09T06:22:11.603Z] [32minfo[39m: User 68e211688b00d1a21b178838 placed a bet of 500 on Lettuce for round #68e754805cca748924386525
[2025-10-09T06:24:21.655Z] [32minfo[39m: User 68e211688b00d1a21b178838 placed a bet of 500 on Meat for round #68e75511e4dd84811d7e8e5e
[2025-10-09T06:24:22.157Z] [32minfo[39m: User 68e211688b00d1a21b178838 placed a bet of 500 on Tomato for round #68e75511e4dd84811d7e8e5e
[2025-10-09T06:24:22.845Z] [32minfo[39m: User 68e211688b00d1a21b178838 placed a bet of 500 on Corn for round #68e75511e4dd84811d7e8e5e
[2025-10-09T06:24:23.440Z] [32minfo[39m: User 68e211688b00d1a21b178838 placed a bet of 500 on Sausage for round #68e75511e4dd84811d7e8e5e
[2025-10-09T06:24:24.132Z] [32minfo[39m: User 68e211688b00d1a21b178838 placed a bet of 500 on Lettuce for round #68e75511e4dd84811d7e8e5e
[2025-10-09T06:29:00.244Z] [32minfo[39m: User 68e211688b00d1a21b178838 placed a bet of 500 on Meat for round #68e7561803d87cd30780490c
[2025-10-09T06:29:00.931Z] [32minfo[39m: User 68e211688b00d1a21b178838 placed a bet of 500 on Tomato for round #68e7561803d87cd30780490c
[2025-10-09T06:29:01.491Z] [32minfo[39m: User 68e211688b00d1a21b178838 placed a bet of 500 on Corn for round #68e7561803d87cd30780490c
[2025-10-09T06:29:02.067Z] [32minfo[39m: User 68e211688b00d1a21b178838 placed a bet of 500 on Sausage for round #68e7561803d87cd30780490c
[2025-10-09T06:29:03.011Z] [32minfo[39m: User 68e211688b00d1a21b178838 placed a bet of 500 on Lettuce for round #68e7561803d87cd30780490c
[2025-10-09T06:30:55.884Z] [32minfo[39m: User 68e211688b00d1a21b178838 placed a bet of 500 on Meat for round #68e7569be835294bc4678fa1
[2025-10-09T06:30:56.095Z] [32minfo[39m: User 68e211688b00d1a21b178838 placed a bet of 500 on Meat for round #68e7569be835294bc4678fa1
[2025-10-09T06:30:56.740Z] [32minfo[39m: User 68e211688b00d1a21b178838 placed a bet of 500 on Tomato for round #68e7569be835294bc4678fa1
[2025-10-09T06:30:57.163Z] [32minfo[39m: User 68e211688b00d1a21b178838 placed a bet of 500 on Corn for round #68e7569be835294bc4678fa1
[2025-10-09T06:30:57.598Z] [32minfo[39m: User 68e211688b00d1a21b178838 placed a bet of 500 on Sausage for round #68e7569be835294bc4678fa1
[2025-10-09T06:30:58.467Z] [32minfo[39m: User 68e211688b00d1a21b178838 placed a bet of 500 on Lettuce for round #68e7569be835294bc4678fa1
[2025-10-09T06:31:53.576Z] [32minfo[39m: User 68e211688b00d1a21b178838 placed a bet of 500 on Meat for round #68e756bf09fb283eda1e7989
[2025-10-09T06:31:53.771Z] [32minfo[39m: User 68e211688b00d1a21b178838 placed a bet of 500 on Meat for round #68e756bf09fb283eda1e7989
[2025-10-09T06:31:54.147Z] [32minfo[39m: User 68e211688b00d1a21b178838 placed a bet of 500 on Tomato for round #68e756bf09fb283eda1e7989
[2025-10-09T06:31:54.339Z] [32minfo[39m: User 68e211688b00d1a21b178838 placed a bet of 500 on Tomato for round #68e756bf09fb283eda1e7989
[2025-10-09T06:32:23.266Z] [32minfo[39m: User 68e211688b00d1a21b178838 placed a bet of 500 on Meat for round #68e756e309fb283eda1e7ad1
[2025-10-09T06:32:24.216Z] [32minfo[39m: User 68e211688b00d1a21b178838 placed a bet of 500 on Carrot for round #68e756e309fb283eda1e7ad1
[2025-10-09T06:32:24.700Z] [32minfo[39m: User 68e211688b00d1a21b178838 placed a bet of 500 on Tomato for round #68e756e309fb283eda1e7ad1
[2025-10-09T06:32:25.075Z] [32minfo[39m: User 68e211688b00d1a21b178838 placed a bet of 500 on Skewer for round #68e756e309fb283eda1e7ad1
[2025-10-09T06:32:25.538Z] [32minfo[39m: User 68e211688b00d1a21b178838 placed a bet of 500 on Corn for round #68e756e309fb283eda1e7ad1
[2025-10-09T06:32:26.401Z] [32minfo[39m: User 68e211688b00d1a21b178838 placed a bet of 500 on Ham for round #68e756e309fb283eda1e7ad1
[2025-10-09T06:32:26.642Z] [32minfo[39m: User 68e211688b00d1a21b178838 placed a bet of 500 on Ham for round #68e756e309fb283eda1e7ad1
[2025-10-09T06:35:45.945Z] [32minfo[39m: User 68e211688b00d1a21b178838 placed a bet of 500 on Meat for round #68e757bebac23982401407bb
[2025-10-09T06:35:46.171Z] [32minfo[39m: User 68e211688b00d1a21b178838 placed a bet of 500 on Meat for round #68e757bebac23982401407bb
[2025-10-09T06:35:46.986Z] [32minfo[39m: User 68e211688b00d1a21b178838 placed a bet of 500 on Tomato for round #68e757bebac23982401407bb
[2025-10-09T06:35:47.498Z] [32minfo[39m: User 68e211688b00d1a21b178838 placed a bet of 500 on Corn for round #68e757bebac23982401407bb
[2025-10-09T06:35:48.187Z] [32minfo[39m: User 68e211688b00d1a21b178838 placed a bet of 500 on Sausage for round #68e757bebac23982401407bb
[2025-10-09T06:35:49.122Z] [32minfo[39m: User 68e211688b00d1a21b178838 placed a bet of 500 on Lettuce for round #68e757bebac23982401407bb
[2025-10-09T07:29:39.371Z] [32minfo[39m: User 68e211688b00d1a21b178838 placed a bet of 500 on Meat for round #68e764483e23eedd61eef020
[2025-10-09T07:29:39.984Z] [32minfo[39m: User 68e211688b00d1a21b178838 placed a bet of 500 on Tomato for round #68e764483e23eedd61eef020
[2025-10-09T07:29:40.559Z] [32minfo[39m: User 68e211688b00d1a21b178838 placed a bet of 500 on Corn for round #68e764483e23eedd61eef020
[2025-10-09T07:30:04.703Z] [32minfo[39m: User 68e211688b00d1a21b178838 placed a bet of 500 on Meat for round #68e7646b3e23eedd61eef2cf
[2025-10-09T07:30:05.558Z] [32minfo[39m: User 68e211688b00d1a21b178838 placed a bet of 500 on Tomato for round #68e7646b3e23eedd61eef2cf
[2025-10-09T07:30:05.998Z] [32minfo[39m: User 68e211688b00d1a21b178838 placed a bet of 500 on Corn for round #68e7646b3e23eedd61eef2cf
[2025-10-09T07:30:06.807Z] [32minfo[39m: User 68e211688b00d1a21b178838 placed a bet of 500 on Sausage for round #68e7646b3e23eedd61eef2cf
[2025-10-09T07:30:07.326Z] [32minfo[39m: User 68e211688b00d1a21b178838 placed a bet of 500 on Lettuce for round #68e7646b3e23eedd61eef2cf
[2025-10-09T07:30:08.473Z] [32minfo[39m: User 68e211688b00d1a21b178838 placed a bet of 500 on Meat for round #68e7646b3e23eedd61eef2cf
[2025-10-09T07:30:08.726Z] [32minfo[39m: User 68e211688b00d1a21b178838 placed a bet of 500 on Meat for round #68e7646b3e23eedd61eef2cf
[2025-10-09T08:04:40.797Z] [32minfo[39m: User 68e211688b00d1a21b178838 placed a bet of 500 on Meat for round #68e76c88dcc8dd8333d1c150
[2025-10-09T08:04:41.378Z] [32minfo[39m: User 68e211688b00d1a21b178838 placed a bet of 500 on Tomato for round #68e76c88dcc8dd8333d1c150
[2025-10-09T08:04:41.957Z] [32minfo[39m: User 68e211688b00d1a21b178838 placed a bet of 500 on Corn for round #68e76c88dcc8dd8333d1c150
[2025-10-09T08:04:44.914Z] [32minfo[39m: User 68e211688b00d1a21b178838 placed a bet of 500 on Corn for round #68e76c88dcc8dd8333d1c150
[2025-10-09T08:04:45.144Z] [32minfo[39m: User 68e211688b00d1a21b178838 placed a bet of 500 on Corn for round #68e76c88dcc8dd8333d1c150
[2025-10-09T08:04:45.371Z] [32minfo[39m: User 68e211688b00d1a21b178838 placed a bet of 500 on Corn for round #68e76c88dcc8dd8333d1c150
[2025-10-09T08:04:45.588Z] [32minfo[39m: User 68e211688b00d1a21b178838 placed a bet of 500 on Corn for round #68e76c88dcc8dd8333d1c150
[2025-10-09T08:04:45.757Z] [32minfo[39m: User 68e211688b00d1a21b178838 placed a bet of 500 on Corn for round #68e76c88dcc8dd8333d1c150
[2025-10-09T08:04:45.970Z] [32minfo[39m: User 68e211688b00d1a21b178838 placed a bet of 500 on Corn for round #68e76c88dcc8dd8333d1c150
[2025-10-09T08:04:46.201Z] [32minfo[39m: User 68e211688b00d1a21b178838 placed a bet of 500 on Corn for round #68e76c88dcc8dd8333d1c150
[2025-10-09T08:04:46.416Z] [32minfo[39m: User 68e211688b00d1a21b178838 placed a bet of 500 on Corn for round #68e76c88dcc8dd8333d1c150
[2025-10-09T08:04:46.632Z] [32minfo[39m: User 68e211688b00d1a21b178838 placed a bet of 500 on Corn for round #68e76c88dcc8dd8333d1c150
[2025-10-09T08:04:46.632Z] [33mwarn[39m: Warning: Insufficient balance, current balance: 30, bet amount: 500
[2025-10-09T08:04:46.818Z] [32minfo[39m: User 68e211688b00d1a21b178838 placed a bet of 500 on Corn for round #68e76c88dcc8dd8333d1c150
[2025-10-09T08:04:46.819Z] [33mwarn[39m: Warning: Insufficient balance, current balance: 30, bet amount: 500
[2025-10-09T08:04:47.041Z] [32minfo[39m: User 68e211688b00d1a21b178838 placed a bet of 500 on Corn for round #68e76c88dcc8dd8333d1c150
[2025-10-09T08:04:47.041Z] [33mwarn[39m: Warning: Insufficient balance, current balance: 30, bet amount: 500
[2025-10-09T09:24:40.076Z] [32minfo[39m: User 68e211688b00d1a21b178838 placed a bet of 500 on Meat for round #68e77f54df39f92c27d70e01
[2025-10-09T09:24:41.099Z] [32minfo[39m: User 68e211688b00d1a21b178838 placed a bet of 500 on Tomato for round #68e77f54df39f92c27d70e01
[2025-10-09T09:24:42.009Z] [32minfo[39m: User 68e211688b00d1a21b178838 placed a bet of 500 on Corn for round #68e77f54df39f92c27d70e01
[2025-10-09T09:24:42.825Z] [32minfo[39m: User 68e211688b00d1a21b178838 placed a bet of 500 on Sausage for round #68e77f54df39f92c27d70e01
[2025-10-09T09:24:43.433Z] [32minfo[39m: User 68e211688b00d1a21b178838 placed a bet of 500 on Lettuce for round #68e77f54df39f92c27d70e01
[2025-10-09T09:24:44.083Z] [32minfo[39m: User 68e211688b00d1a21b178838 placed a bet of 500 on Carrot for round #68e77f54df39f92c27d70e01
[2025-10-09T09:24:44.529Z] [32minfo[39m: User 68e211688b00d1a21b178838 placed a bet of 500 on Skewer for round #68e77f54df39f92c27d70e01
[2025-10-09T09:24:45.498Z] [32minfo[39m: User 68e211688b00d1a21b178838 placed a bet of 500 on Ham for round #68e77f54df39f92c27d70e01
[2025-10-09T09:24:46.112Z] [32minfo[39m: User 68e211688b00d1a21b178838 placed a bet of 500 on Meat for round #68e77f54df39f92c27d70e01
[2025-10-09T09:24:46.642Z] [32minfo[39m: User 68e211688b00d1a21b178838 placed a bet of 500 on Tomato for round #68e77f54df39f92c27d70e01
[2025-10-09T09:25:48.537Z] [32minfo[39m: User 68e211688b00d1a21b178838 placed a bet of 500 on Meat for round #68e77f9adf39f92c27d71c07
[2025-10-09T09:25:48.729Z] [32minfo[39m: User 68e211688b00d1a21b178838 placed a bet of 500 on Meat for round #68e77f9adf39f92c27d71c07
[2025-10-09T09:25:48.900Z] [32minfo[39m: User 68e211688b00d1a21b178838 placed a bet of 500 on Meat for round #68e77f9adf39f92c27d71c07
[2025-10-09T09:25:49.130Z] [32minfo[39m: User 68e211688b00d1a21b178838 placed a bet of 500 on Meat for round #68e77f9adf39f92c27d71c07
[2025-10-09T09:25:49.360Z] [32minfo[39m: User 68e211688b00d1a21b178838 placed a bet of 500 on Meat for round #68e77f9adf39f92c27d71c07
[2025-10-09T09:25:49.514Z] [32minfo[39m: User 68e211688b00d1a21b178838 placed a bet of 500 on Meat for round #68e77f9adf39f92c27d71c07
[2025-10-09T09:25:49.736Z] [32minfo[39m: User 68e211688b00d1a21b178838 placed a bet of 500 on Meat for round #68e77f9adf39f92c27d71c07
[2025-10-09T09:25:49.966Z] [32minfo[39m: User 68e211688b00d1a21b178838 placed a bet of 500 on Meat for round #68e77f9adf39f92c27d71c07
[2025-10-09T09:25:50.127Z] [32minfo[39m: User 68e211688b00d1a21b178838 placed a bet of 500 on Meat for round #68e77f9adf39f92c27d71c07
[2025-10-09T09:25:50.318Z] [32minfo[39m: User 68e211688b00d1a21b178838 placed a bet of 500 on Meat for round #68e77f9adf39f92c27d71c07
[2025-10-09T09:25:50.550Z] [32minfo[39m: User 68e211688b00d1a21b178838 placed a bet of 500 on Meat for round #68e77f9adf39f92c27d71c07
[2025-10-09T09:25:50.776Z] [32minfo[39m: User 68e211688b00d1a21b178838 placed a bet of 500 on Meat for round #68e77f9adf39f92c27d71c07
[2025-10-09T09:25:50.999Z] [32minfo[39m: User 68e211688b00d1a21b178838 placed a bet of 500 on Meat for round #68e77f9adf39f92c27d71c07
[2025-10-09T09:25:51.227Z] [32minfo[39m: User 68e211688b00d1a21b178838 placed a bet of 500 on Meat for round #68e77f9adf39f92c27d71c07
[2025-10-09T09:25:51.448Z] [32minfo[39m: User 68e211688b00d1a21b178838 placed a bet of 500 on Meat for round #68e77f9adf39f92c27d71c07
[2025-10-09T09:25:51.602Z] [32minfo[39m: User 68e211688b00d1a21b178838 placed a bet of 500 on Meat for round #68e77f9adf39f92c27d71c07
[2025-10-09T09:25:51.790Z] [32minfo[39m: User 68e211688b00d1a21b178838 placed a bet of 500 on Meat for round #68e77f9adf39f92c27d71c07
[2025-10-09T09:25:52.033Z] [32minfo[39m: User 68e211688b00d1a21b178838 placed a bet of 500 on Meat for round #68e77f9adf39f92c27d71c07
[2025-10-09T09:25:52.266Z] [32minfo[39m: User 68e211688b00d1a21b178838 placed a bet of 500 on Meat for round #68e77f9adf39f92c27d71c07
[2025-10-09T09:25:52.494Z] [32minfo[39m: User 68e211688b00d1a21b178838 placed a bet of 500 on Meat for round #68e77f9adf39f92c27d71c07
[2025-10-09T09:25:52.653Z] [32minfo[39m: User 68e211688b00d1a21b178838 placed a bet of 500 on Meat for round #68e77f9adf39f92c27d71c07
[2025-10-09T09:25:52.807Z] [32minfo[39m: User 68e211688b00d1a21b178838 placed a bet of 500 on Meat for round #68e77f9adf39f92c27d71c07
[2025-10-09T09:25:53.036Z] [32minfo[39m: User 68e211688b00d1a21b178838 placed a bet of 500 on Meat for round #68e77f9adf39f92c27d71c07
[2025-10-09T09:25:53.369Z] [32minfo[39m: User 68e211688b00d1a21b178838 placed a bet of 500 on Tomato for round #68e77f9adf39f92c27d71c07
[2025-10-09T09:25:53.614Z] [32minfo[39m: User 68e211688b00d1a21b178838 placed a bet of 500 on Tomato for round #68e77f9adf39f92c27d71c07
[2025-10-09T09:25:53.789Z] [32minfo[39m: User 68e211688b00d1a21b178838 placed a bet of 500 on Tomato for round #68e77f9adf39f92c27d71c07
[2025-10-09T09:25:54.022Z] [32minfo[39m: User 68e211688b00d1a21b178838 placed a bet of 500 on Tomato for round #68e77f9adf39f92c27d71c07
[2025-10-09T09:25:54.255Z] [32minfo[39m: User 68e211688b00d1a21b178838 placed a bet of 500 on Tomato for round #68e77f9adf39f92c27d71c07
[2025-10-09T09:25:54.484Z] [32minfo[39m: User 68e211688b00d1a21b178838 placed a bet of 500 on Tomato for round #68e77f9adf39f92c27d71c07
[2025-10-09T09:25:54.637Z] [32minfo[39m: User 68e211688b00d1a21b178838 placed a bet of 500 on Tomato for round #68e77f9adf39f92c27d71c07
[2025-10-09T09:25:54.847Z] [32minfo[39m: User 68e211688b00d1a21b178838 placed a bet of 500 on Tomato for round #68e77f9adf39f92c27d71c07
[2025-10-09T09:25:55.089Z] [32minfo[39m: User 68e211688b00d1a21b178838 placed a bet of 500 on Tomato for round #68e77f9adf39f92c27d71c07
[2025-10-09T09:25:55.320Z] [32minfo[39m: User 68e211688b00d1a21b178838 placed a bet of 500 on Tomato for round #68e77f9adf39f92c27d71c07
[2025-10-09T09:25:55.546Z] [32minfo[39m: User 68e211688b00d1a21b178838 placed a bet of 500 on Tomato for round #68e77f9adf39f92c27d71c07
[2025-10-09T09:25:55.777Z] [32minfo[39m: User 68e211688b00d1a21b178838 placed a bet of 500 on Tomato for round #68e77f9adf39f92c27d71c07
[2025-10-09T09:25:55.931Z] [32minfo[39m: User 68e211688b00d1a21b178838 placed a bet of 500 on Tomato for round #68e77f9adf39f92c27d71c07
[2025-10-09T09:25:56.118Z] [32minfo[39m: User 68e211688b00d1a21b178838 placed a bet of 500 on Tomato for round #68e77f9adf39f92c27d71c07
[2025-10-09T09:25:56.348Z] [32minfo[39m: User 68e211688b00d1a21b178838 placed a bet of 500 on Tomato for round #68e77f9adf39f92c27d71c07
[2025-10-09T09:25:56.512Z] [32minfo[39m: User 68e211688b00d1a21b178838 placed a bet of 500 on Tomato for round #68e77f9adf39f92c27d71c07
[2025-10-09T09:25:56.731Z] [32minfo[39m: User 68e211688b00d1a21b178838 placed a bet of 500 on Tomato for round #68e77f9adf39f92c27d71c07
[2025-10-09T09:25:56.888Z] [32minfo[39m: User 68e211688b00d1a21b178838 placed a bet of 500 on Tomato for round #68e77f9adf39f92c27d71c07
[2025-10-09T09:25:57.072Z] [32minfo[39m: User 68e211688b00d1a21b178838 placed a bet of 500 on Tomato for round #68e77f9adf39f92c27d71c07
[2025-10-09T09:25:57.303Z] [32minfo[39m: User 68e211688b00d1a21b178838 placed a bet of 500 on Tomato for round #68e77f9adf39f92c27d71c07
[2025-10-09T09:25:57.880Z] [32minfo[39m: User 68e211688b00d1a21b178838 placed a bet of 500 on Corn for round #68e77f9adf39f92c27d71c07
[2025-10-09T09:25:58.116Z] [32minfo[39m: User 68e211688b00d1a21b178838 placed a bet of 500 on Corn for round #68e77f9adf39f92c27d71c07
[2025-10-09T09:25:58.313Z] [32minfo[39m: User 68e211688b00d1a21b178838 placed a bet of 500 on Corn for round #68e77f9adf39f92c27d71c07
[2025-10-09T09:25:58.564Z] [32minfo[39m: User 68e211688b00d1a21b178838 placed a bet of 500 on Corn for round #68e77f9adf39f92c27d71c07
[2025-10-09T09:25:58.792Z] [32minfo[39m: User 68e211688b00d1a21b178838 placed a bet of 500 on Corn for round #68e77f9adf39f92c27d71c07
[2025-10-09T09:25:59.020Z] [32minfo[39m: User 68e211688b00d1a21b178838 placed a bet of 500 on Corn for round #68e77f9adf39f92c27d71c07
[2025-10-09T09:25:59.174Z] [32minfo[39m: User 68e211688b00d1a21b178838 placed a bet of 500 on Corn for round #68e77f9adf39f92c27d71c07
[2025-10-09T09:25:59.399Z] [32minfo[39m: User 68e211688b00d1a21b178838 placed a bet of 500 on Corn for round #68e77f9adf39f92c27d71c07
[2025-10-09T09:25:59.638Z] [32minfo[39m: User 68e211688b00d1a21b178838 placed a bet of 500 on Corn for round #68e77f9adf39f92c27d71c07
[2025-10-09T09:25:59.803Z] [32minfo[39m: User 68e211688b00d1a21b178838 placed a bet of 500 on Corn for round #68e77f9adf39f92c27d71c07
[2025-10-09T09:26:00.027Z] [32minfo[39m: User 68e211688b00d1a21b178838 placed a bet of 500 on Corn for round #68e77f9adf39f92c27d71c07
[2025-10-09T09:26:00.254Z] [32minfo[39m: User 68e211688b00d1a21b178838 placed a bet of 500 on Corn for round #68e77f9adf39f92c27d71c07
[2025-10-09T09:26:00.480Z] [32minfo[39m: User 68e211688b00d1a21b178838 placed a bet of 500 on Corn for round #68e77f9adf39f92c27d71c07
[2025-10-09T09:26:00.635Z] [32minfo[39m: User 68e211688b00d1a21b178838 placed a bet of 500 on Corn for round #68e77f9adf39f92c27d71c07
[2025-10-09T09:26:00.846Z] [32minfo[39m: User 68e211688b00d1a21b178838 placed a bet of 500 on Corn for round #68e77f9adf39f92c27d71c07
[2025-10-09T09:26:01.074Z] [32minfo[39m: User 68e211688b00d1a21b178838 placed a bet of 500 on Corn for round #68e77f9adf39f92c27d71c07
[2025-10-09T09:26:01.299Z] [32minfo[39m: User 68e211688b00d1a21b178838 placed a bet of 500 on Corn for round #68e77f9adf39f92c27d71c07
[2025-10-09T09:26:01.715Z] [32minfo[39m: User 68e211688b00d1a21b178838 placed a bet of 500 on Corn for round #68e77f9adf39f92c27d71c07
[2025-10-09T09:26:01.950Z] [32minfo[39m: User 68e211688b00d1a21b178838 placed a bet of 500 on Corn for round #68e77f9adf39f92c27d71c07
[2025-10-09T09:26:02.173Z] [32minfo[39m: User 68e211688b00d1a21b178838 placed a bet of 500 on Corn for round #68e77f9adf39f92c27d71c07
[2025-10-09T09:26:02.403Z] [32minfo[39m: User 68e211688b00d1a21b178838 placed a bet of 500 on Corn for round #68e77f9adf39f92c27d71c07
[2025-10-09T09:26:02.776Z] [32minfo[39m: User 68e211688b00d1a21b178838 placed a bet of 500 on Sausage for round #68e77f9adf39f92c27d71c07
[2025-10-09T09:26:03.020Z] [32minfo[39m: User 68e211688b00d1a21b178838 placed a bet of 500 on Sausage for round #68e77f9adf39f92c27d71c07
[2025-10-09T09:26:03.181Z] [32minfo[39m: User 68e211688b00d1a21b178838 placed a bet of 500 on Sausage for round #68e77f9adf39f92c27d71c07
[2025-10-09T09:26:03.381Z] [32minfo[39m: User 68e211688b00d1a21b178838 placed a bet of 500 on Sausage for round #68e77f9adf39f92c27d71c07
[2025-10-09T09:26:03.611Z] [32minfo[39m: User 68e211688b00d1a21b178838 placed a bet of 500 on Sausage for round #68e77f9adf39f92c27d71c07
[2025-10-09T09:26:03.832Z] [32minfo[39m: User 68e211688b00d1a21b178838 placed a bet of 500 on Sausage for round #68e77f9adf39f92c27d71c07
[2025-10-09T09:26:04.057Z] [32minfo[39m: User 68e211688b00d1a21b178838 placed a bet of 500 on Sausage for round #68e77f9adf39f92c27d71c07
[2025-10-09T09:26:04.286Z] [32minfo[39m: User 68e211688b00d1a21b178838 placed a bet of 500 on Sausage for round #68e77f9adf39f92c27d71c07
[2025-10-09T09:26:04.442Z] [32minfo[39m: User 68e211688b00d1a21b178838 placed a bet of 500 on Sausage for round #68e77f9adf39f92c27d71c07
[2025-10-09T09:26:04.620Z] [32minfo[39m: User 68e211688b00d1a21b178838 placed a bet of 500 on Sausage for round #68e77f9adf39f92c27d71c07
[2025-10-09T09:26:04.821Z] [32minfo[39m: User 68e211688b00d1a21b178838 placed a bet of 500 on Sausage for round #68e77f9adf39f92c27d71c07
[2025-10-09T09:26:05.055Z] [32minfo[39m: User 68e211688b00d1a21b178838 placed a bet of 500 on Sausage for round #68e77f9adf39f92c27d71c07
[2025-10-09T09:26:05.279Z] [32minfo[39m: User 68e211688b00d1a21b178838 placed a bet of 500 on Sausage for round #68e77f9adf39f92c27d71c07
[2025-10-09T09:26:05.506Z] [32minfo[39m: User 68e211688b00d1a21b178838 placed a bet of 500 on Sausage for round #68e77f9adf39f92c27d71c07
[2025-10-09T09:26:05.660Z] [32minfo[39m: User 68e211688b00d1a21b178838 placed a bet of 500 on Sausage for round #68e77f9adf39f92c27d71c07
[2025-10-09T09:26:05.855Z] [32minfo[39m: User 68e211688b00d1a21b178838 placed a bet of 500 on Sausage for round #68e77f9adf39f92c27d71c07
[2025-10-09T09:26:06.099Z] [32minfo[39m: User 68e211688b00d1a21b178838 placed a bet of 500 on Sausage for round #68e77f9adf39f92c27d71c07
[2025-10-09T09:26:06.321Z] [32minfo[39m: User 68e211688b00d1a21b178838 placed a bet of 500 on Sausage for round #68e77f9adf39f92c27d71c07
[2025-10-09T09:26:06.575Z] [32minfo[39m: User 68e211688b00d1a21b178838 placed a bet of 500 on Sausage for round #68e77f9adf39f92c27d71c07
[2025-10-09T09:26:06.728Z] [32minfo[39m: User 68e211688b00d1a21b178838 placed a bet of 500 on Sausage for round #68e77f9adf39f92c27d71c07
[2025-10-09T09:26:06.935Z] [32minfo[39m: User 68e211688b00d1a21b178838 placed a bet of 500 on Sausage for round #68e77f9adf39f92c27d71c07
[2025-10-09T09:26:07.175Z] [32minfo[39m: User 68e211688b00d1a21b178838 placed a bet of 500 on Sausage for round #68e77f9adf39f92c27d71c07
[2025-10-09T09:26:07.402Z] [32minfo[39m: User 68e211688b00d1a21b178838 placed a bet of 500 on Sausage for round #68e77f9adf39f92c27d71c07
[2025-10-09T09:26:07.564Z] [32minfo[39m: User 68e211688b00d1a21b178838 placed a bet of 500 on Sausage for round #68e77f9adf39f92c27d71c07
[2025-10-09T09:26:08.080Z] [32minfo[39m: User 68e211688b00d1a21b178838 placed a bet of 500 on Lettuce for round #68e77f9adf39f92c27d71c07
[2025-10-09T09:26:08.319Z] [32minfo[39m: User 68e211688b00d1a21b178838 placed a bet of 500 on Lettuce for round #68e77f9adf39f92c27d71c07
[2025-10-09T09:26:08.545Z] [32minfo[39m: User 68e211688b00d1a21b178838 placed a bet of 500 on Lettuce for round #68e77f9adf39f92c27d71c07
[2025-10-09T09:26:08.769Z] [32minfo[39m: User 68e211688b00d1a21b178838 placed a bet of 500 on Lettuce for round #68e77f9adf39f92c27d71c07
[2025-10-09T09:26:08.998Z] [32minfo[39m: User 68e211688b00d1a21b178838 placed a bet of 500 on Lettuce for round #68e77f9adf39f92c27d71c07
[2025-10-09T09:26:09.224Z] [32minfo[39m: User 68e211688b00d1a21b178838 placed a bet of 500 on Lettuce for round #68e77f9adf39f92c27d71c07
[2025-10-09T09:26:09.453Z] [32minfo[39m: User 68e211688b00d1a21b178838 placed a bet of 500 on Lettuce for round #68e77f9adf39f92c27d71c07
[2025-10-09T09:26:09.742Z] [32minfo[39m: User 68e211688b00d1a21b178838 placed a bet of 500 on Lettuce for round #68e77f9adf39f92c27d71c07
[2025-10-09T09:26:09.971Z] [32minfo[39m: User 68e211688b00d1a21b178838 placed a bet of 500 on Lettuce for round #68e77f9adf39f92c27d71c07
[2025-10-09T09:26:10.203Z] [32minfo[39m: User 68e211688b00d1a21b178838 placed a bet of 500 on Lettuce for round #68e77f9adf39f92c27d71c07
[2025-10-09T09:26:10.428Z] [32minfo[39m: User 68e211688b00d1a21b178838 placed a bet of 500 on Lettuce for round #68e77f9adf39f92c27d71c07
[2025-10-09T09:26:10.651Z] [32minfo[39m: User 68e211688b00d1a21b178838 placed a bet of 500 on Lettuce for round #68e77f9adf39f92c27d71c07
[2025-10-09T09:26:10.804Z] [32minfo[39m: User 68e211688b00d1a21b178838 placed a bet of 500 on Lettuce for round #68e77f9adf39f92c27d71c07
[2025-10-09T09:26:11.029Z] [32minfo[39m: User 68e211688b00d1a21b178838 placed a bet of 500 on Lettuce for round #68e77f9adf39f92c27d71c07
[2025-10-09T09:26:11.253Z] [32minfo[39m: User 68e211688b00d1a21b178838 placed a bet of 500 on Lettuce for round #68e77f9adf39f92c27d71c07
[2025-10-09T09:26:11.473Z] [32minfo[39m: User 68e211688b00d1a21b178838 placed a bet of 500 on Lettuce for round #68e77f9adf39f92c27d71c07
[2025-10-09T09:26:11.695Z] [32minfo[39m: User 68e211688b00d1a21b178838 placed a bet of 500 on Lettuce for round #68e77f9adf39f92c27d71c07
[2025-10-09T09:26:13.887Z] [32minfo[39m: User 68e211688b00d1a21b178838 placed a bet of 500 on Carrot for round #68e77f9adf39f92c27d71c07
[2025-10-09T09:26:14.136Z] [32minfo[39m: User 68e211688b00d1a21b178838 placed a bet of 500 on Carrot for round #68e77f9adf39f92c27d71c07
[2025-10-09T09:26:14.360Z] [32minfo[39m: User 68e211688b00d1a21b178838 placed a bet of 500 on Carrot for round #68e77f9adf39f92c27d71c07
[2025-10-09T09:26:14.581Z] [32minfo[39m: User 68e211688b00d1a21b178838 placed a bet of 500 on Carrot for round #68e77f9adf39f92c27d71c07
[2025-10-09T09:26:14.813Z] [32minfo[39m: User 68e211688b00d1a21b178838 placed a bet of 500 on Carrot for round #68e77f9adf39f92c27d71c07
[2025-10-09T09:26:15.045Z] [32minfo[39m: User 68e211688b00d1a21b178838 placed a bet of 500 on Carrot for round #68e77f9adf39f92c27d71c07
[2025-10-09T09:26:33.024Z] [32minfo[39m: User 68e211688b00d1a21b178838 placed a bet of 500 on Meat for round #68e77fbddf39f92c27d728df
[2025-10-09T09:26:33.270Z] [32minfo[39m: User 68e211688b00d1a21b178838 placed a bet of 500 on Meat for round #68e77fbddf39f92c27d728df
[2025-10-09T09:26:33.494Z] [32minfo[39m: User 68e211688b00d1a21b178838 placed a bet of 500 on Meat for round #68e77fbddf39f92c27d728df
[2025-10-09T09:26:33.715Z] [32minfo[39m: User 68e211688b00d1a21b178838 placed a bet of 500 on Meat for round #68e77fbddf39f92c27d728df
[2025-10-09T09:26:33.944Z] [32minfo[39m: User 68e211688b00d1a21b178838 placed a bet of 500 on Meat for round #68e77fbddf39f92c27d728df
[2025-10-09T09:26:34.171Z] [32minfo[39m: User 68e211688b00d1a21b178838 placed a bet of 500 on Meat for round #68e77fbddf39f92c27d728df
[2025-10-09T09:26:34.396Z] [32minfo[39m: User 68e211688b00d1a21b178838 placed a bet of 500 on Meat for round #68e77fbddf39f92c27d728df
[2025-10-09T09:26:34.622Z] [32minfo[39m: User 68e211688b00d1a21b178838 placed a bet of 500 on Meat for round #68e77fbddf39f92c27d728df
[2025-10-09T09:26:34.920Z] [32minfo[39m: User 68e211688b00d1a21b178838 placed a bet of 500 on Meat for round #68e77fbddf39f92c27d728df
[2025-10-09T09:26:35.144Z] [32minfo[39m: User 68e211688b00d1a21b178838 placed a bet of 500 on Meat for round #68e77fbddf39f92c27d728df
[2025-10-09T09:26:35.367Z] [32minfo[39m: User 68e211688b00d1a21b178838 placed a bet of 500 on Meat for round #68e77fbddf39f92c27d728df
[2025-10-09T09:26:35.590Z] [32minfo[39m: User 68e211688b00d1a21b178838 placed a bet of 500 on Meat for round #68e77fbddf39f92c27d728df
[2025-10-09T09:26:35.753Z] [32minfo[39m: User 68e211688b00d1a21b178838 placed a bet of 500 on Meat for round #68e77fbddf39f92c27d728df
[2025-10-09T09:26:35.967Z] [32minfo[39m: User 68e211688b00d1a21b178838 placed a bet of 500 on Meat for round #68e77fbddf39f92c27d728df
[2025-10-09T09:26:36.213Z] [32minfo[39m: User 68e211688b00d1a21b178838 placed a bet of 500 on Meat for round #68e77fbddf39f92c27d728df
[2025-10-09T09:26:36.435Z] [32minfo[39m: User 68e211688b00d1a21b178838 placed a bet of 500 on Meat for round #68e77fbddf39f92c27d728df
[2025-10-09T09:26:36.671Z] [32minfo[39m: User 68e211688b00d1a21b178838 placed a bet of 500 on Meat for round #68e77fbddf39f92c27d728df
[2025-10-09T09:26:36.903Z] [32minfo[39m: User 68e211688b00d1a21b178838 placed a bet of 500 on Meat for round #68e77fbddf39f92c27d728df
[2025-10-09T09:26:37.129Z] [32minfo[39m: User 68e211688b00d1a21b178838 placed a bet of 500 on Meat for round #68e77fbddf39f92c27d728df
[2025-10-09T09:26:37.351Z] [32minfo[39m: User 68e211688b00d1a21b178838 placed a bet of 500 on Meat for round #68e77fbddf39f92c27d728df
[2025-10-09T09:26:37.576Z] [32minfo[39m: User 68e211688b00d1a21b178838 placed a bet of 500 on Meat for round #68e77fbddf39f92c27d728df
[2025-10-09T09:26:37.807Z] [32minfo[39m: User 68e211688b00d1a21b178838 placed a bet of 500 on Meat for round #68e77fbddf39f92c27d728df
[2025-10-09T09:26:37.972Z] [32minfo[39m: User 68e211688b00d1a21b178838 placed a bet of 500 on Meat for round #68e77fbddf39f92c27d728df
[2025-10-09T09:26:38.199Z] [32minfo[39m: User 68e211688b00d1a21b178838 placed a bet of 500 on Meat for round #68e77fbddf39f92c27d728df
[2025-10-09T09:26:38.418Z] [32minfo[39m: User 68e211688b00d1a21b178838 placed a bet of 500 on Meat for round #68e77fbddf39f92c27d728df
[2025-10-09T09:26:38.646Z] [32minfo[39m: User 68e211688b00d1a21b178838 placed a bet of 500 on Meat for round #68e77fbddf39f92c27d728df
[2025-10-09T09:26:38.866Z] [32minfo[39m: User 68e211688b00d1a21b178838 placed a bet of 500 on Meat for round #68e77fbddf39f92c27d728df
[2025-10-09T09:26:39.091Z] [32minfo[39m: User 68e211688b00d1a21b178838 placed a bet of 500 on Meat for round #68e77fbddf39f92c27d728df
[2025-10-09T09:26:39.316Z] [32minfo[39m: User 68e211688b00d1a21b178838 placed a bet of 500 on Meat for round #68e77fbddf39f92c27d728df
[2025-10-09T09:26:39.544Z] [32minfo[39m: User 68e211688b00d1a21b178838 placed a bet of 500 on Meat for round #68e77fbddf39f92c27d728df
[2025-10-09T09:26:39.770Z] [32minfo[39m: User 68e211688b00d1a21b178838 placed a bet of 500 on Meat for round #68e77fbddf39f92c27d728df
[2025-10-09T09:26:39.994Z] [32minfo[39m: User 68e211688b00d1a21b178838 placed a bet of 500 on Meat for round #68e77fbddf39f92c27d728df
[2025-10-09T09:26:40.214Z] [32minfo[39m: User 68e211688b00d1a21b178838 placed a bet of 500 on Meat for round #68e77fbddf39f92c27d728df
[2025-10-09T09:26:40.399Z] [32minfo[39m: User 68e211688b00d1a21b178838 placed a bet of 500 on Meat for round #68e77fbddf39f92c27d728df
[2025-10-09T09:26:40.639Z] [32minfo[39m: User 68e211688b00d1a21b178838 placed a bet of 500 on Meat for round #68e77fbddf39f92c27d728df
[2025-10-09T09:26:40.864Z] [32minfo[39m: User 68e211688b00d1a21b178838 placed a bet of 500 on Meat for round #68e77fbddf39f92c27d728df
[2025-10-09T09:26:41.071Z] [32minfo[39m: User 68e211688b00d1a21b178838 placed a bet of 500 on Meat for round #68e77fbddf39f92c27d728df
[2025-10-09T09:26:41.317Z] [32minfo[39m: User 68e211688b00d1a21b178838 placed a bet of 500 on Meat for round #68e77fbddf39f92c27d728df
[2025-10-09T09:26:41.537Z] [32minfo[39m: User 68e211688b00d1a21b178838 placed a bet of 500 on Meat for round #68e77fbddf39f92c27d728df
[2025-10-09T09:26:41.766Z] [32minfo[39m: User 68e211688b00d1a21b178838 placed a bet of 500 on Meat for round #68e77fbddf39f92c27d728df
[2025-10-09T09:26:41.989Z] [32minfo[39m: User 68e211688b00d1a21b178838 placed a bet of 500 on Meat for round #68e77fbddf39f92c27d728df
[2025-10-09T09:26:42.213Z] [32minfo[39m: User 68e211688b00d1a21b178838 placed a bet of 500 on Meat for round #68e77fbddf39f92c27d728df
[2025-10-09T09:26:42.435Z] [32minfo[39m: User 68e211688b00d1a21b178838 placed a bet of 500 on Meat for round #68e77fbddf39f92c27d728df
[2025-10-09T09:26:42.662Z] [32minfo[39m: User 68e211688b00d1a21b178838 placed a bet of 500 on Meat for round #68e77fbddf39f92c27d728df
[2025-10-09T09:26:42.886Z] [32minfo[39m: User 68e211688b00d1a21b178838 placed a bet of 500 on Meat for round #68e77fbddf39f92c27d728df
[2025-10-09T09:26:43.060Z] [32minfo[39m: User 68e211688b00d1a21b178838 placed a bet of 500 on Meat for round #68e77fbddf39f92c27d728df
[2025-10-09T09:26:43.300Z] [32minfo[39m: User 68e211688b00d1a21b178838 placed a bet of 500 on Meat for round #68e77fbddf39f92c27d728df
[2025-10-09T09:26:43.524Z] [32minfo[39m: User 68e211688b00d1a21b178838 placed a bet of 500 on Meat for round #68e77fbddf39f92c27d728df
[2025-10-09T09:26:43.770Z] [32minfo[39m: User 68e211688b00d1a21b178838 placed a bet of 500 on Meat for round #68e77fbddf39f92c27d728df
[2025-10-09T09:26:43.989Z] [32minfo[39m: User 68e211688b00d1a21b178838 placed a bet of 500 on Meat for round #68e77fbddf39f92c27d728df
[2025-10-09T09:26:44.217Z] [32minfo[39m: User 68e211688b00d1a21b178838 placed a bet of 500 on Meat for round #68e77fbddf39f92c27d728df
[2025-10-09T09:26:44.440Z] [32minfo[39m: User 68e211688b00d1a21b178838 placed a bet of 500 on Meat for round #68e77fbddf39f92c27d728df
[2025-10-09T09:26:44.661Z] [32minfo[39m: User 68e211688b00d1a21b178838 placed a bet of 500 on Meat for round #68e77fbddf39f92c27d728df
[2025-10-09T09:26:45.143Z] [32minfo[39m: User 68e211688b00d1a21b178838 placed a bet of 500 on Meat for round #68e77fbddf39f92c27d728df
[2025-10-09T09:26:45.388Z] [32minfo[39m: User 68e211688b00d1a21b178838 placed a bet of 500 on Meat for round #68e77fbddf39f92c27d728df
[2025-10-09T09:26:45.540Z] [32minfo[39m: User 68e211688b00d1a21b178838 placed a bet of 500 on Meat for round #68e77fbddf39f92c27d728df
[2025-10-09T09:26:45.742Z] [32minfo[39m: User 68e211688b00d1a21b178838 placed a bet of 500 on Meat for round #68e77fbddf39f92c27d728df
[2025-10-09T09:26:45.977Z] [32minfo[39m: User 68e211688b00d1a21b178838 placed a bet of 500 on Meat for round #68e77fbddf39f92c27d728df
[2025-10-09T09:26:46.182Z] [32minfo[39m: User 68e211688b00d1a21b178838 placed a bet of 500 on Meat for round #68e77fbddf39f92c27d728df
[2025-10-09T09:26:46.420Z] [32minfo[39m: User 68e211688b00d1a21b178838 placed a bet of 500 on Meat for round #68e77fbddf39f92c27d728df
[2025-10-09T09:26:46.743Z] [32minfo[39m: User 68e211688b00d1a21b178838 placed a bet of 500 on Meat for round #68e77fbddf39f92c27d728df
[2025-10-09T09:26:46.980Z] [32minfo[39m: User 68e211688b00d1a21b178838 placed a bet of 500 on Meat for round #68e77fbddf39f92c27d728df
[2025-10-09T09:26:47.220Z] [32minfo[39m: User 68e211688b00d1a21b178838 placed a bet of 500 on Meat for round #68e77fbddf39f92c27d728df
[2025-10-09T09:26:47.459Z] [32minfo[39m: User 68e211688b00d1a21b178838 placed a bet of 500 on Meat for round #68e77fbddf39f92c27d728df
[2025-10-09T09:26:47.683Z] [32minfo[39m: User 68e211688b00d1a21b178838 placed a bet of 500 on Meat for round #68e77fbddf39f92c27d728df
[2025-10-09T09:26:47.907Z] [32minfo[39m: User 68e211688b00d1a21b178838 placed a bet of 500 on Meat for round #68e77fbddf39f92c27d728df
[2025-10-09T09:26:48.149Z] [32minfo[39m: User 68e211688b00d1a21b178838 placed a bet of 500 on Meat for round #68e77fbddf39f92c27d728df
[2025-10-09T09:26:48.373Z] [32minfo[39m: User 68e211688b00d1a21b178838 placed a bet of 500 on Meat for round #68e77fbddf39f92c27d728df
[2025-10-09T09:26:48.605Z] [32minfo[39m: User 68e211688b00d1a21b178838 placed a bet of 500 on Meat for round #68e77fbddf39f92c27d728df
[2025-10-09T09:26:48.827Z] [32minfo[39m: User 68e211688b00d1a21b178838 placed a bet of 500 on Meat for round #68e77fbddf39f92c27d728df
[2025-10-09T09:26:49.063Z] [32minfo[39m: User 68e211688b00d1a21b178838 placed a bet of 500 on Meat for round #68e77fbddf39f92c27d728df
[2025-10-09T09:26:49.358Z] [32minfo[39m: User 68e211688b00d1a21b178838 placed a bet of 500 on Meat for round #68e77fbddf39f92c27d728df
[2025-10-09T09:26:49.663Z] [32minfo[39m: User 68e211688b00d1a21b178838 placed a bet of 500 on Meat for round #68e77fbddf39f92c27d728df
[2025-10-09T09:26:49.905Z] [32minfo[39m: User 68e211688b00d1a21b178838 placed a bet of 500 on Meat for round #68e77fbddf39f92c27d728df
[2025-10-09T09:26:50.189Z] [32minfo[39m: User 68e211688b00d1a21b178838 placed a bet of 500 on Meat for round #68e77fbddf39f92c27d728df
[2025-10-09T09:26:50.432Z] [32minfo[39m: User 68e211688b00d1a21b178838 placed a bet of 500 on Meat for round #68e77fbddf39f92c27d728df
[2025-10-09T09:26:50.684Z] [32minfo[39m: User 68e211688b00d1a21b178838 placed a bet of 500 on Meat for round #68e77fbddf39f92c27d728df
[2025-10-09T09:26:50.892Z] [32minfo[39m: User 68e211688b00d1a21b178838 placed a bet of 500 on Meat for round #68e77fbddf39f92c27d728df
[2025-10-09T09:26:51.342Z] [32minfo[39m: User 68e211688b00d1a21b178838 placed a bet of 500 on Meat for round #68e77fbddf39f92c27d728df
[2025-10-09T09:26:51.585Z] [32minfo[39m: User 68e211688b00d1a21b178838 placed a bet of 500 on Meat for round #68e77fbddf39f92c27d728df
[2025-10-09T09:34:01.369Z] [32minfo[39m: User 68e211688b00d1a21b178838 placed a bet of 500 on Meat for round #68e78186df39f92c27d778f6
[2025-10-09T09:34:02.035Z] [32minfo[39m: User 68e211688b00d1a21b178838 placed a bet of 500 on Tomato for round #68e78186df39f92c27d778f6
[2025-10-09T09:34:02.593Z] [32minfo[39m: User 68e211688b00d1a21b178838 placed a bet of 500 on Corn for round #68e78186df39f92c27d778f6
[2025-10-09T09:34:03.059Z] [32minfo[39m: User 68e211688b00d1a21b178838 placed a bet of 500 on Sausage for round #68e78186df39f92c27d778f6
[2025-10-09T09:34:03.614Z] [32minfo[39m: User 68e211688b00d1a21b178838 placed a bet of 500 on Lettuce for round #68e78186df39f92c27d778f6
[2025-10-09T09:34:04.257Z] [32minfo[39m: User 68e211688b00d1a21b178838 placed a bet of 500 on Carrot for round #68e78186df39f92c27d778f6
[2025-10-09T09:34:04.727Z] [32minfo[39m: User 68e211688b00d1a21b178838 placed a bet of 500 on Skewer for round #68e78186df39f92c27d778f6
[2025-10-09T09:34:05.607Z] [32minfo[39m: User 68e211688b00d1a21b178838 placed a bet of 500 on Ham for round #68e78186df39f92c27d778f6
[2025-10-09T09:35:13.745Z] [32minfo[39m: User 68e211688b00d1a21b178838 placed a bet of 500 on Meat for round #68e781cddf39f92c27d78615
[2025-10-09T09:35:14.325Z] [32minfo[39m: User 68e211688b00d1a21b178838 placed a bet of 500 on Tomato for round #68e781cddf39f92c27d78615
[2025-10-09T09:35:14.918Z] [32minfo[39m: User 68e211688b00d1a21b178838 placed a bet of 500 on Corn for round #68e781cddf39f92c27d78615
[2025-10-09T09:35:15.863Z] [32minfo[39m: User 68e211688b00d1a21b178838 placed a bet of 500 on Sausage for round #68e781cddf39f92c27d78615
[2025-10-09T09:35:17.126Z] [32minfo[39m: User 68e211688b00d1a21b178838 placed a bet of 500 on Lettuce for round #68e781cddf39f92c27d78615
[2025-10-09T09:35:18.039Z] [32minfo[39m: User 68e211688b00d1a21b178838 placed a bet of 500 on Carrot for round #68e781cddf39f92c27d78615
[2025-10-09T09:35:18.513Z] [32minfo[39m: User 68e211688b00d1a21b178838 placed a bet of 500 on Skewer for round #68e781cddf39f92c27d78615
[2025-10-09T09:35:19.363Z] [32minfo[39m: User 68e211688b00d1a21b178838 placed a bet of 500 on Ham for round #68e781cddf39f92c27d78615
[2025-10-09T09:35:19.364Z] [33mwarn[39m: Warning: Insufficient balance, current balance: 100, bet amount: 500
[2025-10-09T09:35:23.038Z] [32minfo[39m: User 68e211688b00d1a21b178838 placed a bet of 500 on Pizza for round #68e781cddf39f92c27d78615
[2025-10-09T09:35:23.039Z] [33mwarn[39m: Warning: Insufficient balance, current balance: 100, bet amount: 500
[2025-10-09T09:56:40.819Z] [32minfo[39m: User 68e211688b00d1a21b178838 placed a bet of 500 on Meat for round #68e786c3d5f3bc4a65c8fb80
[2025-10-09T09:57:31.186Z] [32minfo[39m: User 68e211688b00d1a21b178838 placed a bet of 500 on Meat for round #68e7870ad5f3bc4a65c90c23
[2025-10-09T09:57:32.180Z] [32minfo[39m: User 68e211688b00d1a21b178838 placed a bet of 500 on Tomato for round #68e7870ad5f3bc4a65c90c23
[2025-10-09T09:57:33.541Z] [32minfo[39m: User 68e211688b00d1a21b178838 placed a bet of 500 on Carrot for round #68e7870ad5f3bc4a65c90c23
[2025-10-09T09:57:34.892Z] [32minfo[39m: User 68e211688b00d1a21b178838 placed a bet of 500 on Skewer for round #68e7870ad5f3bc4a65c90c23
[2025-10-09T09:57:35.931Z] [32minfo[39m: User 68e211688b00d1a21b178838 placed a bet of 500 on Corn for round #68e7870ad5f3bc4a65c90c23
[2025-10-09T10:00:28.343Z] [32minfo[39m: User 68e211688b00d1a21b178838 placed a bet of 500 on Meat for round #68e787b9d5f3bc4a65c923df
[2025-10-09T10:00:29.139Z] [32minfo[39m: User 68e211688b00d1a21b178838 placed a bet of 500 on Tomato for round #68e787b9d5f3bc4a65c923df
[2025-10-09T10:00:29.843Z] [32minfo[39m: User 68e211688b00d1a21b178838 placed a bet of 500 on Corn for round #68e787b9d5f3bc4a65c923df
[2025-10-09T10:00:30.532Z] [32minfo[39m: User 68e211688b00d1a21b178838 placed a bet of 500 on Sausage for round #68e787b9d5f3bc4a65c923df
[2025-10-09T10:00:31.220Z] [32minfo[39m: User 68e211688b00d1a21b178838 placed a bet of 500 on Lettuce for round #68e787b9d5f3bc4a65c923df
[2025-10-09T10:00:31.957Z] [32minfo[39m: User 68e211688b00d1a21b178838 placed a bet of 500 on Carrot for round #68e787b9d5f3bc4a65c923df
[2025-10-09T10:00:32.525Z] [32minfo[39m: User 68e211688b00d1a21b178838 placed a bet of 500 on Skewer for round #68e787b9d5f3bc4a65c923df
[2025-10-09T10:00:33.699Z] [32minfo[39m: User 68e211688b00d1a21b178838 placed a bet of 500 on Ham for round #68e787b9d5f3bc4a65c923df
[2025-10-09T10:04:05.447Z] [32minfo[39m: User 68e211688b00d1a21b178838 placed a bet of 500 on Meat for round #68e78883b755950d534a0c8d
[2025-10-09T10:04:06.280Z] [32minfo[39m: User 68e211688b00d1a21b178838 placed a bet of 500 on Tomato for round #68e78883b755950d534a0c8d
[2025-10-09T10:04:06.741Z] [32minfo[39m: User 68e211688b00d1a21b178838 placed a bet of 500 on Corn for round #68e78883b755950d534a0c8d
[2025-10-09T10:04:07.308Z] [32minfo[39m: User 68e211688b00d1a21b178838 placed a bet of 500 on Sausage for round #68e78883b755950d534a0c8d
[2025-10-09T10:04:07.885Z] [32minfo[39m: User 68e211688b00d1a21b178838 placed a bet of 500 on Lettuce for round #68e78883b755950d534a0c8d
[2025-10-09T10:04:08.604Z] [32minfo[39m: User 68e211688b00d1a21b178838 placed a bet of 500 on Carrot for round #68e78883b755950d534a0c8d
[2025-10-09T10:04:09.052Z] [32minfo[39m: User 68e211688b00d1a21b178838 placed a bet of 500 on Skewer for round #68e78883b755950d534a0c8d
[2025-10-09T10:04:09.668Z] [32minfo[39m: User 68e211688b00d1a21b178838 placed a bet of 500 on Ham for round #68e78883b755950d534a0c8d
[2025-10-09T10:06:17.987Z] [32minfo[39m: User 68e211688b00d1a21b178838 placed a bet of 500 on Meat for round #68e789175e676ad5c1db6185
[2025-10-09T10:06:18.557Z] [32minfo[39m: User 68e211688b00d1a21b178838 placed a bet of 500 on Tomato for round #68e789175e676ad5c1db6185
[2025-10-09T10:06:19.130Z] [32minfo[39m: User 68e211688b00d1a21b178838 placed a bet of 500 on Corn for round #68e789175e676ad5c1db6185
[2025-10-09T10:06:19.746Z] [32minfo[39m: User 68e211688b00d1a21b178838 placed a bet of 500 on Sausage for round #68e789175e676ad5c1db6185
[2025-10-09T10:06:20.386Z] [32minfo[39m: User 68e211688b00d1a21b178838 placed a bet of 500 on Lettuce for round #68e789175e676ad5c1db6185
[2025-10-09T10:06:21.064Z] [32minfo[39m: User 68e211688b00d1a21b178838 placed a bet of 500 on Carrot for round #68e789175e676ad5c1db6185
[2025-10-09T10:06:21.579Z] [32minfo[39m: User 68e211688b00d1a21b178838 placed a bet of 500 on Skewer for round #68e789175e676ad5c1db6185
[2025-10-09T10:06:22.124Z] [32minfo[39m: User 68e211688b00d1a21b178838 placed a bet of 500 on Ham for round #68e789175e676ad5c1db6185
[2025-10-09T10:06:22.741Z] [32minfo[39m: User 68e211688b00d1a21b178838 placed a bet of 500 on Pizza for round #68e789175e676ad5c1db6185
[2025-10-09T10:06:23.779Z] [32minfo[39m: User 68e211688b00d1a21b178838 placed a bet of 500 on Salad for round #68e789175e676ad5c1db6185
[2025-10-09T11:40:14.817Z] [32minfo[39m: User 68e211688b00d1a21b178838 placed a bet of 500 on Meat for round #68e79f18ba389dff03e36757
[2025-10-09T11:40:15.396Z] [32minfo[39m: User 68e211688b00d1a21b178838 placed a bet of 500 on Tomato for round #68e79f18ba389dff03e36757
[2025-10-09T11:40:15.858Z] [32minfo[39m: User 68e211688b00d1a21b178838 placed a bet of 500 on Corn for round #68e79f18ba389dff03e36757
[2025-10-09T11:40:16.387Z] [32minfo[39m: User 68e211688b00d1a21b178838 placed a bet of 500 on Sausage for round #68e79f18ba389dff03e36757
[2025-10-09T11:40:16.815Z] [32minfo[39m: User 68e211688b00d1a21b178838 placed a bet of 500 on Lettuce for round #68e79f18ba389dff03e36757
[2025-10-09T11:40:17.386Z] [32minfo[39m: User 68e211688b00d1a21b178838 placed a bet of 500 on Carrot for round #68e79f18ba389dff03e36757
[2025-10-09T11:40:17.764Z] [32minfo[39m: User 68e211688b00d1a21b178838 placed a bet of 500 on Skewer for round #68e79f18ba389dff03e36757
[2025-10-09T11:40:18.178Z] [32minfo[39m: User 68e211688b00d1a21b178838 placed a bet of 500 on Ham for round #68e79f18ba389dff03e36757
[2025-10-09T11:47:38.172Z] [32minfo[39m: User 68e211688b00d1a21b178838 placed a bet of 500 on Meat for round #68e7a0d87fe76dcf274f632e
[2025-10-09T11:47:38.835Z] [32minfo[39m: User 68e211688b00d1a21b178838 placed a bet of 500 on Tomato for round #68e7a0d87fe76dcf274f632e
[2025-10-09T11:47:39.389Z] [32minfo[39m: User 68e211688b00d1a21b178838 placed a bet of 500 on Corn for round #68e7a0d87fe76dcf274f632e
[2025-10-09T11:47:40.011Z] [32minfo[39m: User 68e211688b00d1a21b178838 placed a bet of 500 on Sausage for round #68e7a0d87fe76dcf274f632e
[2025-10-09T11:47:40.568Z] [32minfo[39m: User 68e211688b00d1a21b178838 placed a bet of 500 on Lettuce for round #68e7a0d87fe76dcf274f632e
[2025-10-09T11:47:41.313Z] [32minfo[39m: User 68e211688b00d1a21b178838 placed a bet of 500 on Carrot for round #68e7a0d87fe76dcf274f632e
[2025-10-09T11:47:41.786Z] [32minfo[39m: User 68e211688b00d1a21b178838 placed a bet of 500 on Skewer for round #68e7a0d87fe76dcf274f632e
[2025-10-09T11:47:42.913Z] [32minfo[39m: User 68e211688b00d1a21b178838 placed a bet of 500 on Ham for round #68e7a0d87fe76dcf274f632e
[2025-10-09T12:07:41.562Z] [32minfo[39m: User 68e211688b00d1a21b178838 placed a bet of 500 on Meat for round #68e7a58b399f54d7336dbab4
[2025-10-09T12:07:42.310Z] [32minfo[39m: User 68e211688b00d1a21b178838 placed a bet of 500 on Tomato for round #68e7a58b399f54d7336dbab4
[2025-10-09T12:07:42.836Z] [32minfo[39m: User 68e211688b00d1a21b178838 placed a bet of 500 on Corn for round #68e7a58b399f54d7336dbab4
[2025-10-09T12:07:43.343Z] [32minfo[39m: User 68e211688b00d1a21b178838 placed a bet of 500 on Sausage for round #68e7a58b399f54d7336dbab4
[2025-10-09T12:07:43.817Z] [32minfo[39m: User 68e211688b00d1a21b178838 placed a bet of 500 on Lettuce for round #68e7a58b399f54d7336dbab4
[2025-10-09T12:07:44.495Z] [32minfo[39m: User 68e211688b00d1a21b178838 placed a bet of 500 on Carrot for round #68e7a58b399f54d7336dbab4
[2025-10-09T12:07:44.958Z] [32minfo[39m: User 68e211688b00d1a21b178838 placed a bet of 500 on Skewer for round #68e7a58b399f54d7336dbab4
[2025-10-09T12:07:46.005Z] [32minfo[39m: User 68e211688b00d1a21b178838 placed a bet of 500 on Ham for round #68e7a58b399f54d7336dbab4
