[2025-10-10T20:09:38.417Z] [32minfo[39m: User 68e2abb4cbfc8a45544ecce0 placed a bet of 500 on Meat for round #68e967e99cffb6f450bddc06
[2025-10-10T20:09:41.686Z] [32minfo[39m: User 68e2abb4cbfc8a45544ecce0 placed a bet of 500 on Tomato for round #68e967e99cffb6f450bddc06
[2025-10-10T20:09:42.966Z] [32minfo[39m: User 68e2abb4cbfc8a45544ecce0 placed a bet of 500 on Corn for round #68e967e99cffb6f450bddc06
[2025-10-10T20:25:12.609Z] [32minfo[39m: User 68e2abb4cbfc8a45544ecce0 placed a bet of 500 on Meat for round #68e96ba75dc8f8e7cc2babb6
[2025-10-10T20:25:15.390Z] [32minfo[39m: User 68e2abb4cbfc8a45544ecce0 placed a bet of 500 on Skewer for round #68e96ba75dc8f8e7cc2babb6
[2025-10-10T20:25:17.423Z] [32minfo[39m: User 68e2abb4cbfc8a45544ecce0 placed a bet of 500 on Sausage for round #68e96ba75dc8f8e7cc2babb6
[2025-10-10T20:30:06.057Z] [32minfo[39m: User 68e2abb4cbfc8a45544ecce0 placed a bet of 500 on Meat for round #68e96ccd2f0c750c8ed90735
[2025-10-10T20:30:08.703Z] [32minfo[39m: User 68e2abb4cbfc8a45544ecce0 placed a bet of 500 on Sausage for round #68e96ccd2f0c750c8ed90735
[2025-10-10T20:30:10.814Z] [32minfo[39m: User 68e2abb4cbfc8a45544ecce0 placed a bet of 500 on Skewer for round #68e96ccd2f0c750c8ed90735
[2025-10-10T20:33:54.721Z] [32minfo[39m: User 68e2abb4cbfc8a45544ecce0 placed a bet of 500 on Meat for round #68e96db1240c48847e350040
[2025-10-10T20:33:55.390Z] [32minfo[39m: User 68e2abb4cbfc8a45544ecce0 placed a bet of 500 on Tomato for round #68e96db1240c48847e350040
[2025-10-10T20:33:55.958Z] [32minfo[39m: User 68e2abb4cbfc8a45544ecce0 placed a bet of 500 on Corn for round #68e96db1240c48847e350040
[2025-10-10T20:33:56.798Z] [32minfo[39m: User 68e2abb4cbfc8a45544ecce0 placed a bet of 500 on Sausage for round #68e96db1240c48847e350040
[2025-10-10T20:33:57.871Z] [32minfo[39m: User 68e2abb4cbfc8a45544ecce0 placed a bet of 500 on Lettuce for round #68e96db1240c48847e350040
[2025-10-10T20:34:05.254Z] [32minfo[39m: User 68e2abb4cbfc8a45544ecce0 placed a bet of 500 on Carrot for round #68e96db1240c48847e350040
[2025-10-10T20:34:07.039Z] [32minfo[39m: User 68e2abb4cbfc8a45544ecce0 placed a bet of 500 on Skewer for round #68e96db1240c48847e350040
[2025-10-11T16:56:33.130Z] [32minfo[39m: User 68e2abb4cbfc8a45544ecce0 placed a bet of 500 on Meat for round #68ea8c3a06b2f7d408ae7ac3
[2025-10-11T16:56:33.792Z] [32minfo[39m: User 68e2abb4cbfc8a45544ecce0 placed a bet of 500 on Tomato for round #68ea8c3a06b2f7d408ae7ac3
[2025-10-11T16:56:34.423Z] [32minfo[39m: User 68e2abb4cbfc8a45544ecce0 placed a bet of 500 on Corn for round #68ea8c3a06b2f7d408ae7ac3
[2025-10-11T16:56:35.000Z] [32minfo[39m: User 68e2abb4cbfc8a45544ecce0 placed a bet of 500 on Sausage for round #68ea8c3a06b2f7d408ae7ac3
[2025-10-11T16:56:35.887Z] [32minfo[39m: User 68e2abb4cbfc8a45544ecce0 placed a bet of 500 on Lettuce for round #68ea8c3a06b2f7d408ae7ac3
