[2025-10-11T18:38:02.760Z] [32minfo[39m: User 68e2abb4cbfc8a45544ecce0 placed a bet of 500 on Meat for round #68eaa40612fc92caf27f037b
[2025-10-11T18:38:03.510Z] [32minfo[39m: User 68e2abb4cbfc8a45544ecce0 placed a bet of 500 on Tomato for round #68eaa40612fc92caf27f037b
[2025-10-11T18:38:04.174Z] [32minfo[39m: User 68e2abb4cbfc8a45544ecce0 placed a bet of 500 on Corn for round #68eaa40612fc92caf27f037b
[2025-10-11T18:38:05.318Z] [32minfo[39m: User 68e2abb4cbfc8a45544ecce0 placed a bet of 500 on Sausage for round #68eaa40612fc92caf27f037b
[2025-10-11T18:38:06.597Z] [32minfo[39m: User 68e2abb4cbfc8a45544ecce0 placed a bet of 500 on Lettuce for round #68eaa40612fc92caf27f037b
[2025-10-11T18:40:21.454Z] [32minfo[39m: User 68e2abb4cbfc8a45544ecce0 placed a bet of 500 on Meat for round #68eaa49212fc92caf27f0e58
[2025-10-11T18:40:22.045Z] [32minfo[39m: User 68e2abb4cbfc8a45544ecce0 placed a bet of 500 on Tomato for round #68eaa49212fc92caf27f0e58
[2025-10-11T18:40:22.605Z] [32minfo[39m: User 68e2abb4cbfc8a45544ecce0 placed a bet of 500 on Corn for round #68eaa49212fc92caf27f0e58
[2025-10-11T18:40:23.110Z] [32minfo[39m: User 68e2abb4cbfc8a45544ecce0 placed a bet of 500 on Sausage for round #68eaa49212fc92caf27f0e58
[2025-10-11T18:40:23.998Z] [32minfo[39m: User 68e2abb4cbfc8a45544ecce0 placed a bet of 500 on Lettuce for round #68eaa49212fc92caf27f0e58
[2025-10-11T18:42:33.860Z] [32minfo[39m: User 68e2abb4cbfc8a45544ecce0 placed a bet of 500 on Meat for round #68eaa4b612fc92caf27f1235
[2025-10-11T18:42:34.857Z] [32minfo[39m: User 68e2abb4cbfc8a45544ecce0 placed a bet of 500 on Tomato for round #68eaa4b612fc92caf27f1235
[2025-10-11T18:42:35.526Z] [32minfo[39m: User 68e2abb4cbfc8a45544ecce0 placed a bet of 500 on Corn for round #68eaa4b612fc92caf27f1235
[2025-10-11T18:42:36.310Z] [32minfo[39m: User 68e2abb4cbfc8a45544ecce0 placed a bet of 500 on Sausage for round #68eaa4b612fc92caf27f1235
[2025-10-11T18:42:37.295Z] [32minfo[39m: User 68e2abb4cbfc8a45544ecce0 placed a bet of 500 on Lettuce for round #68eaa4b612fc92caf27f1235
[2025-10-11T18:42:40.510Z] [32minfo[39m: User 68e2abb4cbfc8a45544ecce0 placed a bet of 500 on Meat for round #68eaa4b612fc92caf27f1235
[2025-10-11T18:42:41.094Z] [32minfo[39m: User 68e2abb4cbfc8a45544ecce0 placed a bet of 500 on Tomato for round #68eaa4b612fc92caf27f1235
[2025-10-11T18:42:41.638Z] [32minfo[39m: User 68e2abb4cbfc8a45544ecce0 placed a bet of 500 on Corn for round #68eaa4b612fc92caf27f1235
[2025-10-11T18:44:20.388Z] [32minfo[39m: User 68e2abb4cbfc8a45544ecce0 placed a bet of 500 on Meat for round #68eaa551e24b6756afd098ec
[2025-10-11T18:44:21.194Z] [32minfo[39m: User 68e2abb4cbfc8a45544ecce0 placed a bet of 500 on Tomato for round #68eaa551e24b6756afd098ec
[2025-10-11T18:44:21.776Z] [32minfo[39m: User 68e2abb4cbfc8a45544ecce0 placed a bet of 500 on Corn for round #68eaa551e24b6756afd098ec
[2025-10-11T18:44:22.327Z] [32minfo[39m: User 68e2abb4cbfc8a45544ecce0 placed a bet of 500 on Sausage for round #68eaa551e24b6756afd098ec
[2025-10-11T18:44:23.054Z] [32minfo[39m: User 68e2abb4cbfc8a45544ecce0 placed a bet of 500 on Lettuce for round #68eaa551e24b6756afd098ec
[2025-10-11T18:45:22.786Z] [32minfo[39m: User 68e2abb4cbfc8a45544ecce0 placed a bet of 500 on Meat for round #68eaa59eae4861c1292efc57
[2025-10-11T18:45:23.648Z] [32minfo[39m: User 68e2abb4cbfc8a45544ecce0 placed a bet of 500 on Tomato for round #68eaa59eae4861c1292efc57
[2025-10-11T18:45:25.376Z] [32minfo[39m: User 68e2abb4cbfc8a45544ecce0 placed a bet of 500 on Carrot for round #68eaa59eae4861c1292efc57
[2025-10-11T18:45:25.943Z] [32minfo[39m: User 68e2abb4cbfc8a45544ecce0 placed a bet of 500 on Skewer for round #68eaa59eae4861c1292efc57
