[2025-10-13T04:49:42.386Z] [32minfo[39m: User 68e211688b00d1a21b178838 placed a bet of 2000 on tomato for round #68ec84e570eac3c5ac857ea2
[2025-10-13T04:49:43.429Z] [32minfo[39m: User 68e211688b00d1a21b178838 placed a bet of 2000 on tomato for round #68ec84e570eac3c5ac857ea2
[2025-10-13T04:49:44.453Z] [32minfo[39m: User 68e211688b00d1a21b178838 placed a bet of 2000 on tomato for round #68ec84e570eac3c5ac857ea2
[2025-10-13T04:55:03.669Z] [32minfo[39m: User 68e211688b00d1a21b178838 placed a bet of 2000 on ham for round #68ec8626b8d75f8f323137b9
[2025-10-13T04:55:05.163Z] [32minfo[39m: User 68e211688b00d1a21b178838 placed a bet of 2000 on ham for round #68ec8626b8d75f8f323137b9
[2025-10-13T04:55:06.267Z] [32minfo[39m: User 68e211688b00d1a21b178838 placed a bet of 2000 on ham for round #68ec8626b8d75f8f323137b9
[2025-10-13T04:55:07.307Z] [32minfo[39m: User 68e211688b00d1a21b178838 placed a bet of 2000 on corn for round #68ec8626b8d75f8f323137b9
[2025-10-13T04:55:07.619Z] [32minfo[39m: User 68e211688b00d1a21b178838 placed a bet of 2000 on corn for round #68ec8626b8d75f8f323137b9
[2025-10-13T04:55:08.018Z] [32minfo[39m: User 68e211688b00d1a21b178838 placed a bet of 2000 on corn for round #68ec8626b8d75f8f323137b9
[2025-10-13T05:04:14.506Z] [32minfo[39m: User 68e211688b00d1a21b178838 placed a bet of 500 on Meat for round #68ec88495cedd0953f5d3f23
[2025-10-13T05:04:37.388Z] [32minfo[39m: User 68e211688b00d1a21b178838 placed a bet of 2000 on carrot for round #68ec88495cedd0953f5d3f23
[2025-10-13T05:04:38.599Z] [32minfo[39m: User 68e211688b00d1a21b178838 placed a bet of 2000 on carrot for round #68ec88495cedd0953f5d3f23
[2025-10-13T05:05:50.003Z] [32minfo[39m: User 68e211688b00d1a21b178838 placed a bet of 2000 on ham for round #68ec88495cedd0953f5d3f23
[2025-10-13T05:05:51.091Z] [32minfo[39m: User 68e211688b00d1a21b178838 placed a bet of 2000 on ham for round #68ec88495cedd0953f5d3f23
[2025-10-13T05:06:11.027Z] [32minfo[39m: User 68e211688b00d1a21b178838 placed a bet of 500 on Meat for round #68ec88c1beb6c1eab91d1245
[2025-10-13T05:06:33.809Z] [32minfo[39m: User 68e211688b00d1a21b178838 placed a bet of 500 on Corn for round #68ec88c1beb6c1eab91d1245
[2025-10-13T05:06:35.093Z] [32minfo[39m: User 68e211688b00d1a21b178838 placed a bet of 500 on Sausage for round #68ec88c1beb6c1eab91d1245
[2025-10-13T05:06:35.731Z] [32minfo[39m: User 68e211688b00d1a21b178838 placed a bet of 500 on Lettuce for round #68ec88c1beb6c1eab91d1245
[2025-10-13T05:06:36.925Z] [32minfo[39m: User 68e211688b00d1a21b178838 placed a bet of 500 on Skewer for round #68ec88c1beb6c1eab91d1245
[2025-10-13T05:09:32.605Z] [32minfo[39m: User 68e211688b00d1a21b178838 placed a bet of 2000 on tomato for round #68ec8985c16f05351b149802
[2025-10-13T05:09:33.748Z] [32minfo[39m: User 68e211688b00d1a21b178838 placed a bet of 2000 on tomato for round #68ec8985c16f05351b149802
[2025-10-13T05:12:20.269Z] [32minfo[39m: User 68e211688b00d1a21b178838 placed a bet of 500 on Meat for round #68ec89f441077a3a4c4a4d58
[2025-10-13T05:12:42.832Z] [32minfo[39m: User 68e211688b00d1a21b178838 placed a bet of 2000 on corn for round #68ec8a4041077a3a4c4a53cc
[2025-10-13T05:12:43.578Z] [32minfo[39m: User 68e211688b00d1a21b178838 placed a bet of 2000 on corn for round #68ec8a4041077a3a4c4a53cc
[2025-10-13T05:12:44.136Z] [32minfo[39m: User 68e211688b00d1a21b178838 placed a bet of 2000 on corn for round #68ec8a4041077a3a4c4a53cc
[2025-10-13T05:12:49.919Z] [32minfo[39m: User 68e211688b00d1a21b178838 placed a bet of 2000 on lettuce for round #68ec8a4041077a3a4c4a53cc
[2025-10-13T05:12:50.318Z] [32minfo[39m: User 68e211688b00d1a21b178838 placed a bet of 2000 on lettuce for round #68ec8a4041077a3a4c4a53cc
[2025-10-13T05:12:52.253Z] [32minfo[39m: User 68e211688b00d1a21b178838 placed a bet of 2000 on carrot for round #68ec8a4041077a3a4c4a53cc
[2025-10-13T05:12:52.711Z] [32minfo[39m: User 68e211688b00d1a21b178838 placed a bet of 2000 on carrot for round #68ec8a4041077a3a4c4a53cc
[2025-10-13T05:13:57.627Z] [32minfo[39m: User 68e211688b00d1a21b178838 placed a bet of 2000 on skewer for round #68ec8a8b41077a3a4c4a5a90
[2025-10-13T05:13:59.433Z] [32minfo[39m: User 68e211688b00d1a21b178838 placed a bet of 2000 on skewer for round #68ec8a8b41077a3a4c4a5a90
[2025-10-13T05:14:03.285Z] [32minfo[39m: User 68e211688b00d1a21b178838 placed a bet of 2000 on skewer for round #68ec8a8b41077a3a4c4a5a90
[2025-10-13T05:14:07.614Z] [32minfo[39m: User 68e211688b00d1a21b178838 placed a bet of 2000 on skewer for round #68ec8a8b41077a3a4c4a5a90
[2025-10-13T05:14:12.817Z] [32minfo[39m: User 68e211688b00d1a21b178838 placed a bet of 2000 on skewer for round #68ec8a8b41077a3a4c4a5a90
[2025-10-13T05:16:43.233Z] [32minfo[39m: User 68e211688b00d1a21b178838 placed a bet of 2000 on lettuce for round #68ec8b368cfdd7bc5eab93ad
[2025-10-13T05:16:43.812Z] [32minfo[39m: User 68e211688b00d1a21b178838 placed a bet of 2000 on lettuce for round #68ec8b368cfdd7bc5eab93ad
[2025-10-13T05:19:35.589Z] [32minfo[39m: User 68e211688b00d1a21b178838 placed a bet of 500 on Meat for round #68ec8bdb189ba69a2a319357
[2025-10-13T05:19:36.506Z] [32minfo[39m: User 68e211688b00d1a21b178838 placed a bet of 500 on Tomato for round #68ec8bdb189ba69a2a319357
[2025-10-13T05:27:56.457Z] [32minfo[39m: User 68e211688b00d1a21b178838 placed a bet of 2000 on ham for round #68ec8da1433c952bdaf94cea
[2025-10-13T05:35:02.206Z] [32minfo[39m: User 68ec8e43bec3a9b4c67379aa placed a bet of 2000 on tomato for round #68ec8f842a95f7752a54388f
[2025-10-13T05:35:02.941Z] [32minfo[39m: User 68ec8e43bec3a9b4c67379aa placed a bet of 2000 on tomato for round #68ec8f842a95f7752a54388f
[2025-10-13T05:37:40.141Z] [32minfo[39m: User 68ec8e43bec3a9b4c67379aa placed a bet of 2000 on tomato for round #68ec901a2a95f7752a5445dd
[2025-10-13T05:41:54.712Z] [32minfo[39m: User 68ec8e43bec3a9b4c67379aa placed a bet of 2000 on skewer for round #68ec90fc2a95f7752a5459cd
[2025-10-13T05:48:33.205Z] [32minfo[39m: User 68ec8e43bec3a9b4c67379aa placed a bet of 1000 on meat for round #68ec92ab5f4bedea0c081715
[2025-10-13T05:48:33.939Z] [32minfo[39m: User 68ec8e43bec3a9b4c67379aa placed a bet of 1000 on corn for round #68ec92ab5f4bedea0c081715
[2025-10-13T05:48:35.068Z] [32minfo[39m: User 68ec8e43bec3a9b4c67379aa placed a bet of 1000 on sausage for round #68ec92ab5f4bedea0c081715
[2025-10-13T05:48:35.456Z] [32minfo[39m: User 68ec8e43bec3a9b4c67379aa placed a bet of 1000 on lettuce for round #68ec92ab5f4bedea0c081715
[2025-10-13T05:48:35.886Z] [32minfo[39m: User 68ec8e43bec3a9b4c67379aa placed a bet of 1000 on ham for round #68ec92ab5f4bedea0c081715
[2025-10-13T05:48:36.424Z] [32minfo[39m: User 68ec8e43bec3a9b4c67379aa placed a bet of 1000 on carrot for round #68ec92ab5f4bedea0c081715
[2025-10-13T05:48:36.873Z] [32minfo[39m: User 68ec8e43bec3a9b4c67379aa placed a bet of 1000 on skewer for round #68ec92ab5f4bedea0c081715
[2025-10-13T05:48:37.441Z] [32minfo[39m: User 68ec8e43bec3a9b4c67379aa placed a bet of 1000 on tomato for round #68ec92ab5f4bedea0c081715
[2025-10-13T06:05:40.365Z] [32minfo[39m: User 68e211688b00d1a21b178838 placed a bet of 500 on Meat for round #68ec96325f4bedea0c0868cb
[2025-10-13T06:06:31.934Z] [32minfo[39m: User 68e211688b00d1a21b178838 placed a bet of 500 on Meat for round #68ec96325f4bedea0c0868cb
[2025-10-13T06:08:59.767Z] [32minfo[39m: User 68e211688b00d1a21b178838 placed a bet of 500 on Meat for round #68ec972a2cb750e1569c5f00
[2025-10-13T06:18:58.195Z] [32minfo[39m: User 68e211688b00d1a21b178838 placed a bet of 500 on Meat for round #68ec9985d93593d83f861249
[2025-10-13T06:22:21.971Z] [32minfo[39m: User 68ec8e43bec3a9b4c67379aa placed a bet of 2000 on tomato for round #68ec9a92c0c264b6cfdc5116
[2025-10-13T06:22:22.611Z] [32minfo[39m: User 68ec8e43bec3a9b4c67379aa placed a bet of 2000 on tomato for round #68ec9a92c0c264b6cfdc5116
[2025-10-13T06:22:23.463Z] [32minfo[39m: User 68ec8e43bec3a9b4c67379aa placed a bet of 2000 on tomato for round #68ec9a92c0c264b6cfdc5116
[2025-10-13T06:27:33.838Z] [32minfo[39m: User 68ec8e43bec3a9b4c67379aa placed a bet of 2000 on ham for round #68ec9ba4c63e50bb1ff69ca0
[2025-10-13T06:27:43.064Z] [32minfo[39m: User 68ec8e43bec3a9b4c67379aa placed a bet of 2000 on skewer for round #68ec9ba4c63e50bb1ff69ca0
[2025-10-13T06:28:31.682Z] [32minfo[39m: User 68ec8e43bec3a9b4c67379aa placed a bet of 2000 on corn for round #68ec9befc63e50bb1ff6a3be
[2025-10-13T06:28:33.041Z] [32minfo[39m: User 68ec8e43bec3a9b4c67379aa placed a bet of 2000 on sausage for round #68ec9befc63e50bb1ff6a3be
[2025-10-13T06:28:50.206Z] [32minfo[39m: User 68ec8e43bec3a9b4c67379aa placed a bet of 2000 on corn for round #68ec9befc63e50bb1ff6a3be
[2025-10-13T06:28:50.975Z] [32minfo[39m: User 68ec8e43bec3a9b4c67379aa placed a bet of 2000 on meat for round #68ec9befc63e50bb1ff6a3be
[2025-10-13T06:28:51.497Z] [32minfo[39m: User 68ec8e43bec3a9b4c67379aa placed a bet of 2000 on tomato for round #68ec9befc63e50bb1ff6a3be
[2025-10-13T06:28:52.015Z] [32minfo[39m: User 68ec8e43bec3a9b4c67379aa placed a bet of 2000 on skewer for round #68ec9befc63e50bb1ff6a3be
[2025-10-13T06:30:32.385Z] [32minfo[39m: User 68ec8e43bec3a9b4c67379aa placed a bet of 2000 on skewer for round #68ec9c86c63e50bb1ff6b21d
[2025-10-13T06:30:33.999Z] [32minfo[39m: User 68ec8e43bec3a9b4c67379aa placed a bet of 2000 on tomato for round #68ec9c86c63e50bb1ff6b21d
[2025-10-13T06:30:38.533Z] [32minfo[39m: User 68ec8e43bec3a9b4c67379aa placed a bet of 2000 on meat for round #68ec9c86c63e50bb1ff6b21d
[2025-10-13T06:30:42.519Z] [32minfo[39m: User 68ec8e43bec3a9b4c67379aa placed a bet of 2000 on corn for round #68ec9c86c63e50bb1ff6b21d
[2025-10-13T06:30:42.622Z] [32minfo[39m: User 68ec8e43bec3a9b4c67379aa placed a bet of 2000 on sausage for round #68ec9c86c63e50bb1ff6b21d
[2025-10-13T06:30:42.745Z] [32minfo[39m: User 68ec8e43bec3a9b4c67379aa placed a bet of 2000 on lettuce for round #68ec9c86c63e50bb1ff6b21d
[2025-10-13T06:30:43.374Z] [32minfo[39m: User 68ec8e43bec3a9b4c67379aa placed a bet of 2000 on ham for round #68ec9c86c63e50bb1ff6b21d
[2025-10-13T06:30:44.365Z] [32minfo[39m: User 68ec8e43bec3a9b4c67379aa placed a bet of 2000 on carrot for round #68ec9c86c63e50bb1ff6b21d
[2025-10-13T06:30:45.143Z] [32minfo[39m: User 68ec8e43bec3a9b4c67379aa placed a bet of 2000 on skewer for round #68ec9c86c63e50bb1ff6b21d
[2025-10-13T06:31:31.595Z] [32minfo[39m: User 68ec8e43bec3a9b4c67379aa placed a bet of 2000 on skewer for round #68ec9c86c63e50bb1ff6b21d
[2025-10-13T06:32:21.412Z] [32minfo[39m: User 68ec8e43bec3a9b4c67379aa placed a bet of 2000 on skewer for round #68ec9c86c63e50bb1ff6b21d
[2025-10-13T06:32:22.168Z] [32minfo[39m: User 68ec8e43bec3a9b4c67379aa placed a bet of 2000 on carrot for round #68ec9c86c63e50bb1ff6b21d
[2025-10-13T06:36:37.930Z] [32minfo[39m: User 68ec8e43bec3a9b4c67379aa placed a bet of 2000 on lettuce for round #68ec9de887e4738f655bbb6b
[2025-10-13T06:36:38.733Z] [32minfo[39m: User 68ec8e43bec3a9b4c67379aa placed a bet of 2000 on ham for round #68ec9de887e4738f655bbb6b
[2025-10-13T06:36:39.664Z] [32minfo[39m: User 68ec8e43bec3a9b4c67379aa placed a bet of 2000 on carrot for round #68ec9de887e4738f655bbb6b
[2025-10-13T06:36:40.203Z] [32minfo[39m: User 68ec8e43bec3a9b4c67379aa placed a bet of 2000 on skewer for round #68ec9de887e4738f655bbb6b
[2025-10-13T06:36:40.802Z] [32minfo[39m: User 68ec8e43bec3a9b4c67379aa placed a bet of 2000 on tomato for round #68ec9de887e4738f655bbb6b
[2025-10-13T06:36:41.234Z] [32minfo[39m: User 68ec8e43bec3a9b4c67379aa placed a bet of 2000 on meat for round #68ec9de887e4738f655bbb6b
[2025-10-13T06:36:41.717Z] [32minfo[39m: User 68ec8e43bec3a9b4c67379aa placed a bet of 2000 on corn for round #68ec9de887e4738f655bbb6b
[2025-10-13T06:36:42.158Z] [32minfo[39m: User 68ec8e43bec3a9b4c67379aa placed a bet of 2000 on sausage for round #68ec9de887e4738f655bbb6b
[2025-10-13T06:40:25.440Z] [32minfo[39m: User 68ec8e43bec3a9b4c67379aa placed a bet of 2000 on meat for round #68ec9ec987e4738f655bd116
[2025-10-13T06:40:29.304Z] [32minfo[39m: User 68ec8e43bec3a9b4c67379aa placed a bet of 2000 on corn for round #68ec9ec987e4738f655bd116
[2025-10-13T06:40:57.799Z] [32minfo[39m: User 68ec8e43bec3a9b4c67379aa placed a bet of 2000 on carrot for round #68ec9ec987e4738f655bd116
[2025-10-13T06:40:59.354Z] [32minfo[39m: User 68ec8e43bec3a9b4c67379aa placed a bet of 2000 on ham for round #68ec9ec987e4738f655bd116
[2025-10-13T06:42:42.424Z] [32minfo[39m: User 68ec8e43bec3a9b4c67379aa placed a bet of 2000 on carrot for round #68ec9f6087e4738f655bdf86
[2025-10-13T06:42:43.070Z] [32minfo[39m: User 68ec8e43bec3a9b4c67379aa placed a bet of 2000 on skewer for round #68ec9f6087e4738f655bdf86
[2025-10-13T06:45:18.754Z] [32minfo[39m: User 68ec8e43bec3a9b4c67379aa placed a bet of 2000 on lettuce for round #68ec9ff687e4738f655bede7
[2025-10-13T06:46:10.335Z] [32minfo[39m: User 68ec8e43bec3a9b4c67379aa placed a bet of 2000 on lettuce for round #68ec9ff687e4738f655bede7
[2025-10-13T07:14:40.308Z] [32minfo[39m: User 68ec8e43bec3a9b4c67379aa placed a bet of 2000 on meat for round #68eca6b787e4738f655c9730
[2025-10-13T07:14:42.950Z] [32minfo[39m: User 68ec8e43bec3a9b4c67379aa placed a bet of 2000 on tomato for round #68eca6b787e4738f655c9730
[2025-10-13T07:14:43.930Z] [32minfo[39m: User 68ec8e43bec3a9b4c67379aa placed a bet of 2000 on skewer for round #68eca6b787e4738f655c9730
[2025-10-13T07:14:45.336Z] [32minfo[39m: User 68ec8e43bec3a9b4c67379aa placed a bet of 2000 on carrot for round #68eca6b787e4738f655c9730
[2025-10-13T07:14:46.008Z] [32minfo[39m: User 68ec8e43bec3a9b4c67379aa placed a bet of 2000 on ham for round #68eca6b787e4738f655c9730
[2025-10-13T07:16:43.305Z] [32minfo[39m: User 68ec8e43bec3a9b4c67379aa placed a bet of 500 on Meat for round #68eca74ac5941734558d9414
[2025-10-13T07:19:26.009Z] [32minfo[39m: User 68ec8e43bec3a9b4c67379aa placed a bet of 500 on Tomato for round #68eca7fceae8230f1b1131dc
[2025-10-13T07:19:27.007Z] [32minfo[39m: User 68ec8e43bec3a9b4c67379aa placed a bet of 500 on Tomato for round #68eca7fceae8230f1b1131dc
[2025-10-13T07:19:29.838Z] [32minfo[39m: User 68ec8e43bec3a9b4c67379aa placed a bet of 500 on Pizza for round #68eca7fceae8230f1b1131dc
[2025-10-13T07:19:33.095Z] [32minfo[39m: User 68ec8e43bec3a9b4c67379aa placed a bet of 500 on Meat for round #68eca7fceae8230f1b1131dc
[2025-10-13T07:19:36.745Z] [32minfo[39m: User 68ec8e43bec3a9b4c67379aa placed a bet of 500 on Skewer for round #68eca7fceae8230f1b1131dc
[2025-10-13T07:19:40.346Z] [32minfo[39m: User 68ec8e43bec3a9b4c67379aa placed a bet of 500 on Skewer for round #68eca7fceae8230f1b1131dc
[2025-10-13T07:19:41.016Z] [32minfo[39m: User 68ec8e43bec3a9b4c67379aa placed a bet of 500 on Skewer for round #68eca7fceae8230f1b1131dc
[2025-10-13T07:19:41.569Z] [32minfo[39m: User 68ec8e43bec3a9b4c67379aa placed a bet of 500 on Skewer for round #68eca7fceae8230f1b1131dc
[2025-10-13T07:19:45.152Z] [32minfo[39m: User 68ec8e43bec3a9b4c67379aa placed a bet of 500 on Skewer for round #68eca7fceae8230f1b1131dc
[2025-10-13T07:19:45.646Z] [32minfo[39m: User 68ec8e43bec3a9b4c67379aa placed a bet of 500 on Skewer for round #68eca7fceae8230f1b1131dc
[2025-10-13T07:19:46.124Z] [32minfo[39m: User 68ec8e43bec3a9b4c67379aa placed a bet of 500 on Skewer for round #68eca7fceae8230f1b1131dc
[2025-10-13T07:19:46.545Z] [32minfo[39m: User 68ec8e43bec3a9b4c67379aa placed a bet of 500 on Skewer for round #68eca7fceae8230f1b1131dc
[2025-10-13T07:19:48.925Z] [32minfo[39m: User 68ec8e43bec3a9b4c67379aa placed a bet of 500 on Skewer for round #68eca7fceae8230f1b1131dc
[2025-10-13T07:19:49.753Z] [32minfo[39m: User 68ec8e43bec3a9b4c67379aa placed a bet of 500 on Skewer for round #68eca7fceae8230f1b1131dc
[2025-10-13T07:19:51.406Z] [32minfo[39m: User 68ec8e43bec3a9b4c67379aa placed a bet of 500 on Skewer for round #68eca7fceae8230f1b1131dc
[2025-10-13T07:19:51.729Z] [32minfo[39m: User 68ec8e43bec3a9b4c67379aa placed a bet of 500 on Skewer for round #68eca7fceae8230f1b1131dc
[2025-10-13T07:19:54.130Z] [32minfo[39m: User 68ec8e43bec3a9b4c67379aa placed a bet of 500 on Skewer for round #68eca7fceae8230f1b1131dc
[2025-10-13T07:19:54.662Z] [32minfo[39m: User 68ec8e43bec3a9b4c67379aa placed a bet of 500 on Skewer for round #68eca7fceae8230f1b1131dc
[2025-10-13T07:19:55.203Z] [32minfo[39m: User 68ec8e43bec3a9b4c67379aa placed a bet of 500 on Skewer for round #68eca7fceae8230f1b1131dc
[2025-10-13T07:19:55.652Z] [32minfo[39m: User 68ec8e43bec3a9b4c67379aa placed a bet of 500 on Skewer for round #68eca7fceae8230f1b1131dc
[2025-10-13T07:19:58.314Z] [32minfo[39m: User 68ec8e43bec3a9b4c67379aa placed a bet of 500 on Skewer for round #68eca7fceae8230f1b1131dc
[2025-10-13T07:19:59.076Z] [32minfo[39m: User 68ec8e43bec3a9b4c67379aa placed a bet of 500 on Skewer for round #68eca7fceae8230f1b1131dc
[2025-10-13T07:19:59.647Z] [32minfo[39m: User 68ec8e43bec3a9b4c67379aa placed a bet of 500 on Skewer for round #68eca7fceae8230f1b1131dc
[2025-10-13T07:20:00.165Z] [32minfo[39m: User 68ec8e43bec3a9b4c67379aa placed a bet of 500 on Skewer for round #68eca7fceae8230f1b1131dc
[2025-10-13T07:20:00.830Z] [32minfo[39m: User 68ec8e43bec3a9b4c67379aa placed a bet of 500 on Skewer for round #68eca7fceae8230f1b1131dc
[2025-10-13T07:20:43.376Z] [32minfo[39m: User 68ec8e43bec3a9b4c67379aa placed a bet of 2000 on meat for round #68eca847eae8230f1b113b12
[2025-10-13T07:20:44.475Z] [32minfo[39m: User 68ec8e43bec3a9b4c67379aa placed a bet of 2000 on tomato for round #68eca847eae8230f1b113b12
[2025-10-13T07:20:45.403Z] [32minfo[39m: User 68ec8e43bec3a9b4c67379aa placed a bet of 2000 on skewer for round #68eca847eae8230f1b113b12
[2025-10-13T07:20:46.129Z] [32minfo[39m: User 68ec8e43bec3a9b4c67379aa placed a bet of 2000 on carrot for round #68eca847eae8230f1b113b12
[2025-10-13T07:20:46.758Z] [32minfo[39m: User 68ec8e43bec3a9b4c67379aa placed a bet of 2000 on ham for round #68eca847eae8230f1b113b12
[2025-10-13T07:20:47.154Z] [32minfo[39m: User 68ec8e43bec3a9b4c67379aa placed a bet of 2000 on lettuce for round #68eca847eae8230f1b113b12
[2025-10-13T07:20:47.690Z] [32minfo[39m: User 68ec8e43bec3a9b4c67379aa placed a bet of 2000 on sausage for round #68eca847eae8230f1b113b12
[2025-10-13T07:20:48.143Z] [32minfo[39m: User 68ec8e43bec3a9b4c67379aa placed a bet of 2000 on corn for round #68eca847eae8230f1b113b12
[2025-10-13T07:21:26.466Z] [32minfo[39m: User 68ec8e43bec3a9b4c67379aa placed a bet of 2000 on meat for round #68eca847eae8230f1b113b12
[2025-10-13T07:21:27.135Z] [32minfo[39m: User 68ec8e43bec3a9b4c67379aa placed a bet of 2000 on corn for round #68eca847eae8230f1b113b12
[2025-10-13T07:21:27.678Z] [32minfo[39m: User 68ec8e43bec3a9b4c67379aa placed a bet of 2000 on sausage for round #68eca847eae8230f1b113b12
[2025-10-13T07:21:28.048Z] [32minfo[39m: User 68ec8e43bec3a9b4c67379aa placed a bet of 2000 on lettuce for round #68eca847eae8230f1b113b12
[2025-10-13T07:21:28.354Z] [32minfo[39m: User 68ec8e43bec3a9b4c67379aa placed a bet of 2000 on lettuce for round #68eca847eae8230f1b113b12
[2025-10-13T07:21:28.565Z] [32minfo[39m: User 68ec8e43bec3a9b4c67379aa placed a bet of 2000 on lettuce for round #68eca847eae8230f1b113b12
[2025-10-13T07:21:28.740Z] [32minfo[39m: User 68ec8e43bec3a9b4c67379aa placed a bet of 2000 on lettuce for round #68eca847eae8230f1b113b12
[2025-10-13T07:21:28.936Z] [32minfo[39m: User 68ec8e43bec3a9b4c67379aa placed a bet of 2000 on lettuce for round #68eca847eae8230f1b113b12
[2025-10-13T07:21:29.149Z] [32minfo[39m: User 68ec8e43bec3a9b4c67379aa placed a bet of 2000 on lettuce for round #68eca847eae8230f1b113b12
[2025-10-13T07:21:29.361Z] [32minfo[39m: User 68ec8e43bec3a9b4c67379aa placed a bet of 2000 on lettuce for round #68eca847eae8230f1b113b12
[2025-10-13T07:21:29.551Z] [32minfo[39m: User 68ec8e43bec3a9b4c67379aa placed a bet of 2000 on lettuce for round #68eca847eae8230f1b113b12
[2025-10-13T07:21:29.734Z] [32minfo[39m: User 68ec8e43bec3a9b4c67379aa placed a bet of 2000 on lettuce for round #68eca847eae8230f1b113b12
[2025-10-13T07:21:30.251Z] [32minfo[39m: User 68ec8e43bec3a9b4c67379aa placed a bet of 2000 on ham for round #68eca847eae8230f1b113b12
[2025-10-13T07:21:30.882Z] [32minfo[39m: User 68ec8e43bec3a9b4c67379aa placed a bet of 2000 on carrot for round #68eca847eae8230f1b113b12
[2025-10-13T07:21:31.593Z] [32minfo[39m: User 68ec8e43bec3a9b4c67379aa placed a bet of 2000 on skewer for round #68eca847eae8230f1b113b12
[2025-10-13T07:21:31.989Z] [32minfo[39m: User 68ec8e43bec3a9b4c67379aa placed a bet of 2000 on tomato for round #68eca847eae8230f1b113b12
[2025-10-13T07:21:32.464Z] [32minfo[39m: User 68ec8e43bec3a9b4c67379aa placed a bet of 2000 on meat for round #68eca847eae8230f1b113b12
[2025-10-13T07:21:33.016Z] [32minfo[39m: User 68ec8e43bec3a9b4c67379aa placed a bet of 2000 on corn for round #68eca847eae8230f1b113b12
[2025-10-13T07:21:33.387Z] [32minfo[39m: User 68ec8e43bec3a9b4c67379aa placed a bet of 2000 on corn for round #68eca847eae8230f1b113b12
[2025-10-13T07:21:34.033Z] [32minfo[39m: User 68ec8e43bec3a9b4c67379aa placed a bet of 2000 on corn for round #68eca847eae8230f1b113b12
[2025-10-13T07:21:34.237Z] [32minfo[39m: User 68ec8e43bec3a9b4c67379aa placed a bet of 2000 on corn for round #68eca847eae8230f1b113b12
[2025-10-13T07:21:35.941Z] [32minfo[39m: User 68ec8e43bec3a9b4c67379aa placed a bet of 2000 on sausage for round #68eca847eae8230f1b113b12
[2025-10-13T07:21:37.069Z] [32minfo[39m: User 68ec8e43bec3a9b4c67379aa placed a bet of 2000 on lettuce for round #68eca847eae8230f1b113b12
[2025-10-13T07:21:37.635Z] [32minfo[39m: User 68ec8e43bec3a9b4c67379aa placed a bet of 2000 on ham for round #68eca847eae8230f1b113b12
[2025-10-13T07:21:38.027Z] [32minfo[39m: User 68ec8e43bec3a9b4c67379aa placed a bet of 2000 on carrot for round #68eca847eae8230f1b113b12
[2025-10-13T07:21:38.534Z] [32minfo[39m: User 68ec8e43bec3a9b4c67379aa placed a bet of 2000 on skewer for round #68eca847eae8230f1b113b12
[2025-10-13T07:21:39.104Z] [32minfo[39m: User 68ec8e43bec3a9b4c67379aa placed a bet of 2000 on tomato for round #68eca847eae8230f1b113b12
[2025-10-13T07:21:39.524Z] [32minfo[39m: User 68ec8e43bec3a9b4c67379aa placed a bet of 2000 on meat for round #68eca847eae8230f1b113b12
[2025-10-13T07:21:59.875Z] [32minfo[39m: User 68ec8e43bec3a9b4c67379aa placed a bet of 2000 on carrot for round #68eca892eae8230f1b11445d
[2025-10-13T07:22:00.821Z] [32minfo[39m: User 68ec8e43bec3a9b4c67379aa placed a bet of 2000 on skewer for round #68eca892eae8230f1b11445d
[2025-10-13T07:22:01.263Z] [32minfo[39m: User 68ec8e43bec3a9b4c67379aa placed a bet of 2000 on tomato for round #68eca892eae8230f1b11445d
[2025-10-13T07:22:01.535Z] [32minfo[39m: User 68ec8e43bec3a9b4c67379aa placed a bet of 2000 on meat for round #68eca892eae8230f1b11445d
[2025-10-13T07:22:02.496Z] [32minfo[39m: User 68ec8e43bec3a9b4c67379aa placed a bet of 2000 on sausage for round #68eca892eae8230f1b11445d
[2025-10-13T07:22:02.875Z] [32minfo[39m: User 68ec8e43bec3a9b4c67379aa placed a bet of 2000 on lettuce for round #68eca892eae8230f1b11445d
[2025-10-13T07:22:03.303Z] [32minfo[39m: User 68ec8e43bec3a9b4c67379aa placed a bet of 2000 on ham for round #68eca892eae8230f1b11445d
[2025-10-13T07:22:03.976Z] [32minfo[39m: User 68ec8e43bec3a9b4c67379aa placed a bet of 2000 on carrot for round #68eca892eae8230f1b11445d
[2025-10-13T07:22:04.364Z] [32minfo[39m: User 68ec8e43bec3a9b4c67379aa placed a bet of 2000 on skewer for round #68eca892eae8230f1b11445d
[2025-10-13T07:22:04.684Z] [32minfo[39m: User 68ec8e43bec3a9b4c67379aa placed a bet of 2000 on tomato for round #68eca892eae8230f1b11445d
[2025-10-13T07:22:04.985Z] [32minfo[39m: User 68ec8e43bec3a9b4c67379aa placed a bet of 2000 on meat for round #68eca892eae8230f1b11445d
[2025-10-13T07:22:05.361Z] [32minfo[39m: User 68ec8e43bec3a9b4c67379aa placed a bet of 2000 on corn for round #68eca892eae8230f1b11445d
[2025-10-13T07:22:05.656Z] [32minfo[39m: User 68ec8e43bec3a9b4c67379aa placed a bet of 2000 on sausage for round #68eca892eae8230f1b11445d
[2025-10-13T07:22:05.989Z] [32minfo[39m: User 68ec8e43bec3a9b4c67379aa placed a bet of 2000 on lettuce for round #68eca892eae8230f1b11445d
[2025-10-13T07:22:06.466Z] [32minfo[39m: User 68ec8e43bec3a9b4c67379aa placed a bet of 2000 on ham for round #68eca892eae8230f1b11445d
[2025-10-13T07:22:06.774Z] [32minfo[39m: User 68ec8e43bec3a9b4c67379aa placed a bet of 2000 on carrot for round #68eca892eae8230f1b11445d
[2025-10-13T07:22:07.570Z] [32minfo[39m: User 68ec8e43bec3a9b4c67379aa placed a bet of 2000 on skewer for round #68eca892eae8230f1b11445d
[2025-10-13T07:22:07.954Z] [32minfo[39m: User 68ec8e43bec3a9b4c67379aa placed a bet of 2000 on tomato for round #68eca892eae8230f1b11445d
[2025-10-13T07:22:08.365Z] [32minfo[39m: User 68ec8e43bec3a9b4c67379aa placed a bet of 2000 on meat for round #68eca892eae8230f1b11445d
[2025-10-13T07:22:08.680Z] [32minfo[39m: User 68ec8e43bec3a9b4c67379aa placed a bet of 2000 on corn for round #68eca892eae8230f1b11445d
[2025-10-13T07:22:09.181Z] [32minfo[39m: User 68ec8e43bec3a9b4c67379aa placed a bet of 2000 on sausage for round #68eca892eae8230f1b11445d
[2025-10-13T07:22:09.799Z] [32minfo[39m: User 68ec8e43bec3a9b4c67379aa placed a bet of 2000 on lettuce for round #68eca892eae8230f1b11445d
[2025-10-13T07:22:10.348Z] [32minfo[39m: User 68ec8e43bec3a9b4c67379aa placed a bet of 2000 on ham for round #68eca892eae8230f1b11445d
[2025-10-13T07:22:10.718Z] [32minfo[39m: User 68ec8e43bec3a9b4c67379aa placed a bet of 2000 on carrot for round #68eca892eae8230f1b11445d
[2025-10-13T07:22:15.132Z] [32minfo[39m: User 68ec8e43bec3a9b4c67379aa placed a bet of 2000 on skewer for round #68eca892eae8230f1b11445d
[2025-10-13T07:22:15.765Z] [32minfo[39m: User 68ec8e43bec3a9b4c67379aa placed a bet of 2000 on tomato for round #68eca892eae8230f1b11445d
[2025-10-13T07:22:16.795Z] [32minfo[39m: User 68ec8e43bec3a9b4c67379aa placed a bet of 2000 on corn for round #68eca892eae8230f1b11445d
[2025-10-13T07:22:17.405Z] [32minfo[39m: User 68ec8e43bec3a9b4c67379aa placed a bet of 2000 on sausage for round #68eca892eae8230f1b11445d
[2025-10-13T07:22:18.111Z] [32minfo[39m: User 68ec8e43bec3a9b4c67379aa placed a bet of 2000 on lettuce for round #68eca892eae8230f1b11445d
[2025-10-13T07:22:18.557Z] [32minfo[39m: User 68ec8e43bec3a9b4c67379aa placed a bet of 2000 on ham for round #68eca892eae8230f1b11445d
[2025-10-13T07:22:19.144Z] [32minfo[39m: User 68ec8e43bec3a9b4c67379aa placed a bet of 2000 on carrot for round #68eca892eae8230f1b11445d
[2025-10-13T07:22:19.607Z] [32minfo[39m: User 68ec8e43bec3a9b4c67379aa placed a bet of 2000 on skewer for round #68eca892eae8230f1b11445d
[2025-10-13T07:22:22.438Z] [32minfo[39m: User 68ec8e43bec3a9b4c67379aa placed a bet of 2000 on carrot for round #68eca892eae8230f1b11445d
[2025-10-13T07:22:22.640Z] [32minfo[39m: User 68ec8e43bec3a9b4c67379aa placed a bet of 2000 on carrot for round #68eca892eae8230f1b11445d
[2025-10-13T07:22:23.032Z] [32minfo[39m: User 68ec8e43bec3a9b4c67379aa placed a bet of 2000 on carrot for round #68eca892eae8230f1b11445d
[2025-10-13T07:22:23.237Z] [32minfo[39m: User 68ec8e43bec3a9b4c67379aa placed a bet of 2000 on carrot for round #68eca892eae8230f1b11445d
[2025-10-13T07:22:23.456Z] [32minfo[39m: User 68ec8e43bec3a9b4c67379aa placed a bet of 2000 on carrot for round #68eca892eae8230f1b11445d
[2025-10-13T07:22:23.660Z] [32minfo[39m: User 68ec8e43bec3a9b4c67379aa placed a bet of 2000 on carrot for round #68eca892eae8230f1b11445d
[2025-10-13T07:22:23.852Z] [32minfo[39m: User 68ec8e43bec3a9b4c67379aa placed a bet of 2000 on carrot for round #68eca892eae8230f1b11445d
[2025-10-13T07:22:24.057Z] [32minfo[39m: User 68ec8e43bec3a9b4c67379aa placed a bet of 2000 on carrot for round #68eca892eae8230f1b11445d
[2025-10-13T07:22:24.252Z] [32minfo[39m: User 68ec8e43bec3a9b4c67379aa placed a bet of 2000 on carrot for round #68eca892eae8230f1b11445d
[2025-10-13T07:22:24.467Z] [32minfo[39m: User 68ec8e43bec3a9b4c67379aa placed a bet of 2000 on carrot for round #68eca892eae8230f1b11445d
[2025-10-13T07:22:24.653Z] [32minfo[39m: User 68ec8e43bec3a9b4c67379aa placed a bet of 2000 on carrot for round #68eca892eae8230f1b11445d
[2025-10-13T07:22:24.922Z] [32minfo[39m: User 68ec8e43bec3a9b4c67379aa placed a bet of 2000 on carrot for round #68eca892eae8230f1b11445d
[2025-10-13T07:22:25.132Z] [32minfo[39m: User 68ec8e43bec3a9b4c67379aa placed a bet of 2000 on carrot for round #68eca892eae8230f1b11445d
[2025-10-13T07:22:25.338Z] [32minfo[39m: User 68ec8e43bec3a9b4c67379aa placed a bet of 2000 on carrot for round #68eca892eae8230f1b11445d
[2025-10-13T07:22:25.551Z] [32minfo[39m: User 68ec8e43bec3a9b4c67379aa placed a bet of 2000 on carrot for round #68eca892eae8230f1b11445d
[2025-10-13T07:22:25.697Z] [32minfo[39m: User 68ec8e43bec3a9b4c67379aa placed a bet of 2000 on carrot for round #68eca892eae8230f1b11445d
[2025-10-13T07:30:47.936Z] [32minfo[39m: User 68ec8e43bec3a9b4c67379aa placed a bet of 500 on Corn for round #68ecaaa1eae8230f1b117b63
[2025-10-13T07:31:14.027Z] [32minfo[39m: User 68ec8e43bec3a9b4c67379aa placed a bet of 2000 on tomato for round #68ecaaa1eae8230f1b117b63
[2025-10-13T07:38:32.933Z] [32minfo[39m: User 68ec8e43bec3a9b4c67379aa placed a bet of 500 on Corn for round #68ecac3e150300dab349fe17
[2025-10-13T07:38:35.853Z] [32minfo[39m: User 68ec8e43bec3a9b4c67379aa placed a bet of 2000 on ham for round #68ecac3e150300dab349fe17
[2025-10-13T07:38:37.294Z] [32minfo[39m: User 68ec8e43bec3a9b4c67379aa placed a bet of 2000 on ham for round #68ecac3e150300dab349fe17
[2025-10-13T07:38:50.411Z] [32minfo[39m: User 68ec8e43bec3a9b4c67379aa placed a bet of 2000 on carrot for round #68ecac3e150300dab349fe17
[2025-10-13T07:38:50.476Z] [32minfo[39m: User 68ec8e43bec3a9b4c67379aa placed a bet of 2000 on skewer for round #68ecac3e150300dab349fe17
[2025-10-13T07:38:50.485Z] [32minfo[39m: User 68ec8e43bec3a9b4c67379aa placed a bet of 2000 on meat for round #68ecac3e150300dab349fe17
[2025-10-13T07:38:50.493Z] [32minfo[39m: User 68ec8e43bec3a9b4c67379aa placed a bet of 2000 on corn for round #68ecac3e150300dab349fe17
[2025-10-13T07:38:50.497Z] [32minfo[39m: User 68ec8e43bec3a9b4c67379aa placed a bet of 2000 on sausage for round #68ecac3e150300dab349fe17
[2025-10-13T07:38:50.500Z] [32minfo[39m: User 68ec8e43bec3a9b4c67379aa placed a bet of 2000 on lettuce for round #68ecac3e150300dab349fe17
[2025-10-13T07:38:50.503Z] [32minfo[39m: User 68ec8e43bec3a9b4c67379aa placed a bet of 2000 on tomato for round #68ecac3e150300dab349fe17
[2025-10-13T07:38:56.255Z] [32minfo[39m: User 68ec8e43bec3a9b4c67379aa placed a bet of 2000 on carrot for round #68ecac3e150300dab349fe17
[2025-10-13T07:38:56.870Z] [32minfo[39m: User 68ec8e43bec3a9b4c67379aa placed a bet of 2000 on skewer for round #68ecac3e150300dab349fe17
[2025-10-13T07:38:57.790Z] [32minfo[39m: User 68ec8e43bec3a9b4c67379aa placed a bet of 2000 on tomato for round #68ecac3e150300dab349fe17
[2025-10-13T07:38:58.283Z] [32minfo[39m: User 68ec8e43bec3a9b4c67379aa placed a bet of 2000 on meat for round #68ecac3e150300dab349fe17
[2025-10-13T07:38:58.879Z] [32minfo[39m: User 68ec8e43bec3a9b4c67379aa placed a bet of 2000 on corn for round #68ecac3e150300dab349fe17
[2025-10-13T07:38:59.777Z] [32minfo[39m: User 68ec8e43bec3a9b4c67379aa placed a bet of 2000 on sausage for round #68ecac3e150300dab349fe17
[2025-10-13T07:39:00.177Z] [32minfo[39m: User 68ec8e43bec3a9b4c67379aa placed a bet of 2000 on lettuce for round #68ecac3e150300dab349fe17
[2025-10-13T07:39:00.757Z] [32minfo[39m: User 68ec8e43bec3a9b4c67379aa placed a bet of 2000 on ham for round #68ecac3e150300dab349fe17
[2025-10-13T07:39:01.401Z] [32minfo[39m: User 68ec8e43bec3a9b4c67379aa placed a bet of 2000 on carrot for round #68ecac3e150300dab349fe17
[2025-10-13T07:39:02.118Z] [32minfo[39m: User 68ec8e43bec3a9b4c67379aa placed a bet of 2000 on skewer for round #68ecac3e150300dab349fe17
[2025-10-13T07:39:02.556Z] [32minfo[39m: User 68ec8e43bec3a9b4c67379aa placed a bet of 2000 on tomato for round #68ecac3e150300dab349fe17
[2025-10-13T07:39:03.231Z] [32minfo[39m: User 68ec8e43bec3a9b4c67379aa placed a bet of 2000 on meat for round #68ecac3e150300dab349fe17
[2025-10-13T07:39:03.794Z] [32minfo[39m: User 68ec8e43bec3a9b4c67379aa placed a bet of 2000 on corn for round #68ecac3e150300dab349fe17
[2025-10-13T07:39:09.712Z] [32minfo[39m: User 68ec8e43bec3a9b4c67379aa placed a bet of 2000 on ham for round #68ecac3e150300dab349fe17
[2025-10-13T07:39:10.196Z] [32minfo[39m: User 68ec8e43bec3a9b4c67379aa placed a bet of 2000 on lettuce for round #68ecac3e150300dab349fe17
[2025-10-13T07:39:10.689Z] [32minfo[39m: User 68ec8e43bec3a9b4c67379aa placed a bet of 2000 on sausage for round #68ecac3e150300dab349fe17
[2025-10-13T07:39:11.274Z] [32minfo[39m: User 68ec8e43bec3a9b4c67379aa placed a bet of 2000 on corn for round #68ecac3e150300dab349fe17
[2025-10-13T07:39:11.946Z] [32minfo[39m: User 68ec8e43bec3a9b4c67379aa placed a bet of 2000 on meat for round #68ecac3e150300dab349fe17
[2025-10-13T07:39:12.403Z] [32minfo[39m: User 68ec8e43bec3a9b4c67379aa placed a bet of 2000 on tomato for round #68ecac3e150300dab349fe17
[2025-10-13T07:39:12.873Z] [32minfo[39m: User 68ec8e43bec3a9b4c67379aa placed a bet of 2000 on skewer for round #68ecac3e150300dab349fe17
[2025-10-13T07:39:13.334Z] [32minfo[39m: User 68ec8e43bec3a9b4c67379aa placed a bet of 2000 on carrot for round #68ecac3e150300dab349fe17
[2025-10-13T07:39:13.799Z] [32minfo[39m: User 68ec8e43bec3a9b4c67379aa placed a bet of 2000 on carrot for round #68ecac3e150300dab349fe17
[2025-10-13T07:39:14.869Z] [32minfo[39m: User 68ec8e43bec3a9b4c67379aa placed a bet of 2000 on lettuce for round #68ecac3e150300dab349fe17
[2025-10-13T07:39:21.557Z] [32minfo[39m: User 68ec8e43bec3a9b4c67379aa placed a bet of 2000 on carrot for round #68ecac3e150300dab349fe17
[2025-10-13T07:39:22.183Z] [32minfo[39m: User 68ec8e43bec3a9b4c67379aa placed a bet of 2000 on skewer for round #68ecac3e150300dab349fe17
[2025-10-13T07:39:22.897Z] [32minfo[39m: User 68ec8e43bec3a9b4c67379aa placed a bet of 2000 on tomato for round #68ecac3e150300dab349fe17
[2025-10-13T07:39:23.717Z] [32minfo[39m: User 68ec8e43bec3a9b4c67379aa placed a bet of 2000 on meat for round #68ecac3e150300dab349fe17
[2025-10-13T07:39:24.101Z] [32minfo[39m: User 68ec8e43bec3a9b4c67379aa placed a bet of 2000 on corn for round #68ecac3e150300dab349fe17
[2025-10-13T07:39:24.784Z] [32minfo[39m: User 68ec8e43bec3a9b4c67379aa placed a bet of 2000 on sausage for round #68ecac3e150300dab349fe17
[2025-10-13T07:39:25.614Z] [32minfo[39m: User 68ec8e43bec3a9b4c67379aa placed a bet of 2000 on lettuce for round #68ecac3e150300dab349fe17
[2025-10-13T07:39:26.140Z] [32minfo[39m: User 68ec8e43bec3a9b4c67379aa placed a bet of 2000 on ham for round #68ecac3e150300dab349fe17
[2025-10-13T07:40:35.815Z] [32minfo[39m: User 68ec8e43bec3a9b4c67379aa placed a bet of 500 on Meat for round #68ecace5a84eab1a9aeeb4e1
[2025-10-13T07:41:51.350Z] [32minfo[39m: User 68ec8e43bec3a9b4c67379aa placed a bet of 1000 on carrot for round #68ecad31b00441306471e52c
[2025-10-13T07:41:52.026Z] [32minfo[39m: User 68ec8e43bec3a9b4c67379aa placed a bet of 1000 on ham for round #68ecad31b00441306471e52c
[2025-10-13T07:41:52.878Z] [32minfo[39m: User 68ec8e43bec3a9b4c67379aa placed a bet of 1000 on lettuce for round #68ecad31b00441306471e52c
[2025-10-13T07:41:55.867Z] [32minfo[39m: User 68ec8e43bec3a9b4c67379aa placed a bet of 1000 on sausage for round #68ecad31b00441306471e52c
[2025-10-13T07:41:56.543Z] [32minfo[39m: User 68ec8e43bec3a9b4c67379aa placed a bet of 1000 on corn for round #68ecad31b00441306471e52c
[2025-10-13T07:41:57.243Z] [32minfo[39m: User 68ec8e43bec3a9b4c67379aa placed a bet of 1000 on meat for round #68ecad31b00441306471e52c
[2025-10-13T07:41:57.759Z] [32minfo[39m: User 68ec8e43bec3a9b4c67379aa placed a bet of 1000 on tomato for round #68ecad31b00441306471e52c
[2025-10-13T07:41:58.266Z] [32minfo[39m: User 68ec8e43bec3a9b4c67379aa placed a bet of 1000 on skewer for round #68ecad31b00441306471e52c
[2025-10-13T07:41:58.958Z] [32minfo[39m: User 68ec8e43bec3a9b4c67379aa placed a bet of 1000 on carrot for round #68ecad31b00441306471e52c
[2025-10-13T07:42:32.324Z] [32minfo[39m: User 68ec8e43bec3a9b4c67379aa placed a bet of 1000 on ham for round #68ecad31b00441306471e52c
[2025-10-13T07:42:33.646Z] [32minfo[39m: User 68ec8e43bec3a9b4c67379aa placed a bet of 1000 on carrot for round #68ecad31b00441306471e52c
[2025-10-13T07:42:34.387Z] [32minfo[39m: User 68ec8e43bec3a9b4c67379aa placed a bet of 1000 on carrot for round #68ecad31b00441306471e52c
[2025-10-13T07:42:34.605Z] [32minfo[39m: User 68ec8e43bec3a9b4c67379aa placed a bet of 1000 on carrot for round #68ecad31b00441306471e52c
[2025-10-13T07:42:34.804Z] [32minfo[39m: User 68ec8e43bec3a9b4c67379aa placed a bet of 1000 on carrot for round #68ecad31b00441306471e52c
[2025-10-13T07:42:35.075Z] [32minfo[39m: User 68ec8e43bec3a9b4c67379aa placed a bet of 1000 on carrot for round #68ecad31b00441306471e52c
[2025-10-13T07:42:35.265Z] [32minfo[39m: User 68ec8e43bec3a9b4c67379aa placed a bet of 1000 on carrot for round #68ecad31b00441306471e52c
[2025-10-13T07:42:35.472Z] [32minfo[39m: User 68ec8e43bec3a9b4c67379aa placed a bet of 1000 on carrot for round #68ecad31b00441306471e52c
[2025-10-13T07:42:35.654Z] [32minfo[39m: User 68ec8e43bec3a9b4c67379aa placed a bet of 1000 on carrot for round #68ecad31b00441306471e52c
[2025-10-13T07:42:35.897Z] [32minfo[39m: User 68ec8e43bec3a9b4c67379aa placed a bet of 1000 on carrot for round #68ecad31b00441306471e52c
[2025-10-13T07:42:36.103Z] [32minfo[39m: User 68ec8e43bec3a9b4c67379aa placed a bet of 1000 on carrot for round #68ecad31b00441306471e52c
[2025-10-13T07:42:36.347Z] [32minfo[39m: User 68ec8e43bec3a9b4c67379aa placed a bet of 1000 on carrot for round #68ecad31b00441306471e52c
[2025-10-13T07:42:36.568Z] [32minfo[39m: User 68ec8e43bec3a9b4c67379aa placed a bet of 1000 on carrot for round #68ecad31b00441306471e52c
[2025-10-13T07:42:36.862Z] [32minfo[39m: User 68ec8e43bec3a9b4c67379aa placed a bet of 1000 on carrot for round #68ecad31b00441306471e52c
[2025-10-13T07:42:37.062Z] [32minfo[39m: User 68ec8e43bec3a9b4c67379aa placed a bet of 1000 on carrot for round #68ecad31b00441306471e52c
[2025-10-13T07:44:41.281Z] [32minfo[39m: User 68ec8e43bec3a9b4c67379aa placed a bet of 500 on Meat for round #68ecadd39a6d0893b5b478b9
[2025-10-13T07:45:42.545Z] [32minfo[39m: User 68ec8e43bec3a9b4c67379aa placed a bet of 500 on Corn for round #68ecae1e9a6d0893b5b4807a
[2025-10-13T07:47:01.890Z] [32minfo[39m: User 68ec8e43bec3a9b4c67379aa placed a bet of 2000 on Tomato for round #68ecae699a6d0893b5b4883a
[2025-10-13T07:47:02.498Z] [32minfo[39m: User 68ec8e43bec3a9b4c67379aa placed a bet of 2000 on Tomato for round #68ecae699a6d0893b5b4883a
[2025-10-13T07:47:04.299Z] [32minfo[39m: User 68ec8e43bec3a9b4c67379aa placed a bet of 2000 on Tomato for round #68ecae699a6d0893b5b4883a
[2025-10-13T07:48:11.231Z] [32minfo[39m: User 68ec8e43bec3a9b4c67379aa placed a bet of 2000 on tomato for round #68ecaeb49a6d0893b5b49022
[2025-10-13T07:48:11.803Z] [32minfo[39m: User 68ec8e43bec3a9b4c67379aa placed a bet of 2000 on meat for round #68ecaeb49a6d0893b5b49022
[2025-10-13T07:51:53.023Z] [32minfo[39m: User 68ec8e43bec3a9b4c67379aa placed a bet of 2000 on Lettuce for round #68ecaf969a6d0893b5b4a772
[2025-10-13T07:51:53.894Z] [32minfo[39m: User 68ec8e43bec3a9b4c67379aa placed a bet of 2000 on Ham for round #68ecaf969a6d0893b5b4a772
[2025-10-13T07:51:54.620Z] [32minfo[39m: User 68ec8e43bec3a9b4c67379aa placed a bet of 2000 on Carrot for round #68ecaf969a6d0893b5b4a772
[2025-10-13T07:51:55.462Z] [32minfo[39m: User 68ec8e43bec3a9b4c67379aa placed a bet of 2000 on Carrot for round #68ecaf969a6d0893b5b4a772
[2025-10-13T07:51:58.095Z] [32minfo[39m: User 68ec8e43bec3a9b4c67379aa placed a bet of 2000 on Tomato for round #68ecaf969a6d0893b5b4a772
[2025-10-13T07:51:59.611Z] [32minfo[39m: User 68ec8e43bec3a9b4c67379aa placed a bet of 2000 on Meat for round #68ecaf969a6d0893b5b4a772
[2025-10-13T07:52:00.853Z] [32minfo[39m: User 68ec8e43bec3a9b4c67379aa placed a bet of 2000 on Corn for round #68ecaf969a6d0893b5b4a772
[2025-10-13T07:52:01.848Z] [32minfo[39m: User 68ec8e43bec3a9b4c67379aa placed a bet of 2000 on Sausage for round #68ecaf969a6d0893b5b4a772
[2025-10-13T07:52:06.509Z] [32minfo[39m: User 68ec8e43bec3a9b4c67379aa placed a bet of 2000 on Meat for round #68ecaf969a6d0893b5b4a772
[2025-10-13T07:52:19.779Z] [32minfo[39m: User 68ec8e43bec3a9b4c67379aa placed a bet of 2000 on Sausage for round #68ecaf969a6d0893b5b4a772
[2025-10-13T07:52:21.280Z] [32minfo[39m: User 68ec8e43bec3a9b4c67379aa placed a bet of 2000 on Corn for round #68ecaf969a6d0893b5b4a772
[2025-10-13T07:52:27.411Z] [32minfo[39m: User 68ec8e43bec3a9b4c67379aa placed a bet of 2000 on Lettuce for round #68ecaf969a6d0893b5b4a772
[2025-10-13T07:52:29.922Z] [32minfo[39m: User 68ec8e43bec3a9b4c67379aa placed a bet of 2000 on Ham for round #68ecaf969a6d0893b5b4a772
[2025-10-13T07:52:32.830Z] [32minfo[39m: User 68ec8e43bec3a9b4c67379aa placed a bet of 1000 on Corn for round #68ecaf969a6d0893b5b4a772
[2025-10-13T07:52:34.588Z] [32minfo[39m: User 68ec8e43bec3a9b4c67379aa placed a bet of 1000 on Sausage for round #68ecaf969a6d0893b5b4a772
[2025-10-13T07:52:35.680Z] [32minfo[39m: User 68ec8e43bec3a9b4c67379aa placed a bet of 1000 on Lettuce for round #68ecaf969a6d0893b5b4a772
[2025-10-13T07:52:36.458Z] [32minfo[39m: User 68ec8e43bec3a9b4c67379aa placed a bet of 1000 on Ham for round #68ecaf969a6d0893b5b4a772
[2025-10-13T07:52:37.434Z] [32minfo[39m: User 68ec8e43bec3a9b4c67379aa placed a bet of 1000 on Skewer for round #68ecaf969a6d0893b5b4a772
[2025-10-13T07:52:38.725Z] [32minfo[39m: User 68ec8e43bec3a9b4c67379aa placed a bet of 1000 on Tomato for round #68ecaf969a6d0893b5b4a772
[2025-10-13T07:52:39.948Z] [32minfo[39m: User 68ec8e43bec3a9b4c67379aa placed a bet of 1000 on Meat for round #68ecaf969a6d0893b5b4a772
[2025-10-13T07:52:44.645Z] [32minfo[39m: User 68ec8e43bec3a9b4c67379aa placed a bet of 1000 on Corn for round #68ecaf969a6d0893b5b4a772
[2025-10-13T07:57:13.490Z] [32minfo[39m: User 68ec8e43bec3a9b4c67379aa placed a bet of 500 on Sausage for round #68ecb0c39a6d0893b5b4ca85
[2025-10-13T07:57:13.972Z] [32minfo[39m: User 68ec8e43bec3a9b4c67379aa placed a bet of 500 on Sausage for round #68ecb0c39a6d0893b5b4ca85
[2025-10-13T07:57:14.451Z] [32minfo[39m: User 68ec8e43bec3a9b4c67379aa placed a bet of 500 on Sausage for round #68ecb0c39a6d0893b5b4ca85
[2025-10-13T07:57:14.879Z] [32minfo[39m: User 68ec8e43bec3a9b4c67379aa placed a bet of 500 on Sausage for round #68ecb0c39a6d0893b5b4ca85
[2025-10-13T07:57:15.199Z] [32minfo[39m: User 68ec8e43bec3a9b4c67379aa placed a bet of 500 on Sausage for round #68ecb0c39a6d0893b5b4ca85
[2025-10-13T07:57:15.456Z] [32minfo[39m: User 68ec8e43bec3a9b4c67379aa placed a bet of 500 on Sausage for round #68ecb0c39a6d0893b5b4ca85
[2025-10-13T07:57:15.665Z] [32minfo[39m: User 68ec8e43bec3a9b4c67379aa placed a bet of 500 on Sausage for round #68ecb0c39a6d0893b5b4ca85
[2025-10-13T08:01:59.545Z] [32minfo[39m: User 68ec8e43bec3a9b4c67379aa placed a bet of 2000 on ham for round #68ecb1f6d4f5734fa74a45c6
[2025-10-13T08:02:01.328Z] [32minfo[39m: User 68ec8e43bec3a9b4c67379aa placed a bet of 2000 on carrot for round #68ecb1f6d4f5734fa74a45c6
[2025-10-13T08:02:02.831Z] [32minfo[39m: User 68ec8e43bec3a9b4c67379aa placed a bet of 2000 on skewer for round #68ecb1f6d4f5734fa74a45c6
[2025-10-13T08:02:03.431Z] [32minfo[39m: User 68ec8e43bec3a9b4c67379aa placed a bet of 2000 on tomato for round #68ecb1f6d4f5734fa74a45c6
[2025-10-13T08:02:03.922Z] [32minfo[39m: User 68ec8e43bec3a9b4c67379aa placed a bet of 2000 on meat for round #68ecb1f6d4f5734fa74a45c6
[2025-10-13T08:02:04.334Z] [32minfo[39m: User 68ec8e43bec3a9b4c67379aa placed a bet of 2000 on corn for round #68ecb1f6d4f5734fa74a45c6
[2025-10-13T08:02:05.002Z] [32minfo[39m: User 68ec8e43bec3a9b4c67379aa placed a bet of 2000 on sausage for round #68ecb1f6d4f5734fa74a45c6
[2025-10-13T08:02:05.475Z] [32minfo[39m: User 68ec8e43bec3a9b4c67379aa placed a bet of 2000 on lettuce for round #68ecb1f6d4f5734fa74a45c6
[2025-10-13T08:02:06.143Z] [32minfo[39m: User 68ec8e43bec3a9b4c67379aa placed a bet of 2000 on ham for round #68ecb1f6d4f5734fa74a45c6
[2025-10-13T08:02:10.516Z] [32minfo[39m: User 68ec8e43bec3a9b4c67379aa placed a bet of 2000 on carrot for round #68ecb1f6d4f5734fa74a45c6
[2025-10-13T08:02:13.533Z] [32minfo[39m: User 68ec8e43bec3a9b4c67379aa placed a bet of 2000 on ham for round #68ecb1f6d4f5734fa74a45c6
[2025-10-13T08:02:15.509Z] [32minfo[39m: User 68ec8e43bec3a9b4c67379aa placed a bet of 2000 on lettuce for round #68ecb1f6d4f5734fa74a45c6
[2025-10-13T08:02:16.361Z] [32minfo[39m: User 68ec8e43bec3a9b4c67379aa placed a bet of 2000 on sausage for round #68ecb1f6d4f5734fa74a45c6
[2025-10-13T08:02:24.492Z] [32minfo[39m: User 68ec8e43bec3a9b4c67379aa placed a bet of 2000 on carrot for round #68ecb1f6d4f5734fa74a45c6
[2025-10-13T08:02:37.999Z] [32minfo[39m: User 68ec8e43bec3a9b4c67379aa placed a bet of 2000 on skewer for round #68ecb1f6d4f5734fa74a45c6
[2025-10-13T08:02:40.367Z] [32minfo[39m: User 68ec8e43bec3a9b4c67379aa placed a bet of 2000 on carrot for round #68ecb1f6d4f5734fa74a45c6
[2025-10-13T08:02:41.161Z] [32minfo[39m: User 68ec8e43bec3a9b4c67379aa placed a bet of 2000 on ham for round #68ecb1f6d4f5734fa74a45c6
[2025-10-13T08:02:42.439Z] [32minfo[39m: User 68ec8e43bec3a9b4c67379aa placed a bet of 2000 on lettuce for round #68ecb1f6d4f5734fa74a45c6
[2025-10-13T08:02:43.241Z] [32minfo[39m: User 68ec8e43bec3a9b4c67379aa placed a bet of 2000 on sausage for round #68ecb1f6d4f5734fa74a45c6
[2025-10-13T08:02:43.848Z] [32minfo[39m: User 68ec8e43bec3a9b4c67379aa placed a bet of 2000 on corn for round #68ecb1f6d4f5734fa74a45c6
[2025-10-13T08:02:44.485Z] [32minfo[39m: User 68ec8e43bec3a9b4c67379aa placed a bet of 2000 on meat for round #68ecb1f6d4f5734fa74a45c6
[2025-10-13T08:02:45.237Z] [32minfo[39m: User 68ec8e43bec3a9b4c67379aa placed a bet of 2000 on tomato for round #68ecb1f6d4f5734fa74a45c6
[2025-10-13T08:10:18.388Z] [32minfo[39m: User 68ec8e43bec3a9b4c67379aa placed a bet of 2000 on Carrot for round #68ecb3e28c400be7ba6afe83
[2025-10-13T08:10:19.757Z] [32minfo[39m: User 68ec8e43bec3a9b4c67379aa placed a bet of 2000 on Skewer for round #68ecb3e28c400be7ba6afe83
[2025-10-13T08:10:20.440Z] [32minfo[39m: User 68ec8e43bec3a9b4c67379aa placed a bet of 2000 on Tomato for round #68ecb3e28c400be7ba6afe83
[2025-10-13T08:10:21.143Z] [32minfo[39m: User 68ec8e43bec3a9b4c67379aa placed a bet of 2000 on Meat for round #68ecb3e28c400be7ba6afe83
[2025-10-13T08:10:21.755Z] [32minfo[39m: User 68ec8e43bec3a9b4c67379aa placed a bet of 2000 on Corn for round #68ecb3e28c400be7ba6afe83
[2025-10-13T08:10:22.385Z] [32minfo[39m: User 68ec8e43bec3a9b4c67379aa placed a bet of 2000 on Sausage for round #68ecb3e28c400be7ba6afe83
[2025-10-13T08:10:23.038Z] [32minfo[39m: User 68ec8e43bec3a9b4c67379aa placed a bet of 2000 on Lettuce for round #68ecb3e28c400be7ba6afe83
[2025-10-13T08:10:23.705Z] [32minfo[39m: User 68ec8e43bec3a9b4c67379aa placed a bet of 2000 on Ham for round #68ecb3e28c400be7ba6afe83
[2025-10-13T08:23:45.456Z] [32minfo[39m: User 68ec8e43bec3a9b4c67379aa placed a bet of 1000 on Ham for round #68ecb70142efcc006fd7099f
[2025-10-13T08:23:45.576Z] [32minfo[39m: User 68ec8e43bec3a9b4c67379aa placed a bet of 1000 on Carrot for round #68ecb70142efcc006fd7099f
[2025-10-13T08:23:45.891Z] [32minfo[39m: User 68ec8e43bec3a9b4c67379aa placed a bet of 1000 on Skewer for round #68ecb70142efcc006fd7099f
[2025-10-13T08:23:48.784Z] [32minfo[39m: User 68ec8e43bec3a9b4c67379aa placed a bet of 1000 on Tomato for round #68ecb70142efcc006fd7099f
[2025-10-13T08:23:49.735Z] [32minfo[39m: User 68ec8e43bec3a9b4c67379aa placed a bet of 1000 on Meat for round #68ecb70142efcc006fd7099f
[2025-10-13T08:23:50.905Z] [32minfo[39m: User 68ec8e43bec3a9b4c67379aa placed a bet of 1000 on Corn for round #68ecb70142efcc006fd7099f
[2025-10-13T08:23:56.564Z] [32minfo[39m: User 68ec8e43bec3a9b4c67379aa placed a bet of 1000 on Sausage for round #68ecb70142efcc006fd7099f
[2025-10-13T08:23:56.649Z] [32minfo[39m: User 68ec8e43bec3a9b4c67379aa placed a bet of 1000 on Lettuce for round #68ecb70142efcc006fd7099f
[2025-10-13T08:24:02.226Z] [32minfo[39m: User 68ec8e43bec3a9b4c67379aa placed a bet of 1000 on Ham for round #68ecb71f7ad547dbc0de100a
[2025-10-13T09:22:10.240Z] [32minfo[39m: User 68ec8e43bec3a9b4c67379aa placed a bet of 1000 on Sausage for round #68ecc4bc9bd24a70c960a3ef
[2025-10-13T09:22:12.282Z] [32minfo[39m: User 68ec8e43bec3a9b4c67379aa placed a bet of 1000 on Lettuce for round #68ecc4bc9bd24a70c960a3ef
[2025-10-13T09:23:30.314Z] [32minfo[39m: User 68ec8e43bec3a9b4c67379aa placed a bet of 1000 on Lettuce for round #68ecc5089bd24a70c960ac67
[2025-10-13T09:23:31.225Z] [32minfo[39m: User 68ec8e43bec3a9b4c67379aa placed a bet of 1000 on Lettuce for round #68ecc5089bd24a70c960ac67
[2025-10-13T09:23:32.189Z] [32minfo[39m: User 68ec8e43bec3a9b4c67379aa placed a bet of 1000 on Lettuce for round #68ecc5089bd24a70c960ac67
[2025-10-13T09:23:34.803Z] [32minfo[39m: User 68ec8e43bec3a9b4c67379aa placed a bet of 1000 on Lettuce for round #68ecc5089bd24a70c960ac67
[2025-10-13T09:36:41.099Z] [32minfo[39m: User 68ec8e43bec3a9b4c67379aa placed a bet of 500 on Meat for round #68ecc7f79bd24a70c96100a3
[2025-10-13T09:36:44.646Z] [32minfo[39m: User 68ec8e43bec3a9b4c67379aa placed a bet of 500 on Meat for round #68ecc7f79bd24a70c96100a3
[2025-10-13T09:36:44.761Z] [32minfo[39m: User 68ec8e43bec3a9b4c67379aa placed a bet of 500 on Meat for round #68ecc7f79bd24a70c96100a3
[2025-10-13T10:01:01.621Z] [32minfo[39m: User 68ec8e43bec3a9b4c67379aa placed a bet of 500 on Tomato for round #68eccdd510352395606a5661
[2025-10-13T10:01:02.318Z] [32minfo[39m: User 68ec8e43bec3a9b4c67379aa placed a bet of 500 on Corn for round #68eccdd510352395606a5661
[2025-10-13T10:01:03.848Z] [32minfo[39m: User 68ec8e43bec3a9b4c67379aa placed a bet of 500 on Ham for round #68eccdd510352395606a5661
[2025-10-13T10:01:04.654Z] [32minfo[39m: User 68ec8e43bec3a9b4c67379aa placed a bet of 500 on Lettuce for round #68eccdd510352395606a5661
[2025-10-13T10:01:05.766Z] [32minfo[39m: User 68ec8e43bec3a9b4c67379aa placed a bet of 500 on Carrot for round #68eccdd510352395606a5661
[2025-10-13T10:01:59.724Z] [32minfo[39m: User 68ec8e43bec3a9b4c67379aa placed a bet of 500 on Ham for round #68ecce0210352395606a6234
[2025-10-13T10:05:27.700Z] [32minfo[39m: User 68ec8e43bec3a9b4c67379aa placed a bet of 1000 on Lettuce for round #68eccee410352395606a8dbf
[2025-10-13T10:05:30.301Z] [32minfo[39m: User 68ec8e43bec3a9b4c67379aa placed a bet of 1000 on Ham for round #68eccee410352395606a8dbf
[2025-10-13T10:05:39.329Z] [32minfo[39m: User 68ec8e43bec3a9b4c67379aa placed a bet of 1000 on Carrot for round #68eccee410352395606a8dbf
[2025-10-13T10:06:11.244Z] [32minfo[39m: User 68ec8e43bec3a9b4c67379aa placed a bet of 1000 on Sausage for round #68eccf1210352395606a96ac
[2025-10-13T10:07:42.175Z] [32minfo[39m: User 68ec8e43bec3a9b4c67379aa placed a bet of 2000 on Lettuce for round #68eccf6c10352395606aa838
[2025-10-13T10:09:11.894Z] [32minfo[39m: User 68ec8e43bec3a9b4c67379aa placed a bet of 2000 on Carrot for round #68eccfc610352395606ab9ce
[2025-10-13T10:09:13.524Z] [32minfo[39m: User 68ec8e43bec3a9b4c67379aa placed a bet of 2000 on Ham for round #68eccfc610352395606ab9ce
[2025-10-13T10:09:14.811Z] [32minfo[39m: User 68ec8e43bec3a9b4c67379aa placed a bet of 2000 on Lettuce for round #68eccfc610352395606ab9ce
[2025-10-13T10:09:20.415Z] [32minfo[39m: User 68ec8e43bec3a9b4c67379aa placed a bet of 2000 on Corn for round #68eccfc610352395606ab9ce
[2025-10-13T10:09:30.108Z] [32minfo[39m: User 68ec8e43bec3a9b4c67379aa placed a bet of 2000 on Tomato for round #68eccfc610352395606ab9ce
[2025-10-13T10:13:28.121Z] [32minfo[39m: User 68ec8e43bec3a9b4c67379aa placed a bet of 1000 on Tomato for round #68ecd0bb7ac151dbb27d62bd
[2025-10-13T10:16:33.142Z] [32minfo[39m: User 68ec8e43bec3a9b4c67379aa placed a bet of 500 on Corn for round #68ecd16746278c5a715b4795
[2025-10-13T10:16:35.165Z] [32minfo[39m: User 68ec8e43bec3a9b4c67379aa placed a bet of 500 on Corn for round #68ecd16746278c5a715b4795
[2025-10-13T10:29:57.361Z] [32minfo[39m: User 68ec8e43bec3a9b4c67379aa placed a bet of 500 on Pizza for round #68ecd4901fd1ea4a3d1495a0
[2025-10-13T10:30:29.709Z] [32minfo[39m: User 68ec8e43bec3a9b4c67379aa placed a bet of 500 on Pizza for round #68ecd4bd1fd1ea4a3d149eba
[2025-10-13T10:34:15.110Z] [32minfo[39m: User 68ec8e43bec3a9b4c67379aa placed a bet of 2000 on Ham for round #68ecd5a05e5013e1e5cc290b
[2025-10-13T10:40:47.150Z] [32minfo[39m: User 68ec8e43bec3a9b4c67379aa placed a bet of 1000 on Carrot for round #68ecd72e9063e490bdfc741b
[2025-10-13T10:40:53.556Z] [32minfo[39m: User 68ec8e43bec3a9b4c67379aa placed a bet of 1000 on Tomato for round #68ecd72e9063e490bdfc741b
[2025-10-13T10:43:36.840Z] [32minfo[39m: User 68ec8e43bec3a9b4c67379aa placed a bet of 500 on Ham for round #68ecd7ba382ce5410e4d2252
[2025-10-13T10:43:36.843Z] [33mwarn[39m: Warning: BETTING_CLOSED, Betting is closed for this round.
[2025-10-13T10:43:38.801Z] [32minfo[39m: User 68ec8e43bec3a9b4c67379aa placed a bet of 500 on Tomato for round #68ecd7ba382ce5410e4d2252
[2025-10-13T10:43:38.802Z] [33mwarn[39m: Warning: BETTING_CLOSED, Betting is closed for this round.
[2025-10-13T10:43:39.605Z] [32minfo[39m: User 68ec8e43bec3a9b4c67379aa placed a bet of 500 on Skewer for round #68ecd7ba382ce5410e4d2252
[2025-10-13T10:43:39.605Z] [33mwarn[39m: Warning: BETTING_CLOSED, Betting is closed for this round.
[2025-10-13T10:43:40.489Z] [32minfo[39m: User 68ec8e43bec3a9b4c67379aa placed a bet of 500 on Tomato for round #68ecd7ba382ce5410e4d2252
[2025-10-13T10:43:40.489Z] [33mwarn[39m: Warning: BETTING_CLOSED, Betting is closed for this round.
[2025-10-13T10:43:41.051Z] [32minfo[39m: User 68ec8e43bec3a9b4c67379aa placed a bet of 500 on Meat for round #68ecd7ba382ce5410e4d2252
[2025-10-13T10:43:41.052Z] [33mwarn[39m: Warning: BETTING_CLOSED, Betting is closed for this round.
[2025-10-13T10:43:41.453Z] [32minfo[39m: User 68ec8e43bec3a9b4c67379aa placed a bet of 500 on Meat for round #68ecd7ba382ce5410e4d2252
[2025-10-13T10:43:41.453Z] [33mwarn[39m: Warning: BETTING_CLOSED, Betting is closed for this round.
[2025-10-13T10:43:57.072Z] [32minfo[39m: User 68ec8e43bec3a9b4c67379aa placed a bet of 2000 on Lettuce for round #68ecd7e7382ce5410e4d2bcd
[2025-10-13T10:44:01.384Z] [32minfo[39m: User 68ec8e43bec3a9b4c67379aa placed a bet of 2000 on Sausage for round #68ecd7e7382ce5410e4d2bcd
[2025-10-13T10:44:04.872Z] [32minfo[39m: User 68ec8e43bec3a9b4c67379aa placed a bet of 2000 on Lettuce for round #68ecd7e7382ce5410e4d2bcd
[2025-10-13T10:44:11.263Z] [32minfo[39m: User 68ec8e43bec3a9b4c67379aa placed a bet of 2000 on Sausage for round #68ecd7e7382ce5410e4d2bcd
[2025-10-13T10:44:11.738Z] [32minfo[39m: User 68ec8e43bec3a9b4c67379aa placed a bet of 2000 on Corn for round #68ecd7e7382ce5410e4d2bcd
[2025-10-13T10:52:56.956Z] [32minfo[39m: User 68ec8e43bec3a9b4c67379aa placed a bet of 500 on Pizza for round #68ecda05382ce5410e4d9afe
[2025-10-13T10:53:04.521Z] [32minfo[39m: User 68ec8e43bec3a9b4c67379aa placed a bet of 500 on Pizza for round #68ecda05382ce5410e4d9afe
[2025-10-13T11:17:17.755Z] [32minfo[39m: User 68ec8e43bec3a9b4c67379aa placed a bet of 500 on Ham for round #68ecdfb2b10be1fff8fa71b9
[2025-10-13T11:43:06.921Z] [32minfo[39m: User 68ec8e43bec3a9b4c67379aa placed a bet of 500 on Tomato for round #68ece5a9cdeeb593a8c9c177
[2025-10-13T11:43:06.924Z] [33mwarn[39m: Warning: BETTING_CLOSED, Betting is closed for this round.
[2025-10-13T11:43:07.636Z] [32minfo[39m: User 68ec8e43bec3a9b4c67379aa placed a bet of 500 on Corn for round #68ece5a9cdeeb593a8c9c177
[2025-10-13T11:43:07.637Z] [33mwarn[39m: Warning: BETTING_CLOSED, Betting is closed for this round.
[2025-10-13T11:43:08.608Z] [32minfo[39m: User 68ec8e43bec3a9b4c67379aa placed a bet of 500 on Ham for round #68ece5a9cdeeb593a8c9c177
[2025-10-13T11:43:08.609Z] [33mwarn[39m: Warning: BETTING_CLOSED, Betting is closed for this round.
[2025-10-13T11:43:32.362Z] [32minfo[39m: User 68ec8e43bec3a9b4c67379aa placed a bet of 500 on Corn for round #68ece5d6cdeeb593a8c9cb71
[2025-10-13T11:43:35.552Z] [32minfo[39m: User 68ec8e43bec3a9b4c67379aa placed a bet of 500 on Corn for round #68ece5d6cdeeb593a8c9cb71
[2025-10-13T11:43:38.401Z] [32minfo[39m: User 68ec8e43bec3a9b4c67379aa placed a bet of 500 on Ham for round #68ece5d6cdeeb593a8c9cb71
[2025-10-13T11:47:11.168Z] [32minfo[39m: User 68ec8e43bec3a9b4c67379aa placed a bet of 2000 on Carrot for round #68ece6baa7318196536fa000
[2025-10-13T11:47:11.686Z] [32minfo[39m: User 68ec8e43bec3a9b4c67379aa placed a bet of 2000 on Skewer for round #68ece6baa7318196536fa000
[2025-10-13T11:47:13.518Z] [32minfo[39m: User 68ec8e43bec3a9b4c67379aa placed a bet of 2000 on Tomato for round #68ece6baa7318196536fa000
[2025-10-13T11:47:14.079Z] [32minfo[39m: User 68ec8e43bec3a9b4c67379aa placed a bet of 2000 on Meat for round #68ece6baa7318196536fa000
[2025-10-13T11:47:14.580Z] [32minfo[39m: User 68ec8e43bec3a9b4c67379aa placed a bet of 2000 on Corn for round #68ece6baa7318196536fa000
[2025-10-13T11:47:15.043Z] [32minfo[39m: User 68ec8e43bec3a9b4c67379aa placed a bet of 2000 on Sausage for round #68ece6baa7318196536fa000
[2025-10-13T11:47:15.611Z] [32minfo[39m: User 68ec8e43bec3a9b4c67379aa placed a bet of 2000 on Lettuce for round #68ece6baa7318196536fa000
[2025-10-13T11:47:16.299Z] [32minfo[39m: User 68ec8e43bec3a9b4c67379aa placed a bet of 2000 on Ham for round #68ece6baa7318196536fa000
[2025-10-13T11:47:18.420Z] [32minfo[39m: User 68ec8e43bec3a9b4c67379aa placed a bet of 2000 on Carrot for round #68ece6baa7318196536fa000
[2025-10-13T11:47:20.013Z] [32minfo[39m: User 68ec8e43bec3a9b4c67379aa placed a bet of 2000 on Skewer for round #68ece6baa7318196536fa000
[2025-10-13T11:47:21.506Z] [32minfo[39m: User 68ec8e43bec3a9b4c67379aa placed a bet of 2000 on Ham for round #68ece6baa7318196536fa000
[2025-10-13T11:55:27.497Z] [32minfo[39m: ::1 - - [13/Oct/2025:11:55:27 +0000] "POST /api/v1/company/wallet HTTP/1.1" 200 117180 "-" "PostmanRuntime/7.48.0"
[2025-10-13T11:56:17.534Z] [32minfo[39m: User 68ec8e43bec3a9b4c67379aa placed a bet of 2000 on Carrot for round #68ece8dd66e736b3622edc5d
[2025-10-13T11:56:37.376Z] [32minfo[39m: ::1 - - [13/Oct/2025:11:56:37 +0000] "GET /api/v1/settings/retrive HTTP/1.1" 200 1190 "http://localhost:3000/" "Mozilla/5.0 (Windows NT 10.0; Win64; x64) AppleWebKit/537.36 (KHTML, like Gecko) Chrome/141.0.0.0 Safari/537.36"
[2025-10-13T11:56:37.383Z] [32minfo[39m: ::1 - - [13/Oct/2025:11:56:37 +0000] "GET /api/v1/settings/retrive HTTP/1.1" 304 - "http://localhost:3000/" "Mozilla/5.0 (Windows NT 10.0; Win64; x64) AppleWebKit/537.36 (KHTML, like Gecko) Chrome/141.0.0.0 Safari/537.36"
[2025-10-13T11:56:37.410Z] [32minfo[39m: ::1 - - [13/Oct/2025:11:56:37 +0000] "GET /api/v1/settings/retrive HTTP/1.1" 304 - "http://localhost:3000/" "Mozilla/5.0 (Windows NT 10.0; Win64; x64) AppleWebKit/537.36 (KHTML, like Gecko) Chrome/141.0.0.0 Safari/537.36"
[2025-10-13T11:56:37.418Z] [32minfo[39m: ::1 - - [13/Oct/2025:11:56:37 +0000] "GET /api/v1/settings/retrive HTTP/1.1" 304 - "http://localhost:3000/" "Mozilla/5.0 (Windows NT 10.0; Win64; x64) AppleWebKit/537.36 (KHTML, like Gecko) Chrome/141.0.0.0 Safari/537.36"
[2025-10-13T11:56:59.888Z] [32minfo[39m: User 68ec8e43bec3a9b4c67379aa placed a bet of 500 on Tomato for round #68ece90a66e736b3622ee6a6
[2025-10-13T11:57:23.496Z] [32minfo[39m: User 68ec8e43bec3a9b4c67379aa placed a bet of 500 on Corn for round #68ece90a66e736b3622ee6a6
[2025-10-13T11:58:36.217Z] [32minfo[39m: User 68ec8e43bec3a9b4c67379aa placed a bet of 500 on Meat for round #68ece96566e736b3622efae1
[2025-10-13T17:33:18.838Z] [32minfo[39m: ::1 - - [13/Oct/2025:17:33:18 +0000] "GET /api/v1/users/profile/68ecca3e9bd24a70c96141e2 HTTP/1.1" 403 30 "-" "PostmanRuntime/7.48.0"
[2025-10-13T17:34:45.809Z] [32minfo[39m: ::1 - - [13/Oct/2025:17:34:45 +0000] "GET /api/v1/users/profile/68ecca3e9bd24a70c96141e2 HTTP/1.1" 404 28 "-" "PostmanRuntime/7.48.0"
[2025-10-13T17:35:00.201Z] [32minfo[39m: ::1 - - [13/Oct/2025:17:35:00 +0000] "POST /api/v1/users/login HTTP/1.1" 400 33 "-" "PostmanRuntime/7.48.0"
[2025-10-13T17:36:43.204Z] [32minfo[39m: ::1 - - [13/Oct/2025:17:36:43 +0000] "POST /api/v1/users/login HTTP/1.1" 201 291 "-" "PostmanRuntime/7.48.0"
[2025-10-13T17:36:55.369Z] [32minfo[39m: ::1 - - [13/Oct/2025:17:36:55 +0000] "GET /api/v1/users/profile/68e2abb4cbfc8a45544ecce0 HTTP/1.1" 404 28 "-" "PostmanRuntime/7.48.0"
[2025-10-13T17:36:56.918Z] [32minfo[39m: ::1 - - [13/Oct/2025:17:36:56 +0000] "GET /api/v1/users/profile/68e2abb4cbfc8a45544ecce0 HTTP/1.1" 404 28 "-" "PostmanRuntime/7.48.0"
[2025-10-13T17:37:22.243Z] [32minfo[39m: ::1 - - [13/Oct/2025:17:37:22 +0000] "GET /api/v1/users/profile/68e2abb4cbfc8a45544ecce0 HTTP/1.1" 404 28 "-" "PostmanRuntime/7.48.0"
[2025-10-13T17:37:23.012Z] [32minfo[39m: ::1 - - [13/Oct/2025:17:37:23 +0000] "GET /api/v1/users/profile/68e2abb4cbfc8a45544ecce0 HTTP/1.1" 404 28 "-" "PostmanRuntime/7.48.0"
[2025-10-13T17:37:24.381Z] [32minfo[39m: ::1 - - [13/Oct/2025:17:37:24 +0000] "GET /api/v1/users/profile/68e2abb4cbfc8a45544ecce0 HTTP/1.1" 404 28 "-" "PostmanRuntime/7.48.0"
[2025-10-13T17:39:05.963Z] [32minfo[39m: ::1 - - [13/Oct/2025:17:39:05 +0000] "GET /api/v1/users/profile/68e2abb4cbfc8a45544ecce0 HTTP/1.1" 500 139 "-" "PostmanRuntime/7.48.0"
[2025-10-13T17:39:16.145Z] [32minfo[39m: ::1 - - [13/Oct/2025:17:39:16 +0000] "GET /api/v1/users/profile/68e2abb4cbfc8a45544ecce0 HTTP/1.1" 404 28 "-" "PostmanRuntime/7.48.0"
[2025-10-13T17:40:13.095Z] [32minfo[39m: ::1 - - [13/Oct/2025:17:40:13 +0000] "GET /api/v1/users/profile/68e2abb4cbfc8a45544ecce0 HTTP/1.1" 401 27 "-" "PostmanRuntime/7.48.0"
[2025-10-13T17:40:30.772Z] [32minfo[39m: ::1 - - [13/Oct/2025:17:40:30 +0000] "GET /api/v1/users/profile/68e2abb4cbfc8a45544ecce0 HTTP/1.1" 500 208 "-" "PostmanRuntime/7.48.0"
[2025-10-13T17:40:55.148Z] [32minfo[39m: ::1 - - [13/Oct/2025:17:40:55 +0000] "GET /api/v1/users/profile/68e2abb4cbfc8a45544ecce0 HTTP/1.1" 500 208 "-" "PostmanRuntime/7.48.0"
[2025-10-13T17:42:53.345Z] [32minfo[39m: ::1 - - [13/Oct/2025:17:42:53 +0000] "GET /api/v1/users/profile/68e2abb4cbfc8a45544ecce0 HTTP/1.1" 403 30 "-" "PostmanRuntime/7.48.0"
[2025-10-13T17:42:54.806Z] [32minfo[39m: ::1 - - [13/Oct/2025:17:42:54 +0000] "GET /api/v1/users/profile/68e2abb4cbfc8a45544ecce0 HTTP/1.1" 403 30 "-" "PostmanRuntime/7.48.0"
[2025-10-13T17:42:57.005Z] [32minfo[39m: ::1 - - [13/Oct/2025:17:42:57 +0000] "GET /api/v1/users/profile/68e2abb4cbfc8a45544ecce0 HTTP/1.1" 403 30 "-" "PostmanRuntime/7.48.0"
[2025-10-13T17:42:58.367Z] [32minfo[39m: ::1 - - [13/Oct/2025:17:42:58 +0000] "GET /api/v1/users/profile/68e2abb4cbfc8a45544ecce0 HTTP/1.1" 403 30 "-" "PostmanRuntime/7.48.0"
[2025-10-13T17:42:59.781Z] [32minfo[39m: ::1 - - [13/Oct/2025:17:42:59 +0000] "GET /api/v1/users/profile/68e2abb4cbfc8a45544ecce0 HTTP/1.1" 403 30 "-" "PostmanRuntime/7.48.0"
[2025-10-13T17:43:01.062Z] [32minfo[39m: ::1 - - [13/Oct/2025:17:43:01 +0000] "GET /api/v1/users/profile/68e2abb4cbfc8a45544ecce0 HTTP/1.1" 403 30 "-" "PostmanRuntime/7.48.0"
[2025-10-13T17:43:31.596Z] [32minfo[39m: ::1 - - [13/Oct/2025:17:43:31 +0000] "GET /api/v1/users/profile/68e2abb4cbfc8a45544ecce0 HTTP/1.1" 500 208 "-" "PostmanRuntime/7.48.0"
[2025-10-13T17:43:33.978Z] [32minfo[39m: ::1 - - [13/Oct/2025:17:43:33 +0000] "GET /api/v1/users/profile/68e2abb4cbfc8a45544ecce0 HTTP/1.1" 500 208 "-" "PostmanRuntime/7.48.0"
[2025-10-13T17:44:22.268Z] [32minfo[39m: ::1 - - [13/Oct/2025:17:44:22 +0000] "GET /api/v1/users/profile/68e2abb4cbfc8a45544ecce0 HTTP/1.1" 401 26 "-" "PostmanRuntime/7.48.0"
[2025-10-13T17:44:24.746Z] [32minfo[39m: ::1 - - [13/Oct/2025:17:44:24 +0000] "GET /api/v1/users/profile/68e2abb4cbfc8a45544ecce0 HTTP/1.1" 401 26 "-" "PostmanRuntime/7.48.0"
[2025-10-13T17:44:25.951Z] [32minfo[39m: ::1 - - [13/Oct/2025:17:44:25 +0000] "GET /api/v1/users/profile/68e2abb4cbfc8a45544ecce0 HTTP/1.1" 401 26 "-" "PostmanRuntime/7.48.0"
[2025-10-13T17:44:27.045Z] [32minfo[39m: ::1 - - [13/Oct/2025:17:44:27 +0000] "GET /api/v1/users/profile/68e2abb4cbfc8a45544ecce0 HTTP/1.1" 401 26 "-" "PostmanRuntime/7.48.0"
[2025-10-13T17:45:07.513Z] [32minfo[39m: ::1 - - [13/Oct/2025:17:45:07 +0000] "GET /api/v1/users/profile/68e2abb4cbfc8a45544ecce0 HTTP/1.1" 500 208 "-" "PostmanRuntime/7.48.0"
[2025-10-13T17:45:09.089Z] [32minfo[39m: ::1 - - [13/Oct/2025:17:45:09 +0000] "GET /api/v1/users/profile/68e2abb4cbfc8a45544ecce0 HTTP/1.1" 500 208 "-" "PostmanRuntime/7.48.0"
[2025-10-13T17:52:14.526Z] [32minfo[39m: ::1 - - [13/Oct/2025:17:52:14 +0000] "GET /api/v1/users/profile/68e2abb4cbfc8a45544ecce0 HTTP/1.1" 401 26 "-" "PostmanRuntime/7.48.0"
[2025-10-13T17:52:17.342Z] [32minfo[39m: ::1 - - [13/Oct/2025:17:52:17 +0000] "GET /api/v1/users/profile/68e2abb4cbfc8a45544ecce0 HTTP/1.1" 401 26 "-" "PostmanRuntime/7.48.0"
[2025-10-13T17:54:34.959Z] [32minfo[39m: ::1 - - [13/Oct/2025:17:54:34 +0000] "GET /api/v1/users/profile/68e2abb4cbfc8a45544ecce0 HTTP/1.1" 403 30 "-" "PostmanRuntime/7.48.0"
[2025-10-13T17:57:07.243Z] [32minfo[39m: ::1 - - [13/Oct/2025:17:57:07 +0000] "GET /api/v1/users/profile/68e2abb4cbfc8a45544ecce0 HTTP/1.1" 403 30 "-" "PostmanRuntime/7.48.0"
[2025-10-13T17:57:09.600Z] [32minfo[39m: ::1 - - [13/Oct/2025:17:57:09 +0000] "GET /api/v1/users/profile/68e2abb4cbfc8a45544ecce0 HTTP/1.1" 403 30 "-" "PostmanRuntime/7.48.0"
[2025-10-13T17:57:42.094Z] [32minfo[39m: ::1 - - [13/Oct/2025:17:57:42 +0000] "GET /api/v1/users/profile/68e2abb4cbfc8a45544ecce0 HTTP/1.1" 403 30 "-" "PostmanRuntime/7.48.0"
[2025-10-13T17:57:53.318Z] [32minfo[39m: ::1 - - [13/Oct/2025:17:57:53 +0000] "POST /api/v1/users/login HTTP/1.1" 201 291 "-" "PostmanRuntime/7.48.0"
[2025-10-13T17:58:37.484Z] [32minfo[39m: ::1 - - [13/Oct/2025:17:58:37 +0000] "GET /api/v1/users/profile/68e2abb4cbfc8a45544ecce0 HTTP/1.1" 403 30 "-" "PostmanRuntime/7.48.0"
[2025-10-13T17:58:54.507Z] [32minfo[39m: ::1 - - [13/Oct/2025:17:58:54 +0000] "GET /api/v1/users/profile/68e2abb4cbfc8a45544ecce0 HTTP/1.1" 403 30 "-" "PostmanRuntime/7.48.0"
[2025-10-13T17:59:35.475Z] [32minfo[39m: ::1 - - [13/Oct/2025:17:59:35 +0000] "GET /api/v1/users/profile/68e2abb4cbfc8a45544ecce0 HTTP/1.1" 500 208 "-" "PostmanRuntime/7.48.0"
[2025-10-13T17:59:59.759Z] [32minfo[39m: ::1 - - [13/Oct/2025:17:59:59 +0000] "GET /api/v1/users/profile/68e2abb4cbfc8a45544ecce0 HTTP/1.1" 500 208 "-" "PostmanRuntime/7.48.0"
