[2025-10-15T07:32:27.885Z] [32minfo[39m: User 68ee31b0783f85be19641143 placed a bet of 2000 on Lettuce for round #68ef4dfdbbaa0e8fa55b68f1
[2025-10-15T07:32:28.186Z] [32minfo[39m: User 68ee31b0783f85be19641143 placed a bet of 2000 on Lettuce for round #68ef4dfdbbaa0e8fa55b68f1
[2025-10-15T07:32:28.573Z] [32minfo[39m: User 68ee31b0783f85be19641143 placed a bet of 2000 on Lettuce for round #68ef4dfdbbaa0e8fa55b68f1
[2025-10-15T07:44:16.090Z] [32minfo[39m: User 68ee31b0783f85be19641143 placed a bet of 1000 on Sausage for round #68ef50cfe6668935f7605558
[2025-10-15T07:44:16.464Z] [32minfo[39m: User 68ee31b0783f85be19641143 placed a bet of 1000 on Sausage for round #68ef50cfe6668935f7605558
[2025-10-15T07:46:15.407Z] [32minfo[39m: User 68ee31b0783f85be19641143 placed a bet of 1000 on Corn for round #68ef512ae6668935f760921c
[2025-10-15T07:46:15.513Z] [32minfo[39m: User 68ee31b0783f85be19641143 placed a bet of 1000 on Corn for round #68ef512ae6668935f760921c
[2025-10-15T07:46:18.030Z] [32minfo[39m: User 68ee31b0783f85be19641143 placed a bet of 1000 on Corn for round #68ef512ae6668935f760921c
[2025-10-15T07:46:19.111Z] [32minfo[39m: User 68ee31b0783f85be19641143 placed a bet of 1000 on Corn for round #68ef512ae6668935f760921c
[2025-10-15T07:46:21.562Z] [32minfo[39m: User 68ee31b0783f85be19641143 placed a bet of 1000 on Corn for round #68ef512ae6668935f760921c
[2025-10-15T07:46:22.252Z] [32minfo[39m: User 68ee31b0783f85be19641143 placed a bet of 1000 on Corn for round #68ef512ae6668935f760921c
[2025-10-15T07:46:24.374Z] [32minfo[39m: User 68ee31b0783f85be19641143 placed a bet of 1000 on Corn for round #68ef512ae6668935f760921c
[2025-10-15T07:46:25.203Z] [32minfo[39m: User 68ee31b0783f85be19641143 placed a bet of 1000 on Corn for round #68ef512ae6668935f760921c
[2025-10-15T07:46:26.212Z] [32minfo[39m: User 68ee31b0783f85be19641143 placed a bet of 1000 on Sausage for round #68ef512ae6668935f760921c
[2025-10-15T07:46:27.032Z] [32minfo[39m: User 68ee31b0783f85be19641143 placed a bet of 1000 on Lettuce for round #68ef512ae6668935f760921c
[2025-10-15T07:46:28.111Z] [32minfo[39m: User 68ee31b0783f85be19641143 placed a bet of 1000 on Carrot for round #68ef512ae6668935f760921c
[2025-10-15T07:46:29.024Z] [32minfo[39m: User 68ee31b0783f85be19641143 placed a bet of 1000 on Skewer for round #68ef512ae6668935f760921c
[2025-10-15T07:46:30.844Z] [32minfo[39m: User 68ee31b0783f85be19641143 placed a bet of 1000 on Ham for round #68ef512ae6668935f760921c
[2025-10-15T07:46:31.630Z] [32minfo[39m: User 68ee31b0783f85be19641143 placed a bet of 1000 on Meat for round #68ef512ae6668935f760921c
[2025-10-15T07:46:32.390Z] [32minfo[39m: User 68ee31b0783f85be19641143 placed a bet of 1000 on Tomato for round #68ef512ae6668935f760921c
[2025-10-15T07:46:32.968Z] [32minfo[39m: User 68ee31b0783f85be19641143 placed a bet of 1000 on Corn for round #68ef512ae6668935f760921c
[2025-10-15T07:46:33.739Z] [32minfo[39m: User 68ee31b0783f85be19641143 placed a bet of 1000 on Sausage for round #68ef512ae6668935f760921c
[2025-10-15T07:46:34.776Z] [32minfo[39m: User 68ee31b0783f85be19641143 placed a bet of 1000 on Lettuce for round #68ef512ae6668935f760921c
[2025-10-15T07:46:35.899Z] [32minfo[39m: User 68ee31b0783f85be19641143 placed a bet of 1000 on Carrot for round #68ef512ae6668935f760921c
[2025-10-15T07:46:38.384Z] [32minfo[39m: User 68ee31b0783f85be19641143 placed a bet of 1000 on Sausage for round #68ef512ae6668935f760921c
[2025-10-15T07:46:39.101Z] [32minfo[39m: User 68ee31b0783f85be19641143 placed a bet of 1000 on Corn for round #68ef512ae6668935f760921c
[2025-10-15T07:46:40.445Z] [32minfo[39m: User 68ee31b0783f85be19641143 placed a bet of 1000 on Tomato for round #68ef512ae6668935f760921c
[2025-10-15T07:46:40.707Z] [32minfo[39m: User 68ee31b0783f85be19641143 placed a bet of 1000 on Tomato for round #68ef512ae6668935f760921c
[2025-10-15T07:46:40.926Z] [32minfo[39m: User 68ee31b0783f85be19641143 placed a bet of 1000 on Tomato for round #68ef512ae6668935f760921c
[2025-10-15T07:46:41.127Z] [32minfo[39m: User 68ee31b0783f85be19641143 placed a bet of 1000 on Tomato for round #68ef512ae6668935f760921c
[2025-10-15T07:46:41.322Z] [32minfo[39m: User 68ee31b0783f85be19641143 placed a bet of 1000 on Tomato for round #68ef512ae6668935f760921c
[2025-10-15T07:46:41.520Z] [32minfo[39m: User 68ee31b0783f85be19641143 placed a bet of 1000 on Tomato for round #68ef512ae6668935f760921c
[2025-10-15T07:46:51.813Z] [32minfo[39m: User 68ee31b0783f85be19641143 placed a bet of 1000 on Tomato for round #68ef512ae6668935f760921c
[2025-10-15T07:46:52.810Z] [32minfo[39m: User 68ee31b0783f85be19641143 placed a bet of 1000 on Tomato for round #68ef512ae6668935f760921c
[2025-10-15T07:46:53.081Z] [32minfo[39m: User 68ee31b0783f85be19641143 placed a bet of 1000 on Tomato for round #68ef512ae6668935f760921c
[2025-10-15T07:46:55.725Z] [32minfo[39m: User 68ee31b0783f85be19641143 placed a bet of 1000 on Corn for round #68ef512ae6668935f760921c
[2025-10-15T07:46:55.986Z] [32minfo[39m: User 68ee31b0783f85be19641143 placed a bet of 1000 on Corn for round #68ef512ae6668935f760921c
[2025-10-15T07:46:59.486Z] [32minfo[39m: User 68ee31b0783f85be19641143 placed a bet of 1000 on Sausage for round #68ef512ae6668935f760921c
[2025-10-15T07:47:03.362Z] [32minfo[39m: User 68ee31b0783f85be19641143 placed a bet of 1000 on Sausage for round #68ef512ae6668935f760921c
[2025-10-15T07:47:03.470Z] [32minfo[39m: User 68ee31b0783f85be19641143 placed a bet of 1000 on Sausage for round #68ef512ae6668935f760921c
[2025-10-15T07:47:08.640Z] [32minfo[39m: User 68ee31b0783f85be19641143 placed a bet of 1000 on Tomato for round #68ef512ae6668935f760921c
[2025-10-15T07:47:10.918Z] [32minfo[39m: User 68ee31b0783f85be19641143 placed a bet of 1000 on Ham for round #68ef512ae6668935f760921c
[2025-10-15T07:47:12.016Z] [32minfo[39m: User 68ee31b0783f85be19641143 placed a bet of 1000 on Meat for round #68ef512ae6668935f760921c
[2025-10-15T07:47:13.339Z] [32minfo[39m: User 68ee31b0783f85be19641143 placed a bet of 1000 on Skewer for round #68ef512ae6668935f760921c
[2025-10-15T07:47:14.863Z] [32minfo[39m: User 68ee31b0783f85be19641143 placed a bet of 1000 on Carrot for round #68ef512ae6668935f760921c
[2025-10-15T07:47:15.043Z] [32minfo[39m: User 68ee31b0783f85be19641143 placed a bet of 1000 on Lettuce for round #68ef512ae6668935f760921c
[2025-10-15T07:47:15.913Z] [32minfo[39m: User 68ee31b0783f85be19641143 placed a bet of 1000 on Sausage for round #68ef512ae6668935f760921c
[2025-10-15T07:57:27.579Z] [32minfo[39m: User 68ee31b0783f85be19641143 placed a bet of 2000 on Skewer for round #68ef53d99b4cdb96642c2e48
[2025-10-15T07:57:58.112Z] [32minfo[39m: User 68ee31b0783f85be19641143 placed a bet of 2000 on Tomato for round #68ef53f79b4cdb96642c42b3
[2025-10-15T07:57:58.261Z] [32minfo[39m: User 68ee31b0783f85be19641143 placed a bet of 2000 on Tomato for round #68ef53f79b4cdb96642c42b3
[2025-10-15T07:57:59.652Z] [32minfo[39m: User 68ee31b0783f85be19641143 placed a bet of 2000 on Tomato for round #68ef53f79b4cdb96642c42b3
[2025-10-15T07:57:59.861Z] [32minfo[39m: User 68ee31b0783f85be19641143 placed a bet of 2000 on Tomato for round #68ef53f79b4cdb96642c42b3
[2025-10-15T07:58:01.312Z] [32minfo[39m: User 68ee31b0783f85be19641143 placed a bet of 2000 on Tomato for round #68ef53f79b4cdb96642c42b3
[2025-10-15T07:58:01.365Z] [32minfo[39m: User 68ee31b0783f85be19641143 placed a bet of 2000 on Tomato for round #68ef53f79b4cdb96642c42b3
[2025-10-15T07:58:02.350Z] [32minfo[39m: User 68ee31b0783f85be19641143 placed a bet of 2000 on Tomato for round #68ef53f79b4cdb96642c42b3
[2025-10-15T08:08:00.777Z] [32minfo[39m: User 68ee31b0783f85be19641143 placed a bet of 500 on Tomato for round #68ef566002f5a809e634a097
[2025-10-15T08:08:01.272Z] [32minfo[39m: User 68ee31b0783f85be19641143 placed a bet of 500 on Corn for round #68ef566002f5a809e634a097
[2025-10-15T08:08:01.661Z] [32minfo[39m: User 68ee31b0783f85be19641143 placed a bet of 500 on Corn for round #68ef566002f5a809e634a097
[2025-10-15T08:08:02.052Z] [32minfo[39m: User 68ee31b0783f85be19641143 placed a bet of 500 on Skewer for round #68ef566002f5a809e634a097
[2025-10-15T08:08:02.484Z] [32minfo[39m: User 68ee31b0783f85be19641143 placed a bet of 500 on Carrot for round #68ef566002f5a809e634a097
[2025-10-15T08:08:02.989Z] [32minfo[39m: User 68ee31b0783f85be19641143 placed a bet of 500 on Skewer for round #68ef566002f5a809e634a097
[2025-10-15T08:08:03.372Z] [32minfo[39m: User 68ee31b0783f85be19641143 placed a bet of 500 on Ham for round #68ef566002f5a809e634a097
[2025-10-15T08:08:05.051Z] [32minfo[39m: User 68ee31b0783f85be19641143 placed a bet of 500 on Meat for round #68ef566002f5a809e634a097
[2025-10-15T08:08:05.540Z] [32minfo[39m: User 68ee31b0783f85be19641143 placed a bet of 500 on Tomato for round #68ef566002f5a809e634a097
[2025-10-15T08:10:15.925Z] [32minfo[39m: User 68ee31b0783f85be19641143 placed a bet of 2000 on Sausage for round #68ef56d902f5a809e634f3d2
[2025-10-15T08:10:16.381Z] [32minfo[39m: User 68ee31b0783f85be19641143 placed a bet of 2000 on Sausage for round #68ef56d902f5a809e634f3d2
[2025-10-15T08:11:16.584Z] [32minfo[39m: User 68ee31b0783f85be19641143 placed a bet of 2000 on Sausage for round #68ef571502f5a809e6351d4a
[2025-10-15T08:20:18.254Z] [32minfo[39m: User 68ee31b0783f85be19641143 placed a bet of 1000 on Carrot for round #68ef59419a61efc749ad0b65
[2025-10-15T08:20:32.375Z] [32minfo[39m: User 68ee31b0783f85be19641143 placed a bet of 1000 on Lettuce for round #68ef59419a61efc749ad0b65
[2025-10-15T08:29:39.753Z] [32minfo[39m: User 68ee31b0783f85be19641143 placed a bet of 2000 on Sausage for round #68ef5b73e2d23e66e5e165de
[2025-10-15T08:29:53.467Z] [32minfo[39m: User 68ee31b0783f85be19641143 placed a bet of 2000 on Lettuce for round #68ef5b73e2d23e66e5e165de
[2025-10-15T08:29:54.019Z] [32minfo[39m: User 68ee31b0783f85be19641143 placed a bet of 2000 on Carrot for round #68ef5b73e2d23e66e5e165de
[2025-10-15T08:46:09.331Z] [32minfo[39m: User 68ee31b0783f85be19641143 placed a bet of 2000 on Sausage for round #68ef5f43c840cd011cc9e87f
[2025-10-15T08:46:09.940Z] [32minfo[39m: User 68ee31b0783f85be19641143 placed a bet of 2000 on Lettuce for round #68ef5f43c840cd011cc9e87f
[2025-10-15T08:49:12.746Z] [32minfo[39m: User 68ee31b0783f85be19641143 placed a bet of 2000 on Corn for round #68ef6008ddcab14da0883532
[2025-10-15T08:49:27.447Z] [32minfo[39m: User 68ee31b0783f85be19641143 placed a bet of 2000 on Sausage for round #68ef6008ddcab14da0883532
[2025-10-15T08:50:14.164Z] [32minfo[39m: User 68ee31b0783f85be19641143 placed a bet of 500 on Meat for round #68ef6045ddcab14da088603e
[2025-10-15T08:50:14.961Z] [32minfo[39m: User 68ee31b0783f85be19641143 placed a bet of 500 on Tomato for round #68ef6045ddcab14da088603e
[2025-10-15T08:50:15.781Z] [32minfo[39m: User 68ee31b0783f85be19641143 placed a bet of 500 on Tomato for round #68ef6045ddcab14da088603e
[2025-10-15T08:50:16.354Z] [32minfo[39m: User 68ee31b0783f85be19641143 placed a bet of 500 on Corn for round #68ef6045ddcab14da088603e
[2025-10-15T08:50:16.998Z] [32minfo[39m: User 68ee31b0783f85be19641143 placed a bet of 500 on Meat for round #68ef6045ddcab14da088603e
[2025-10-15T08:50:17.471Z] [32minfo[39m: User 68ee31b0783f85be19641143 placed a bet of 500 on Tomato for round #68ef6045ddcab14da088603e
[2025-10-15T08:50:18.254Z] [32minfo[39m: User 68ee31b0783f85be19641143 placed a bet of 500 on Carrot for round #68ef6045ddcab14da088603e
[2025-10-15T08:50:18.785Z] [32minfo[39m: User 68ee31b0783f85be19641143 placed a bet of 500 on Meat for round #68ef6045ddcab14da088603e
[2025-10-15T08:53:05.675Z] [32minfo[39m: User 68ee31b0783f85be19641143 placed a bet of 2000 on Ham for round #68ef60e3b3427b8d5c82f2ee
[2025-10-15T08:53:22.394Z] [32minfo[39m: User 68ee31b0783f85be19641143 placed a bet of 2000 on Skewer for round #68ef6101b3427b8d5c830885
[2025-10-15T08:55:00.365Z] [32minfo[39m: User 68ee31b0783f85be19641143 placed a bet of 2000 on Skewer for round #68ef6164f46c995eba31e84e
[2025-10-15T08:55:14.314Z] [32minfo[39m: User 68ee31b0783f85be19641143 placed a bet of 2000 on Ham for round #68ef6164f46c995eba31e84e
[2025-10-15T08:55:14.651Z] [32minfo[39m: User 68ee31b0783f85be19641143 placed a bet of 2000 on Ham for round #68ef6164f46c995eba31e84e
[2025-10-15T08:56:01.567Z] [32minfo[39m: User 68ee31b0783f85be19641143 placed a bet of 2000 on Meat for round #68ef61a0f46c995eba3213cc
[2025-10-15T08:56:31.552Z] [32minfo[39m: User 68ee31b0783f85be19641143 placed a bet of 2000 on Lettuce for round #68ef61bff46c995eba322a11
[2025-10-15T08:56:40.631Z] [32minfo[39m: User 68ee31b0783f85be19641143 placed a bet of 500 on Meat for round #68ef61bff46c995eba322a11
[2025-10-15T08:56:41.221Z] [32minfo[39m: User 68ee31b0783f85be19641143 placed a bet of 500 on Tomato for round #68ef61bff46c995eba322a11
[2025-10-15T08:56:41.725Z] [32minfo[39m: User 68ee31b0783f85be19641143 placed a bet of 500 on Corn for round #68ef61bff46c995eba322a11
[2025-10-15T08:56:44.581Z] [32minfo[39m: User 68ee31b0783f85be19641143 placed a bet of 500 on Corn for round #68ef61bff46c995eba322a11
[2025-10-15T08:56:45.029Z] [32minfo[39m: User 68ee31b0783f85be19641143 placed a bet of 500 on Sausage for round #68ef61bff46c995eba322a11
[2025-10-15T08:56:45.892Z] [32minfo[39m: User 68ee31b0783f85be19641143 placed a bet of 500 on Pizza for round #68ef61bff46c995eba322a11
[2025-10-15T08:59:32.309Z] [32minfo[39m: User 68ee31b0783f85be19641143 placed a bet of 2000 on Carrot for round #68ef62714ff82b0db22deb14
[2025-10-15T08:59:33.067Z] [32minfo[39m: User 68ee31b0783f85be19641143 placed a bet of 2000 on Carrot for round #68ef62714ff82b0db22deb14
[2025-10-15T08:59:34.845Z] [32minfo[39m: User 68ee31b0783f85be19641143 placed a bet of 2000 on Lettuce for round #68ef62714ff82b0db22deb14
[2025-10-15T08:59:38.363Z] [32minfo[39m: User 68ee31b0783f85be19641143 placed a bet of 2000 on Lettuce for round #68ef62714ff82b0db22deb14
[2025-10-15T08:59:38.474Z] [32minfo[39m: User 68ee31b0783f85be19641143 placed a bet of 2000 on Lettuce for round #68ef62714ff82b0db22deb14
[2025-10-15T08:59:38.480Z] [32minfo[39m: User 68ee31b0783f85be19641143 placed a bet of 2000 on Lettuce for round #68ef62714ff82b0db22deb14
[2025-10-15T08:59:38.486Z] [32minfo[39m: User 68ee31b0783f85be19641143 placed a bet of 2000 on Lettuce for round #68ef62714ff82b0db22deb14
[2025-10-15T08:59:38.490Z] [32minfo[39m: User 68ee31b0783f85be19641143 placed a bet of 2000 on Lettuce for round #68ef62714ff82b0db22deb14
[2025-10-15T08:59:38.494Z] [32minfo[39m: User 68ee31b0783f85be19641143 placed a bet of 2000 on Lettuce for round #68ef62714ff82b0db22deb14
[2025-10-15T08:59:40.637Z] [32minfo[39m: User 68ee31b0783f85be19641143 placed a bet of 2000 on Carrot for round #68ef62714ff82b0db22deb14
[2025-10-15T08:59:42.025Z] [32minfo[39m: User 68ee31b0783f85be19641143 placed a bet of 2000 on Carrot for round #68ef62714ff82b0db22deb14
[2025-10-15T08:59:42.221Z] [32minfo[39m: User 68ee31b0783f85be19641143 placed a bet of 2000 on Carrot for round #68ef62714ff82b0db22deb14
[2025-10-15T08:59:42.227Z] [32minfo[39m: User 68ee31b0783f85be19641143 placed a bet of 2000 on Carrot for round #68ef62714ff82b0db22deb14
[2025-10-15T08:59:42.231Z] [32minfo[39m: User 68ee31b0783f85be19641143 placed a bet of 2000 on Carrot for round #68ef62714ff82b0db22deb14
[2025-10-15T08:59:42.235Z] [32minfo[39m: User 68ee31b0783f85be19641143 placed a bet of 2000 on Carrot for round #68ef62714ff82b0db22deb14
[2025-10-15T08:59:42.237Z] [32minfo[39m: User 68ee31b0783f85be19641143 placed a bet of 2000 on Carrot for round #68ef62714ff82b0db22deb14
[2025-10-15T08:59:42.363Z] [32minfo[39m: User 68ee31b0783f85be19641143 placed a bet of 2000 on Carrot for round #68ef62714ff82b0db22deb14
[2025-10-15T08:59:42.495Z] [32minfo[39m: User 68ee31b0783f85be19641143 placed a bet of 2000 on Carrot for round #68ef62714ff82b0db22deb14
[2025-10-15T08:59:42.698Z] [32minfo[39m: User 68ee31b0783f85be19641143 placed a bet of 2000 on Carrot for round #68ef62714ff82b0db22deb14
[2025-10-15T08:59:45.352Z] [32minfo[39m: User 68ee31b0783f85be19641143 placed a bet of 2000 on Skewer for round #68ef62714ff82b0db22deb14
[2025-10-15T08:59:45.616Z] [32minfo[39m: User 68ee31b0783f85be19641143 placed a bet of 2000 on Skewer for round #68ef62714ff82b0db22deb14
[2025-10-15T08:59:45.976Z] [32minfo[39m: User 68ee31b0783f85be19641143 placed a bet of 2000 on Skewer for round #68ef62714ff82b0db22deb14
[2025-10-15T08:59:46.293Z] [32minfo[39m: User 68ee31b0783f85be19641143 placed a bet of 2000 on Skewer for round #68ef62714ff82b0db22deb14
[2025-10-15T08:59:47.674Z] [32minfo[39m: User 68ee31b0783f85be19641143 placed a bet of 2000 on Skewer for round #68ef62714ff82b0db22deb14
[2025-10-15T08:59:49.847Z] [32minfo[39m: User 68ee31b0783f85be19641143 placed a bet of 2000 on Carrot for round #68ef62714ff82b0db22deb14
[2025-10-15T08:59:50.229Z] [32minfo[39m: User 68ee31b0783f85be19641143 placed a bet of 2000 on Carrot for round #68ef62714ff82b0db22deb14
[2025-10-15T08:59:56.935Z] [32minfo[39m: User 68ee31b0783f85be19641143 placed a bet of 1000 on Corn for round #68ef62714ff82b0db22deb14
[2025-10-15T08:59:57.142Z] [32minfo[39m: User 68ee31b0783f85be19641143 placed a bet of 1000 on Corn for round #68ef62714ff82b0db22deb14
[2025-10-15T08:59:57.463Z] [32minfo[39m: User 68ee31b0783f85be19641143 placed a bet of 1000 on Corn for round #68ef62714ff82b0db22deb14
[2025-10-15T08:59:57.574Z] [32minfo[39m: User 68ee31b0783f85be19641143 placed a bet of 1000 on Corn for round #68ef62714ff82b0db22deb14
[2025-10-15T09:00:02.572Z] [32minfo[39m: User 68ee31b0783f85be19641143 placed a bet of 1000 on Corn for round #68ef62714ff82b0db22deb14
[2025-10-15T09:00:03.012Z] [32minfo[39m: User 68ee31b0783f85be19641143 placed a bet of 1000 on Corn for round #68ef62714ff82b0db22deb14
[2025-10-15T09:00:03.917Z] [32minfo[39m: User 68ee31b0783f85be19641143 placed a bet of 1000 on Corn for round #68ef62714ff82b0db22deb14
[2025-10-15T09:00:04.802Z] [32minfo[39m: User 68ee31b0783f85be19641143 placed a bet of 1000 on Corn for round #68ef62714ff82b0db22deb14
[2025-10-15T09:00:05.513Z] [32minfo[39m: User 68ee31b0783f85be19641143 placed a bet of 1000 on Corn for round #68ef62714ff82b0db22deb14
[2025-10-15T09:00:06.153Z] [32minfo[39m: User 68ee31b0783f85be19641143 placed a bet of 1000 on Corn for round #68ef62714ff82b0db22deb14
[2025-10-15T09:00:11.677Z] [32minfo[39m: User 68ee31b0783f85be19641143 placed a bet of 1000 on Lettuce for round #68ef62714ff82b0db22deb14
[2025-10-15T09:00:12.596Z] [32minfo[39m: User 68ee31b0783f85be19641143 placed a bet of 1000 on Lettuce for round #68ef62714ff82b0db22deb14
[2025-10-15T09:00:14.250Z] [32minfo[39m: User 68ee31b0783f85be19641143 placed a bet of 1000 on Carrot for round #68ef62714ff82b0db22deb14
[2025-10-15T09:00:14.454Z] [32minfo[39m: User 68ee31b0783f85be19641143 placed a bet of 1000 on Skewer for round #68ef62714ff82b0db22deb14
[2025-10-15T09:00:15.958Z] [32minfo[39m: User 68ee31b0783f85be19641143 placed a bet of 1000 on Ham for round #68ef62714ff82b0db22deb14
[2025-10-15T09:00:16.506Z] [32minfo[39m: User 68ee31b0783f85be19641143 placed a bet of 1000 on Ham for round #68ef62714ff82b0db22deb14
[2025-10-15T09:00:17.444Z] [32minfo[39m: User 68ee31b0783f85be19641143 placed a bet of 1000 on Meat for round #68ef62714ff82b0db22deb14
[2025-10-15T09:00:19.046Z] [32minfo[39m: User 68ee31b0783f85be19641143 placed a bet of 1000 on Skewer for round #68ef62714ff82b0db22deb14
[2025-10-15T09:00:20.754Z] [32minfo[39m: User 68ee31b0783f85be19641143 placed a bet of 1000 on Carrot for round #68ef62714ff82b0db22deb14
[2025-10-15T09:00:22.622Z] [32minfo[39m: User 68ee31b0783f85be19641143 placed a bet of 1000 on Carrot for round #68ef62714ff82b0db22deb14
[2025-10-15T09:00:23.666Z] [32minfo[39m: User 68ee31b0783f85be19641143 placed a bet of 1000 on Lettuce for round #68ef62714ff82b0db22deb14
[2025-10-15T09:00:24.857Z] [32minfo[39m: User 68ee31b0783f85be19641143 placed a bet of 1000 on Sausage for round #68ef62714ff82b0db22deb14
[2025-10-15T09:00:26.121Z] [32minfo[39m: User 68ee31b0783f85be19641143 placed a bet of 1000 on Corn for round #68ef62714ff82b0db22deb14
[2025-10-15T09:00:27.218Z] [32minfo[39m: User 68ee31b0783f85be19641143 placed a bet of 1000 on Tomato for round #68ef62714ff82b0db22deb14
[2025-10-15T09:00:28.062Z] [32minfo[39m: User 68ee31b0783f85be19641143 placed a bet of 1000 on Meat for round #68ef62714ff82b0db22deb14
[2025-10-15T09:00:28.676Z] [32minfo[39m: User 68ee31b0783f85be19641143 placed a bet of 1000 on Ham for round #68ef62714ff82b0db22deb14
[2025-10-15T09:00:29.548Z] [32minfo[39m: User 68ee31b0783f85be19641143 placed a bet of 1000 on Skewer for round #68ef62714ff82b0db22deb14
[2025-10-15T09:00:32.456Z] [32minfo[39m: User 68ee31b0783f85be19641143 placed a bet of 1000 on Carrot for round #68ef62714ff82b0db22deb14
[2025-10-15T09:00:36.585Z] [32minfo[39m: User 68ee31b0783f85be19641143 placed a bet of 1000 on Carrot for round #68ef62714ff82b0db22deb14
[2025-10-15T09:00:37.436Z] [32minfo[39m: User 68ee31b0783f85be19641143 placed a bet of 1000 on Carrot for round #68ef62714ff82b0db22deb14
[2025-10-15T09:00:43.510Z] [32minfo[39m: User 68ee31b0783f85be19641143 placed a bet of 1000 on Carrot for round #68ef62714ff82b0db22deb14
[2025-10-15T09:03:41.000Z] [32minfo[39m: User 68ee31b0783f85be19641143 placed a bet of 2000 on Tomato for round #68ef636ac07e99d3cf469f85
[2025-10-15T09:03:41.900Z] [32minfo[39m: User 68ee31b0783f85be19641143 placed a bet of 2000 on Tomato for round #68ef636ac07e99d3cf469f85
[2025-10-15T09:03:42.882Z] [32minfo[39m: User 68ee31b0783f85be19641143 placed a bet of 2000 on Meat for round #68ef636ac07e99d3cf469f85
[2025-10-15T09:03:44.328Z] [32minfo[39m: User 68ee31b0783f85be19641143 placed a bet of 2000 on Ham for round #68ef636ac07e99d3cf469f85
[2025-10-15T09:03:45.733Z] [32minfo[39m: User 68ee31b0783f85be19641143 placed a bet of 2000 on Skewer for round #68ef636ac07e99d3cf469f85
[2025-10-15T09:03:47.499Z] [32minfo[39m: User 68ee31b0783f85be19641143 placed a bet of 2000 on Carrot for round #68ef636ac07e99d3cf469f85
[2025-10-15T09:03:48.542Z] [32minfo[39m: User 68ee31b0783f85be19641143 placed a bet of 2000 on Lettuce for round #68ef636ac07e99d3cf469f85
[2025-10-15T09:03:49.344Z] [32minfo[39m: User 68ee31b0783f85be19641143 placed a bet of 2000 on Sausage for round #68ef636ac07e99d3cf469f85
[2025-10-15T09:03:50.424Z] [32minfo[39m: User 68ee31b0783f85be19641143 placed a bet of 2000 on Corn for round #68ef636ac07e99d3cf469f85
[2025-10-15T09:03:50.966Z] [32minfo[39m: User 68ee31b0783f85be19641143 placed a bet of 2000 on Corn for round #68ef636ac07e99d3cf469f85
[2025-10-15T09:03:52.275Z] [32minfo[39m: User 68ee31b0783f85be19641143 placed a bet of 2000 on Corn for round #68ef636ac07e99d3cf469f85
[2025-10-15T09:03:54.052Z] [32minfo[39m: User 68ee31b0783f85be19641143 placed a bet of 2000 on Tomato for round #68ef636ac07e99d3cf469f85
[2025-10-15T09:03:54.512Z] [32minfo[39m: User 68ee31b0783f85be19641143 placed a bet of 2000 on Tomato for round #68ef636ac07e99d3cf469f85
[2025-10-15T09:03:54.698Z] [32minfo[39m: User 68ee31b0783f85be19641143 placed a bet of 2000 on Tomato for round #68ef636ac07e99d3cf469f85
[2025-10-15T09:03:55.242Z] [32minfo[39m: User 68ee31b0783f85be19641143 placed a bet of 2000 on Meat for round #68ef636ac07e99d3cf469f85
[2025-10-15T09:03:55.571Z] [32minfo[39m: User 68ee31b0783f85be19641143 placed a bet of 2000 on Meat for round #68ef636ac07e99d3cf469f85
[2025-10-15T09:03:55.809Z] [32minfo[39m: User 68ee31b0783f85be19641143 placed a bet of 2000 on Meat for round #68ef636ac07e99d3cf469f85
[2025-10-15T09:03:56.922Z] [32minfo[39m: User 68ee31b0783f85be19641143 placed a bet of 2000 on Ham for round #68ef636ac07e99d3cf469f85
[2025-10-15T09:03:57.586Z] [32minfo[39m: User 68ee31b0783f85be19641143 placed a bet of 2000 on Skewer for round #68ef636ac07e99d3cf469f85
[2025-10-15T09:03:58.218Z] [32minfo[39m: User 68ee31b0783f85be19641143 placed a bet of 2000 on Carrot for round #68ef636ac07e99d3cf469f85
[2025-10-15T09:03:58.751Z] [32minfo[39m: User 68ee31b0783f85be19641143 placed a bet of 2000 on Lettuce for round #68ef636ac07e99d3cf469f85
[2025-10-15T09:03:59.291Z] [32minfo[39m: User 68ee31b0783f85be19641143 placed a bet of 2000 on Sausage for round #68ef636ac07e99d3cf469f85
[2025-10-15T09:04:00.153Z] [32minfo[39m: User 68ee31b0783f85be19641143 placed a bet of 2000 on Corn for round #68ef636ac07e99d3cf469f85
[2025-10-15T09:05:08.610Z] [32minfo[39m: User 68ee31b0783f85be19641143 placed a bet of 2000 on Meat for round #68ef63bce01dd1e2e7f2f3a9
[2025-10-15T09:07:53.703Z] [32minfo[39m: User 68ee31b0783f85be19641143 placed a bet of 2000 on Skewer for round #68ef6469d2fe5d884a5537be
[2025-10-15T09:07:55.481Z] [32minfo[39m: User 68ee31b0783f85be19641143 placed a bet of 2000 on Tomato for round #68ef6469d2fe5d884a5537be
[2025-10-15T09:07:56.436Z] [32minfo[39m: User 68ee31b0783f85be19641143 placed a bet of 2000 on Corn for round #68ef6469d2fe5d884a5537be
[2025-10-15T09:07:57.282Z] [32minfo[39m: User 68ee31b0783f85be19641143 placed a bet of 2000 on Corn for round #68ef6469d2fe5d884a5537be
[2025-10-15T09:07:58.808Z] [32minfo[39m: User 68ee31b0783f85be19641143 placed a bet of 2000 on Corn for round #68ef6469d2fe5d884a5537be
[2025-10-15T09:08:03.700Z] [32minfo[39m: User 68ee31b0783f85be19641143 placed a bet of 2000 on Sausage for round #68ef6469d2fe5d884a5537be
[2025-10-15T09:08:04.488Z] [32minfo[39m: User 68ee31b0783f85be19641143 placed a bet of 2000 on Sausage for round #68ef6469d2fe5d884a5537be
[2025-10-15T09:08:05.250Z] [32minfo[39m: User 68ee31b0783f85be19641143 placed a bet of 2000 on Sausage for round #68ef6469d2fe5d884a5537be
[2025-10-15T09:09:25.321Z] [32minfo[39m: User 68ee31b0783f85be19641143 placed a bet of 500 on Meat for round #68ef64bcd16da6fd52e14f52
[2025-10-15T09:09:26.135Z] [32minfo[39m: User 68ee31b0783f85be19641143 placed a bet of 500 on Tomato for round #68ef64bcd16da6fd52e14f52
[2025-10-15T09:09:27.488Z] [32minfo[39m: User 68ee31b0783f85be19641143 placed a bet of 500 on Skewer for round #68ef64bcd16da6fd52e14f52
[2025-10-15T09:09:28.278Z] [32minfo[39m: User 68ee31b0783f85be19641143 placed a bet of 500 on Skewer for round #68ef64bcd16da6fd52e14f52
[2025-10-15T09:09:33.883Z] [32minfo[39m: User 68ee31b0783f85be19641143 placed a bet of 500 on Meat for round #68ef64bcd16da6fd52e14f52
[2025-10-15T09:10:50.262Z] [32minfo[39m: User 68e211688b00d1a21b178838 placed a bet of 500 on Carrot for round #68ef6519ff599498e749627c
[2025-10-15T09:10:50.884Z] [32minfo[39m: User 68e211688b00d1a21b178838 placed a bet of 500 on Skewer for round #68ef6519ff599498e749627c
[2025-10-15T09:10:51.701Z] [32minfo[39m: User 68e211688b00d1a21b178838 placed a bet of 500 on Pizza for round #68ef6519ff599498e749627c
[2025-10-15T09:10:52.124Z] [32minfo[39m: User 68e211688b00d1a21b178838 placed a bet of 500 on Pizza for round #68ef6519ff599498e749627c
[2025-10-15T09:11:55.281Z] [32minfo[39m: User 68e211688b00d1a21b178838 placed a bet of 500 on Meat for round #68ef6556ff599498e7498e51
[2025-10-15T09:11:55.854Z] [32minfo[39m: User 68e211688b00d1a21b178838 placed a bet of 500 on Tomato for round #68ef6556ff599498e7498e51
[2025-10-15T09:11:56.396Z] [32minfo[39m: User 68e211688b00d1a21b178838 placed a bet of 500 on Tomato for round #68ef6556ff599498e7498e51
[2025-10-15T09:11:56.630Z] [32minfo[39m: User 68e211688b00d1a21b178838 placed a bet of 500 on Tomato for round #68ef6556ff599498e7498e51
[2025-10-15T09:12:00.750Z] [32minfo[39m: User 68e211688b00d1a21b178838 placed a bet of 500 on Corn for round #68ef6556ff599498e7498e51
[2025-10-15T09:12:01.551Z] [32minfo[39m: User 68e211688b00d1a21b178838 placed a bet of 500 on Skewer for round #68ef6556ff599498e7498e51
[2025-10-15T09:12:02.329Z] [32minfo[39m: User 68e211688b00d1a21b178838 placed a bet of 500 on Tomato for round #68ef6556ff599498e7498e51
[2025-10-15T09:12:02.639Z] [32minfo[39m: User 68e211688b00d1a21b178838 placed a bet of 500 on Tomato for round #68ef6556ff599498e7498e51
[2025-10-15T09:12:03.238Z] [32minfo[39m: User 68e211688b00d1a21b178838 placed a bet of 500 on Meat for round #68ef6556ff599498e7498e51
[2025-10-15T09:12:03.609Z] [32minfo[39m: User 68e211688b00d1a21b178838 placed a bet of 500 on Carrot for round #68ef6556ff599498e7498e51
[2025-10-15T09:16:32.170Z] [32minfo[39m: User 68ee31b0783f85be19641143 placed a bet of 2000 on Skewer for round #68ef666e52f3b5fefdece39e
[2025-10-15T09:16:32.172Z] [33mwarn[39m: Warning: Insufficient balance, current balance: undefined, bet amount: 2000
[2025-10-15T09:16:32.255Z] [32minfo[39m: User 68e211688b00d1a21b178838 placed a bet of 500 on Meat for round #68ef666e52f3b5fefdece39e
[2025-10-15T09:16:33.225Z] [32minfo[39m: User 68ee31b0783f85be19641143 placed a bet of 2000 on Ham for round #68ef666e52f3b5fefdece39e
[2025-10-15T09:16:33.226Z] [33mwarn[39m: Warning: Insufficient balance, current balance: undefined, bet amount: 2000
[2025-10-15T09:16:34.316Z] [32minfo[39m: User 68ee31b0783f85be19641143 placed a bet of 2000 on Meat for round #68ef666e52f3b5fefdece39e
[2025-10-15T09:16:34.317Z] [33mwarn[39m: Warning: Insufficient balance, current balance: undefined, bet amount: 2000
[2025-10-15T09:16:35.216Z] [32minfo[39m: User 68ee31b0783f85be19641143 placed a bet of 2000 on Meat for round #68ef666e52f3b5fefdece39e
[2025-10-15T09:16:35.217Z] [33mwarn[39m: Warning: Insufficient balance, current balance: undefined, bet amount: 2000
[2025-10-15T09:16:35.986Z] [32minfo[39m: User 68ee31b0783f85be19641143 placed a bet of 2000 on Meat for round #68ef666e52f3b5fefdece39e
[2025-10-15T09:16:35.987Z] [33mwarn[39m: Warning: Insufficient balance, current balance: undefined, bet amount: 2000
[2025-10-15T09:17:43.410Z] [32minfo[39m: User 68e211688b00d1a21b178838 placed a bet of 500 on Meat for round #68ef66ab52f3b5fefded0fe8
[2025-10-15T09:18:11.449Z] [32minfo[39m: User 68ee31b0783f85be19641143 placed a bet of 2000 on Corn for round #68ef66c952f3b5fefded261b
[2025-10-15T09:18:11.450Z] [33mwarn[39m: Warning: Insufficient balance, current balance: undefined, bet amount: 2000
[2025-10-15T09:18:12.557Z] [32minfo[39m: User 68ee31b0783f85be19641143 placed a bet of 2000 on Corn for round #68ef66c952f3b5fefded261b
[2025-10-15T09:18:12.558Z] [33mwarn[39m: Warning: Insufficient balance, current balance: undefined, bet amount: 2000
[2025-10-15T09:18:14.903Z] [32minfo[39m: User 68e211688b00d1a21b178838 placed a bet of 500 on Meat for round #68ef66c952f3b5fefded261b
[2025-10-15T09:19:17.619Z] [32minfo[39m: User 68e211688b00d1a21b178838 placed a bet of 500 on Meat for round #68ef670652f3b5fefded5980
[2025-10-15T09:19:43.772Z] [32minfo[39m: User 68e211688b00d1a21b178838 placed a bet of 500 on Meat for round #68ef672e0e08af4a812f3545
[2025-10-15T09:20:15.061Z] [32minfo[39m: User 68e211688b00d1a21b178838 placed a bet of 500 on Meat for round #68ef674c0e08af4a812f4c28
[2025-10-15T09:20:44.702Z] [32minfo[39m: User 68ee31b0783f85be19641143 placed a bet of 2000 on Lettuce for round #68ef676b0e08af4a812f62a3
[2025-10-15T09:20:44.703Z] [33mwarn[39m: Warning: Insufficient balance, current balance: undefined, bet amount: 2000
[2025-10-15T09:20:51.003Z] [32minfo[39m: User 68e211688b00d1a21b178838 placed a bet of 500 on Meat for round #68ef676b0e08af4a812f62a3
[2025-10-15T09:21:15.467Z] [32minfo[39m: User 68e211688b00d1a21b178838 placed a bet of 500 on Meat for round #68ef67890e08af4a812f78e1
[2025-10-15T09:21:50.062Z] [32minfo[39m: User 68ee31b0783f85be19641143 placed a bet of 2000 on Ham for round #68ef67a70e08af4a812f8f2c
[2025-10-15T09:21:50.062Z] [33mwarn[39m: Warning: Insufficient balance, current balance: undefined, bet amount: 2000
[2025-10-15T09:21:50.610Z] [32minfo[39m: User 68ee31b0783f85be19641143 placed a bet of 2000 on Ham for round #68ef67a70e08af4a812f8f2c
[2025-10-15T09:21:50.612Z] [33mwarn[39m: Warning: Insufficient balance, current balance: undefined, bet amount: 2000
[2025-10-15T09:21:51.233Z] [32minfo[39m: User 68ee31b0783f85be19641143 placed a bet of 2000 on Ham for round #68ef67a70e08af4a812f8f2c
[2025-10-15T09:21:51.234Z] [33mwarn[39m: Warning: Insufficient balance, current balance: undefined, bet amount: 2000
[2025-10-15T09:21:53.274Z] [32minfo[39m: User 68ee31b0783f85be19641143 placed a bet of 2000 on Skewer for round #68ef67a70e08af4a812f8f2c
[2025-10-15T09:21:53.275Z] [33mwarn[39m: Warning: Insufficient balance, current balance: undefined, bet amount: 2000
[2025-10-15T09:21:53.325Z] [32minfo[39m: User 68e211688b00d1a21b178838 placed a bet of 500 on Tomato for round #68ef67a70e08af4a812f8f2c
[2025-10-15T09:21:54.932Z] [32minfo[39m: User 68ee31b0783f85be19641143 placed a bet of 2000 on Meat for round #68ef67a70e08af4a812f8f2c
[2025-10-15T09:21:54.932Z] [33mwarn[39m: Warning: Insufficient balance, current balance: undefined, bet amount: 2000
[2025-10-15T09:23:07.486Z] [32minfo[39m: User 68e211688b00d1a21b178838 placed a bet of 500 on Meat for round #68ef67dcc1b1aca0f2edb0bf
[2025-10-15T09:23:08.015Z] [32minfo[39m: User 68e211688b00d1a21b178838 placed a bet of 500 on Tomato for round #68ef67dcc1b1aca0f2edb0bf
[2025-10-15T09:23:08.430Z] [32minfo[39m: User 68e211688b00d1a21b178838 placed a bet of 500 on Corn for round #68ef67dcc1b1aca0f2edb0bf
[2025-10-15T09:23:08.756Z] [32minfo[39m: User 68e211688b00d1a21b178838 placed a bet of 500 on Corn for round #68ef67dcc1b1aca0f2edb0bf
[2025-10-15T09:23:17.500Z] [32minfo[39m: User 68e211688b00d1a21b178838 placed a bet of 500 on Tomato for round #68ef67dcc1b1aca0f2edb0bf
[2025-10-15T09:23:17.961Z] [32minfo[39m: User 68e211688b00d1a21b178838 placed a bet of 500 on Corn for round #68ef67dcc1b1aca0f2edb0bf
[2025-10-15T09:23:18.512Z] [32minfo[39m: User 68e211688b00d1a21b178838 placed a bet of 500 on Sausage for round #68ef67dcc1b1aca0f2edb0bf
[2025-10-15T09:23:20.971Z] [32minfo[39m: User 68ee31b0783f85be19641143 placed a bet of 2000 on Lettuce for round #68ef67dcc1b1aca0f2edb0bf
[2025-10-15T09:23:20.972Z] [33mwarn[39m: Warning: Insufficient balance, current balance: undefined, bet amount: 2000
[2025-10-15T09:28:41.474Z] [32minfo[39m: User 68ef686c1fac360805eaa43d placed a bet of 1000 on Tomato for round #68ef69471fac360805eb401e
[2025-10-15T09:28:42.981Z] [32minfo[39m: User 68ef686c1fac360805eaa43d placed a bet of 1000 on Meat for round #68ef69471fac360805eb401e
[2025-10-15T09:28:44.342Z] [32minfo[39m: User 68ef686c1fac360805eaa43d placed a bet of 1000 on Ham for round #68ef69471fac360805eb401e
[2025-10-15T09:28:46.728Z] [32minfo[39m: User 68ef686c1fac360805eaa43d placed a bet of 1000 on Skewer for round #68ef69471fac360805eb401e
[2025-10-15T09:28:47.861Z] [32minfo[39m: User 68ef686c1fac360805eaa43d placed a bet of 1000 on Carrot for round #68ef69471fac360805eb401e
[2025-10-15T09:28:49.105Z] [32minfo[39m: User 68ef686c1fac360805eaa43d placed a bet of 1000 on Lettuce for round #68ef69471fac360805eb401e
[2025-10-15T09:28:49.588Z] [32minfo[39m: User 68ef686c1fac360805eaa43d placed a bet of 1000 on Sausage for round #68ef69471fac360805eb401e
[2025-10-15T09:28:50.125Z] [32minfo[39m: User 68ef686c1fac360805eaa43d placed a bet of 1000 on Corn for round #68ef69471fac360805eb401e
[2025-10-15T09:28:51.832Z] [32minfo[39m: User 68ef686c1fac360805eaa43d placed a bet of 1000 on Sausage for round #68ef69471fac360805eb401e
[2025-10-15T09:29:16.996Z] [32minfo[39m: User 68ef686c1fac360805eaa43d placed a bet of 2000 on Corn for round #68ef69651fac360805eb5710
[2025-10-15T09:29:17.638Z] [32minfo[39m: User 68ef686c1fac360805eaa43d placed a bet of 2000 on Sausage for round #68ef69651fac360805eb5710
[2025-10-15T09:29:18.395Z] [32minfo[39m: User 68ef686c1fac360805eaa43d placed a bet of 2000 on Lettuce for round #68ef69651fac360805eb5710
[2025-10-15T09:29:19.068Z] [32minfo[39m: User 68ef686c1fac360805eaa43d placed a bet of 2000 on Carrot for round #68ef69651fac360805eb5710
[2025-10-15T09:29:19.820Z] [32minfo[39m: User 68ef686c1fac360805eaa43d placed a bet of 2000 on Skewer for round #68ef69651fac360805eb5710
[2025-10-15T09:29:20.399Z] [32minfo[39m: User 68ef686c1fac360805eaa43d placed a bet of 2000 on Ham for round #68ef69651fac360805eb5710
[2025-10-15T09:29:20.918Z] [32minfo[39m: User 68ef686c1fac360805eaa43d placed a bet of 2000 on Meat for round #68ef69651fac360805eb5710
[2025-10-15T09:29:21.517Z] [32minfo[39m: User 68ef686c1fac360805eaa43d placed a bet of 2000 on Tomato for round #68ef69651fac360805eb5710
[2025-10-15T09:54:23.399Z] [32minfo[39m: User 68ef686c1fac360805eaa43d placed a bet of 2000 on Tomato for round #68ef6f4d471a07779215b7ee
[2025-10-15T09:54:24.337Z] [32minfo[39m: User 68ef686c1fac360805eaa43d placed a bet of 2000 on Corn for round #68ef6f4d471a07779215b7ee
[2025-10-15T09:54:25.197Z] [32minfo[39m: User 68ef686c1fac360805eaa43d placed a bet of 2000 on Sausage for round #68ef6f4d471a07779215b7ee
[2025-10-15T09:54:26.450Z] [32minfo[39m: User 68ef686c1fac360805eaa43d placed a bet of 2000 on Lettuce for round #68ef6f4d471a07779215b7ee
[2025-10-15T09:54:26.918Z] [32minfo[39m: User 68ef686c1fac360805eaa43d placed a bet of 2000 on Carrot for round #68ef6f4d471a07779215b7ee
[2025-10-15T09:54:27.471Z] [32minfo[39m: User 68ef686c1fac360805eaa43d placed a bet of 2000 on Skewer for round #68ef6f4d471a07779215b7ee
[2025-10-15T09:54:28.090Z] [32minfo[39m: User 68ef686c1fac360805eaa43d placed a bet of 2000 on Ham for round #68ef6f4d471a07779215b7ee
[2025-10-15T09:54:28.644Z] [32minfo[39m: User 68ef686c1fac360805eaa43d placed a bet of 2000 on Meat for round #68ef6f4d471a07779215b7ee
[2025-10-15T09:56:08.733Z] [32minfo[39m: User 68ef686c1fac360805eaa43d placed a bet of 1000 on Meat for round #68ef6fb79e3c8424a0e47ddd
[2025-10-15T09:56:10.147Z] [32minfo[39m: User 68ef686c1fac360805eaa43d placed a bet of 1000 on Ham for round #68ef6fb79e3c8424a0e47ddd
[2025-10-15T09:56:12.148Z] [32minfo[39m: User 68ef686c1fac360805eaa43d placed a bet of 1000 on Tomato for round #68ef6fb79e3c8424a0e47ddd
[2025-10-15T09:56:12.760Z] [32minfo[39m: User 68ef686c1fac360805eaa43d placed a bet of 1000 on Tomato for round #68ef6fb79e3c8424a0e47ddd
[2025-10-15T09:58:19.142Z] [32minfo[39m: User 68ef686c1fac360805eaa43d placed a bet of 1000 on Sausage for round #68ef70319e3c8424a0e4df4f
[2025-10-15T09:58:20.277Z] [32minfo[39m: User 68ef686c1fac360805eaa43d placed a bet of 1000 on Lettuce for round #68ef70319e3c8424a0e4df4f
[2025-10-15T09:58:44.534Z] [32minfo[39m: User 68ef686c1fac360805eaa43d placed a bet of 1000 on Ham for round #68ef704f9e3c8424a0e4f5ea
[2025-10-15T09:59:39.928Z] [32minfo[39m: User 68ef686c1fac360805eaa43d placed a bet of 1000 on Carrot for round #68ef7089eacafe1fb639efd3
[2025-10-15T09:59:40.699Z] [32minfo[39m: User 68ef686c1fac360805eaa43d placed a bet of 1000 on Lettuce for round #68ef7089eacafe1fb639efd3
[2025-10-15T10:12:21.652Z] [32minfo[39m: User 68e211688b00d1a21b178838 placed a bet of 500 on Skewer for round #68ef7385b5a899d5af068723
[2025-10-15T10:12:22.260Z] [32minfo[39m: User 68e211688b00d1a21b178838 placed a bet of 500 on Carrot for round #68ef7385b5a899d5af068723
[2025-10-15T10:12:22.586Z] [32minfo[39m: User 68e211688b00d1a21b178838 placed a bet of 500 on Meat for round #68ef7385b5a899d5af068723
[2025-10-15T10:12:22.921Z] [32minfo[39m: User 68e211688b00d1a21b178838 placed a bet of 500 on Tomato for round #68ef7385b5a899d5af068723
[2025-10-15T10:12:23.257Z] [32minfo[39m: User 68e211688b00d1a21b178838 placed a bet of 500 on Corn for round #68ef7385b5a899d5af068723
[2025-10-15T10:12:23.595Z] [32minfo[39m: User 68e211688b00d1a21b178838 placed a bet of 500 on Ham for round #68ef7385b5a899d5af068723
[2025-10-15T10:12:23.995Z] [32minfo[39m: User 68e211688b00d1a21b178838 placed a bet of 500 on Pizza for round #68ef7385b5a899d5af068723
[2025-10-15T10:12:24.289Z] [32minfo[39m: User 68e211688b00d1a21b178838 placed a bet of 500 on Sausage for round #68ef7385b5a899d5af068723
[2025-10-15T10:12:24.874Z] [32minfo[39m: User 68e211688b00d1a21b178838 placed a bet of 500 on Lettuce for round #68ef7385b5a899d5af068723
[2025-10-15T10:12:25.194Z] [32minfo[39m: User 68e211688b00d1a21b178838 placed a bet of 500 on Salad for round #68ef7385b5a899d5af068723
[2025-10-15T10:12:25.761Z] [32minfo[39m: User 68e211688b00d1a21b178838 placed a bet of 500 on Skewer for round #68ef7385b5a899d5af068723
[2025-10-15T10:12:26.410Z] [32minfo[39m: User 68e211688b00d1a21b178838 placed a bet of 500 on Carrot for round #68ef7385b5a899d5af068723
[2025-10-15T10:12:26.712Z] [32minfo[39m: User 68e211688b00d1a21b178838 placed a bet of 500 on Meat for round #68ef7385b5a899d5af068723
[2025-10-15T10:12:27.065Z] [32minfo[39m: User 68e211688b00d1a21b178838 placed a bet of 500 on Tomato for round #68ef7385b5a899d5af068723
[2025-10-15T10:12:27.602Z] [32minfo[39m: User 68e211688b00d1a21b178838 placed a bet of 500 on Corn for round #68ef7385b5a899d5af068723
[2025-10-15T10:12:28.003Z] [32minfo[39m: User 68e211688b00d1a21b178838 placed a bet of 500 on Sausage for round #68ef7385b5a899d5af068723
[2025-10-15T10:12:28.387Z] [32minfo[39m: User 68e211688b00d1a21b178838 placed a bet of 500 on Lettuce for round #68ef7385b5a899d5af068723
[2025-10-15T10:12:29.009Z] [32minfo[39m: User 68e211688b00d1a21b178838 placed a bet of 500 on Carrot for round #68ef7385b5a899d5af068723
[2025-10-15T10:12:29.345Z] [32minfo[39m: User 68e211688b00d1a21b178838 placed a bet of 500 on Skewer for round #68ef7385b5a899d5af068723
[2025-10-15T10:12:29.727Z] [32minfo[39m: User 68e211688b00d1a21b178838 placed a bet of 500 on Ham for round #68ef7385b5a899d5af068723
[2025-10-15T10:12:30.098Z] [32minfo[39m: User 68e211688b00d1a21b178838 placed a bet of 500 on Pizza for round #68ef7385b5a899d5af068723
[2025-10-15T10:12:30.448Z] [32minfo[39m: User 68e211688b00d1a21b178838 placed a bet of 500 on Salad for round #68ef7385b5a899d5af068723
[2025-10-15T10:12:34.159Z] [32minfo[39m: User 68ef686c1fac360805eaa43d placed a bet of 2000 on Sausage for round #68ef7385b5a899d5af068723
[2025-10-15T10:12:35.635Z] [32minfo[39m: User 68ef686c1fac360805eaa43d placed a bet of 2000 on Corn for round #68ef7385b5a899d5af068723
[2025-10-15T10:15:24.209Z] [32minfo[39m: User 68e211688b00d1a21b178838 placed a bet of 500 on Meat for round #68ef743bb5a899d5af0711ce
[2025-10-15T10:15:25.362Z] [32minfo[39m: User 68e211688b00d1a21b178838 placed a bet of 500 on Tomato for round #68ef743bb5a899d5af0711ce
[2025-10-15T10:15:27.529Z] [32minfo[39m: User 68e211688b00d1a21b178838 placed a bet of 500 on Carrot for round #68ef743bb5a899d5af0711ce
[2025-10-15T10:15:28.024Z] [32minfo[39m: User 68e211688b00d1a21b178838 placed a bet of 500 on Skewer for round #68ef743bb5a899d5af0711ce
[2025-10-15T10:15:30.435Z] [32minfo[39m: User 68e211688b00d1a21b178838 placed a bet of 500 on Corn for round #68ef743bb5a899d5af0711ce
[2025-10-15T10:18:04.805Z] [32minfo[39m: User 68e211688b00d1a21b178838 placed a bet of 500 on Meat for round #68ef74da719028780d650ce7
[2025-10-15T10:18:05.402Z] [32minfo[39m: User 68e211688b00d1a21b178838 placed a bet of 500 on Tomato for round #68ef74da719028780d650ce7
[2025-10-15T10:18:05.947Z] [32minfo[39m: User 68e211688b00d1a21b178838 placed a bet of 500 on Corn for round #68ef74da719028780d650ce7
[2025-10-15T10:18:06.552Z] [32minfo[39m: User 68e211688b00d1a21b178838 placed a bet of 500 on Sausage for round #68ef74da719028780d650ce7
[2025-10-15T10:18:07.305Z] [32minfo[39m: User 68e211688b00d1a21b178838 placed a bet of 500 on Carrot for round #68ef74da719028780d650ce7
[2025-10-15T10:18:07.697Z] [32minfo[39m: User 68e211688b00d1a21b178838 placed a bet of 500 on Skewer for round #68ef74da719028780d650ce7
[2025-10-15T10:18:08.186Z] [32minfo[39m: User 68e211688b00d1a21b178838 placed a bet of 500 on Ham for round #68ef74da719028780d650ce7
[2025-10-15T10:18:10.122Z] [32minfo[39m: User 68e211688b00d1a21b178838 placed a bet of 500 on Lettuce for round #68ef74da719028780d650ce7
[2025-10-15T11:03:02.100Z] [32minfo[39m: User 68e211688b00d1a21b178838 placed a bet of 500 on Meat for round #68ef7f5ec23e4eb4126d2eff
[2025-10-15T11:03:05.343Z] [32minfo[39m: User 68e211688b00d1a21b178838 placed a bet of 500 on Tomato for round #68ef7f5ec23e4eb4126d2eff
[2025-10-15T11:06:35.869Z] [32minfo[39m: User 68e211688b00d1a21b178838 placed a bet of 500 on Meat for round #68ef803a57aa38c58956c8e8
[2025-10-15T11:06:36.258Z] [32minfo[39m: User 68e211688b00d1a21b178838 placed a bet of 500 on Tomato for round #68ef803a57aa38c58956c8e8
[2025-10-15T11:06:36.734Z] [32minfo[39m: User 68e211688b00d1a21b178838 placed a bet of 500 on Corn for round #68ef803a57aa38c58956c8e8
[2025-10-15T11:06:37.265Z] [32minfo[39m: User 68e211688b00d1a21b178838 placed a bet of 500 on Sausage for round #68ef803a57aa38c58956c8e8
[2025-10-15T11:06:37.722Z] [32minfo[39m: User 68e211688b00d1a21b178838 placed a bet of 500 on Lettuce for round #68ef803a57aa38c58956c8e8
[2025-10-15T11:06:38.244Z] [32minfo[39m: User 68e211688b00d1a21b178838 placed a bet of 500 on Carrot for round #68ef803a57aa38c58956c8e8
[2025-10-15T11:06:38.608Z] [32minfo[39m: User 68e211688b00d1a21b178838 placed a bet of 500 on Skewer for round #68ef803a57aa38c58956c8e8
[2025-10-15T11:06:39.060Z] [32minfo[39m: User 68e211688b00d1a21b178838 placed a bet of 500 on Ham for round #68ef803a57aa38c58956c8e8
[2025-10-15T11:06:39.545Z] [32minfo[39m: User 68e211688b00d1a21b178838 placed a bet of 500 on Pizza for round #68ef803a57aa38c58956c8e8
[2025-10-15T11:06:40.018Z] [32minfo[39m: User 68e211688b00d1a21b178838 placed a bet of 500 on Salad for round #68ef803a57aa38c58956c8e8
[2025-10-15T11:14:28.512Z] [32minfo[39m: User 68ef686c1fac360805eaa43d placed a bet of 2000 on Sausage for round #68ef81fa79c7c340afe753a7
[2025-10-15T11:20:22.238Z] [32minfo[39m: User 68ef686c1fac360805eaa43d placed a bet of 2000 on Meat for round #68ef8375f106c636c843d83a
[2025-10-15T11:20:22.944Z] [32minfo[39m: User 68e211688b00d1a21b178838 placed a bet of 500 on Meat for round #68ef8375f106c636c843d83a
[2025-10-15T11:20:23.076Z] [32minfo[39m: User 68ef686c1fac360805eaa43d placed a bet of 2000 on Tomato for round #68ef8375f106c636c843d83a
[2025-10-15T11:20:23.367Z] [32minfo[39m: User 68e211688b00d1a21b178838 placed a bet of 500 on Tomato for round #68ef8375f106c636c843d83a
[2025-10-15T11:20:23.831Z] [32minfo[39m: User 68e211688b00d1a21b178838 placed a bet of 500 on Corn for round #68ef8375f106c636c843d83a
[2025-10-15T11:20:24.150Z] [32minfo[39m: User 68e211688b00d1a21b178838 placed a bet of 500 on Sausage for round #68ef8375f106c636c843d83a
[2025-10-15T11:20:24.489Z] [32minfo[39m: User 68ef686c1fac360805eaa43d placed a bet of 2000 on Corn for round #68ef8375f106c636c843d83a
[2025-10-15T11:20:24.505Z] [32minfo[39m: User 68e211688b00d1a21b178838 placed a bet of 500 on Lettuce for round #68ef8375f106c636c843d83a
[2025-10-15T11:20:25.183Z] [32minfo[39m: User 68e211688b00d1a21b178838 placed a bet of 500 on Carrot for round #68ef8375f106c636c843d83a
[2025-10-15T11:20:25.308Z] [32minfo[39m: User 68ef686c1fac360805eaa43d placed a bet of 2000 on Sausage for round #68ef8375f106c636c843d83a
[2025-10-15T11:20:25.511Z] [32minfo[39m: User 68e211688b00d1a21b178838 placed a bet of 500 on Skewer for round #68ef8375f106c636c843d83a
[2025-10-15T11:20:25.871Z] [32minfo[39m: User 68e211688b00d1a21b178838 placed a bet of 500 on Ham for round #68ef8375f106c636c843d83a
[2025-10-15T11:20:26.265Z] [32minfo[39m: User 68e211688b00d1a21b178838 placed a bet of 500 on Pizza for round #68ef8375f106c636c843d83a
[2025-10-15T11:20:26.397Z] [32minfo[39m: User 68ef686c1fac360805eaa43d placed a bet of 2000 on Lettuce for round #68ef8375f106c636c843d83a
[2025-10-15T11:20:26.647Z] [32minfo[39m: User 68e211688b00d1a21b178838 placed a bet of 500 on Salad for round #68ef8375f106c636c843d83a
[2025-10-15T11:20:26.787Z] [32minfo[39m: User 68ef686c1fac360805eaa43d placed a bet of 2000 on Carrot for round #68ef8375f106c636c843d83a
[2025-10-15T11:20:27.386Z] [32minfo[39m: User 68ef686c1fac360805eaa43d placed a bet of 2000 on Skewer for round #68ef8375f106c636c843d83a
[2025-10-15T11:20:27.399Z] [32minfo[39m: User 68e211688b00d1a21b178838 placed a bet of 500 on Meat for round #68ef8375f106c636c843d83a
[2025-10-15T11:20:27.701Z] [32minfo[39m: User 68e211688b00d1a21b178838 placed a bet of 500 on Tomato for round #68ef8375f106c636c843d83a
[2025-10-15T11:20:27.829Z] [32minfo[39m: User 68ef686c1fac360805eaa43d placed a bet of 2000 on Ham for round #68ef8375f106c636c843d83a
[2025-10-15T11:20:27.978Z] [32minfo[39m: User 68e211688b00d1a21b178838 placed a bet of 500 on Corn for round #68ef8375f106c636c843d83a
[2025-10-15T11:20:28.502Z] [32minfo[39m: User 68ef686c1fac360805eaa43d placed a bet of 2000 on Meat for round #68ef8375f106c636c843d83a
[2025-10-15T11:20:29.092Z] [32minfo[39m: User 68ef686c1fac360805eaa43d placed a bet of 2000 on Tomato for round #68ef8375f106c636c843d83a
[2025-10-15T11:20:29.186Z] [32minfo[39m: User 68e211688b00d1a21b178838 placed a bet of 500 on Lettuce for round #68ef8375f106c636c843d83a
[2025-10-15T11:20:29.466Z] [32minfo[39m: User 68ef686c1fac360805eaa43d placed a bet of 2000 on Corn for round #68ef8375f106c636c843d83a
[2025-10-15T11:20:29.794Z] [32minfo[39m: User 68e211688b00d1a21b178838 placed a bet of 500 on Carrot for round #68ef8375f106c636c843d83a
[2025-10-15T11:20:29.801Z] [32minfo[39m: User 68ef686c1fac360805eaa43d placed a bet of 2000 on Sausage for round #68ef8375f106c636c843d83a
[2025-10-15T11:20:30.119Z] [32minfo[39m: User 68e211688b00d1a21b178838 placed a bet of 500 on Skewer for round #68ef8375f106c636c843d83a
[2025-10-15T11:20:30.160Z] [32minfo[39m: User 68ef686c1fac360805eaa43d placed a bet of 2000 on Lettuce for round #68ef8375f106c636c843d83a
[2025-10-15T11:20:30.461Z] [32minfo[39m: User 68e211688b00d1a21b178838 placed a bet of 500 on Ham for round #68ef8375f106c636c843d83a
[2025-10-15T11:20:30.487Z] [32minfo[39m: User 68ef686c1fac360805eaa43d placed a bet of 2000 on Carrot for round #68ef8375f106c636c843d83a
[2025-10-15T11:20:30.884Z] [32minfo[39m: User 68ef686c1fac360805eaa43d placed a bet of 2000 on Skewer for round #68ef8375f106c636c843d83a
[2025-10-15T11:20:30.900Z] [32minfo[39m: User 68e211688b00d1a21b178838 placed a bet of 500 on Pizza for round #68ef8375f106c636c843d83a
[2025-10-15T11:20:31.372Z] [32minfo[39m: User 68e211688b00d1a21b178838 placed a bet of 500 on Salad for round #68ef8375f106c636c843d83a
[2025-10-15T11:20:33.072Z] [32minfo[39m: User 68ef686c1fac360805eaa43d placed a bet of 2000 on Ham for round #68ef8375f106c636c843d83a
[2025-10-15T11:24:43.841Z] [32minfo[39m: User 68e211688b00d1a21b178838 placed a bet of 500 on Meat for round #68ef847afbfaec21d4e47761
[2025-10-15T11:24:44.684Z] [32minfo[39m: User 68e211688b00d1a21b178838 placed a bet of 500 on Tomato for round #68ef847afbfaec21d4e47761
[2025-10-15T11:24:45.174Z] [32minfo[39m: User 68e211688b00d1a21b178838 placed a bet of 500 on Corn for round #68ef847afbfaec21d4e47761
[2025-10-15T11:24:45.573Z] [32minfo[39m: User 68e211688b00d1a21b178838 placed a bet of 500 on Sausage for round #68ef847afbfaec21d4e47761
[2025-10-15T11:24:45.981Z] [32minfo[39m: User 68e211688b00d1a21b178838 placed a bet of 500 on Lettuce for round #68ef847afbfaec21d4e47761
[2025-10-15T11:24:46.632Z] [32minfo[39m: User 68e211688b00d1a21b178838 placed a bet of 500 on Carrot for round #68ef847afbfaec21d4e47761
[2025-10-15T11:24:46.969Z] [32minfo[39m: User 68e211688b00d1a21b178838 placed a bet of 500 on Skewer for round #68ef847afbfaec21d4e47761
[2025-10-15T11:24:47.414Z] [32minfo[39m: User 68e211688b00d1a21b178838 placed a bet of 500 on Ham for round #68ef847afbfaec21d4e47761
[2025-10-15T11:24:47.558Z] [32minfo[39m: User 68ef686c1fac360805eaa43d placed a bet of 2000 on Corn for round #68ef847afbfaec21d4e47761
[2025-10-15T11:24:47.913Z] [32minfo[39m: User 68e211688b00d1a21b178838 placed a bet of 500 on Pizza for round #68ef847afbfaec21d4e47761
[2025-10-15T11:24:48.475Z] [32minfo[39m: User 68ef686c1fac360805eaa43d placed a bet of 2000 on Tomato for round #68ef847afbfaec21d4e47761
[2025-10-15T11:24:49.030Z] [32minfo[39m: User 68e211688b00d1a21b178838 placed a bet of 500 on Salad for round #68ef847afbfaec21d4e47761
[2025-10-15T11:24:49.055Z] [32minfo[39m: User 68ef686c1fac360805eaa43d placed a bet of 2000 on Meat for round #68ef847afbfaec21d4e47761
[2025-10-15T11:24:49.445Z] [32minfo[39m: User 68ef686c1fac360805eaa43d placed a bet of 2000 on Ham for round #68ef847afbfaec21d4e47761
[2025-10-15T11:24:49.872Z] [32minfo[39m: User 68ef686c1fac360805eaa43d placed a bet of 2000 on Skewer for round #68ef847afbfaec21d4e47761
[2025-10-15T11:24:50.307Z] [32minfo[39m: User 68ef686c1fac360805eaa43d placed a bet of 2000 on Carrot for round #68ef847afbfaec21d4e47761
[2025-10-15T11:24:50.686Z] [32minfo[39m: User 68ef686c1fac360805eaa43d placed a bet of 2000 on Lettuce for round #68ef847afbfaec21d4e47761
[2025-10-15T11:24:51.007Z] [32minfo[39m: User 68ef686c1fac360805eaa43d placed a bet of 2000 on Sausage for round #68ef847afbfaec21d4e47761
[2025-10-15T11:24:51.326Z] [32minfo[39m: User 68ef686c1fac360805eaa43d placed a bet of 2000 on Corn for round #68ef847afbfaec21d4e47761
[2025-10-15T11:24:51.765Z] [32minfo[39m: User 68ef686c1fac360805eaa43d placed a bet of 2000 on Tomato for round #68ef847afbfaec21d4e47761
[2025-10-15T11:24:52.108Z] [32minfo[39m: User 68ef686c1fac360805eaa43d placed a bet of 2000 on Meat for round #68ef847afbfaec21d4e47761
[2025-10-15T11:24:52.518Z] [32minfo[39m: User 68ef686c1fac360805eaa43d placed a bet of 2000 on Ham for round #68ef847afbfaec21d4e47761
[2025-10-15T11:24:52.878Z] [32minfo[39m: User 68ef686c1fac360805eaa43d placed a bet of 2000 on Skewer for round #68ef847afbfaec21d4e47761
[2025-10-15T11:24:53.356Z] [32minfo[39m: User 68ef686c1fac360805eaa43d placed a bet of 2000 on Carrot for round #68ef847afbfaec21d4e47761
[2025-10-15T11:24:53.703Z] [32minfo[39m: User 68ef686c1fac360805eaa43d placed a bet of 2000 on Lettuce for round #68ef847afbfaec21d4e47761
[2025-10-15T11:24:54.155Z] [32minfo[39m: User 68ef686c1fac360805eaa43d placed a bet of 2000 on Sausage for round #68ef847afbfaec21d4e47761
[2025-10-15T11:24:54.559Z] [32minfo[39m: User 68ef686c1fac360805eaa43d placed a bet of 2000 on Corn for round #68ef847afbfaec21d4e47761
[2025-10-15T11:24:55.284Z] [32minfo[39m: User 68ef686c1fac360805eaa43d placed a bet of 2000 on Tomato for round #68ef847afbfaec21d4e47761
[2025-10-15T11:24:55.850Z] [32minfo[39m: User 68ef686c1fac360805eaa43d placed a bet of 2000 on Meat for round #68ef847afbfaec21d4e47761
[2025-10-15T11:26:54.337Z] [32minfo[39m: User 68ef686c1fac360805eaa43d placed a bet of 2000 on Sausage for round #68ef84f9fbfaec21d4e4f450
[2025-10-15T11:26:57.173Z] [32minfo[39m: User 68ef686c1fac360805eaa43d placed a bet of 1000 on Tomato for round #68ef84f9fbfaec21d4e4f450
[2025-10-15T11:26:57.687Z] [32minfo[39m: User 68ef686c1fac360805eaa43d placed a bet of 1000 on Meat for round #68ef84f9fbfaec21d4e4f450
[2025-10-15T11:26:58.280Z] [32minfo[39m: User 68ef686c1fac360805eaa43d placed a bet of 1000 on Corn for round #68ef84f9fbfaec21d4e4f450
[2025-10-15T11:26:59.091Z] [32minfo[39m: User 68ef686c1fac360805eaa43d placed a bet of 1000 on Lettuce for round #68ef84f9fbfaec21d4e4f450
[2025-10-15T11:26:59.635Z] [32minfo[39m: User 68ef686c1fac360805eaa43d placed a bet of 1000 on Carrot for round #68ef84f9fbfaec21d4e4f450
[2025-10-15T11:27:00.045Z] [32minfo[39m: User 68ef686c1fac360805eaa43d placed a bet of 1000 on Skewer for round #68ef84f9fbfaec21d4e4f450
[2025-10-15T11:27:00.444Z] [32minfo[39m: User 68ef686c1fac360805eaa43d placed a bet of 1000 on Ham for round #68ef84f9fbfaec21d4e4f450
[2025-10-15T11:27:00.920Z] [32minfo[39m: User 68ef686c1fac360805eaa43d placed a bet of 1000 on Meat for round #68ef84f9fbfaec21d4e4f450
[2025-10-15T11:27:01.739Z] [32minfo[39m: User 68ef686c1fac360805eaa43d placed a bet of 1000 on Tomato for round #68ef84f9fbfaec21d4e4f450
